Traceback (most recent call last):
  File "D:\2_Trading\Zenatus\zenatus_backtester\00_backtester\start_backtesting_scripts\full_backtest\fixed_exit\1h\QUICKTEST_1H_FIRST_RUN_595.py", line 538, in <module>
    main()
  File "D:\2_Trading\Zenatus\zenatus_backtester\00_backtester\start_backtesting_scripts\full_backtest\fixed_exit\1h\QUICKTEST_1H_FIRST_RUN_595.py", line 532, in main
    run_indicator(ind_arg, spreads, data_cache)
  File "D:\2_Trading\Zenatus\zenatus_backtester\00_backtester\start_backtesting_scripts\full_backtest\fixed_exit\1h\QUICKTEST_1H_FIRST_RUN_595.py", line 257, in run_indicator
    res = batch_backtest(df, entries, combos, spread_pips)
  File "D:\2_Trading\Zenatus\zenatus_backtester\00_backtester\start_backtesting_scripts\full_backtest\fixed_exit\1h\QUICKTEST_1H_FIRST_RUN_595.py", line 211, in batch_backtest
    m = calculate_metrics(pf_single, spread_pips, tp_pips, sl_pips)
  File "D:\2_Trading\Zenatus\zenatus_backtester\00_backtester\start_backtesting_scripts\full_backtest\fixed_exit\1h\QUICKTEST_1H_FIRST_RUN_595.py", line 125, in calculate_metrics
    pfactor = pf.trades.profit_factor()
  File "D:\2_Trading\Zenatus\Zenatus_Backtester\Zenatus_Backtest_venv\lib\site-packages\vectorbt\utils\decorators.py", line 443, in wrapper
    return cached_func(*args, **kwargs)
  File "D:\2_Trading\Zenatus\Zenatus_Backtester\Zenatus_Backtest_venv\lib\site-packages\vectorbt\utils\decorators.py", line 413, in partial_func
    return func(instance, *args, **kwargs)
  File "D:\2_Trading\Zenatus\Zenatus_Backtester\Zenatus_Backtest_venv\lib\site-packages\vectorbt\portfolio\trades.py", line 693, in profit_factor
    total_win = to_1d_array(self.winning.pnl.sum(group_by=group_by))
  File "D:\2_Trading\Zenatus\Zenatus_Backtester\Zenatus_Backtest_venv\lib\site-packages\vectorbt\utils\decorators.py", line 443, in wrapper
    return cached_func(*args, **kwargs)
  File "D:\2_Trading\Zenatus\Zenatus_Backtester\Zenatus_Backtest_venv\lib\site-packages\vectorbt\utils\decorators.py", line 413, in partial_func
    return func(instance, *args, **kwargs)
  File "D:\2_Trading\Zenatus\Zenatus_Backtester\Zenatus_Backtest_venv\lib\site-packages\vectorbt\records\mapped_array.py", line 894, in sum
    return self.reduce(
  File "D:\2_Trading\Zenatus\Zenatus_Backtester\Zenatus_Backtest_venv\lib\site-packages\vectorbt\records\mapped_array.py", line 747, in reduce
    out = nb.reduce_mapped_nb(
  File "D:\2_Trading\Zenatus\Zenatus_Backtester\Zenatus_Backtest_venv\lib\site-packages\numba\core\dispatcher.py", line 420, in _compile_for_args
    return_val = self.compile(tuple(argtypes))
  File "D:\2_Trading\Zenatus\Zenatus_Backtester\Zenatus_Backtest_venv\lib\site-packages\numba\core\dispatcher.py", line 965, in compile
    cres = self._compiler.compile(args, return_type)
  File "D:\2_Trading\Zenatus\Zenatus_Backtester\Zenatus_Backtest_venv\lib\site-packages\numba\core\dispatcher.py", line 125, in compile
    status, retval = self._compile_cached(args, return_type)
  File "D:\2_Trading\Zenatus\Zenatus_Backtester\Zenatus_Backtest_venv\lib\site-packages\numba\core\dispatcher.py", line 139, in _compile_cached
    retval = self._compile_core(args, return_type)
  File "D:\2_Trading\Zenatus\Zenatus_Backtester\Zenatus_Backtest_venv\lib\site-packages\numba\core\dispatcher.py", line 152, in _compile_core
    cres = compiler.compile_extra(self.targetdescr.typing_context,
  File "D:\2_Trading\Zenatus\Zenatus_Backtester\Zenatus_Backtest_venv\lib\site-packages\numba\core\compiler.py", line 716, in compile_extra
    return pipeline.compile_extra(func)
  File "D:\2_Trading\Zenatus\Zenatus_Backtester\Zenatus_Backtest_venv\lib\site-packages\numba\core\compiler.py", line 452, in compile_extra
    return self._compile_bytecode()
  File "D:\2_Trading\Zenatus\Zenatus_Backtester\Zenatus_Backtest_venv\lib\site-packages\numba\core\compiler.py", line 520, in _compile_bytecode
    return self._compile_core()
  File "D:\2_Trading\Zenatus\Zenatus_Backtester\Zenatus_Backtest_venv\lib\site-packages\numba\core\compiler.py", line 486, in _compile_core
    pm.run(self.state)
  File "D:\2_Trading\Zenatus\Zenatus_Backtester\Zenatus_Backtest_venv\lib\site-packages\numba\core\compiler_machinery.py", line 356, in run
    self._runPass(idx, pass_inst, state)
  File "D:\2_Trading\Zenatus\Zenatus_Backtester\Zenatus_Backtest_venv\lib\site-packages\numba\core\compiler_lock.py", line 35, in _acquire_compile_lock
    return func(*args, **kwargs)
  File "D:\2_Trading\Zenatus\Zenatus_Backtester\Zenatus_Backtest_venv\lib\site-packages\numba\core\compiler_machinery.py", line 311, in _runPass
    mutated |= check(pss.run_pass, internal_state)
  File "D:\2_Trading\Zenatus\Zenatus_Backtester\Zenatus_Backtest_venv\lib\site-packages\numba\core\compiler_machinery.py", line 273, in check
    mangled = func(compiler_state)
  File "D:\2_Trading\Zenatus\Zenatus_Backtester\Zenatus_Backtest_venv\lib\site-packages\numba\core\typed_passes.py", line 423, in run_pass
    cfunc = targetctx.get_executable(library, fndesc, env)
  File "D:\2_Trading\Zenatus\Zenatus_Backtester\Zenatus_Backtest_venv\lib\site-packages\numba\core\cpu.py", line 230, in get_executable
    baseptr = library.get_pointer_to_function(fndesc.llvm_func_name)
  File "D:\2_Trading\Zenatus\Zenatus_Backtester\Zenatus_Backtest_venv\lib\site-packages\numba\core\codegen.py", line 989, in get_pointer_to_function
    self._ensure_finalized()
  File "D:\2_Trading\Zenatus\Zenatus_Backtester\Zenatus_Backtest_venv\lib\site-packages\numba\core\codegen.py", line 567, in _ensure_finalized
    self.finalize()
  File "D:\2_Trading\Zenatus\Zenatus_Backtester\Zenatus_Backtest_venv\lib\site-packages\numba\core\codegen.py", line 762, in finalize
    self._optimize_final_module()
  File "D:\2_Trading\Zenatus\Zenatus_Backtester\Zenatus_Backtest_venv\lib\site-packages\numba\core\codegen.py", line 682, in _optimize_final_module
    self._codegen._mpm_full.run(self._final_module)
  File "D:\2_Trading\Zenatus\Zenatus_Backtester\Zenatus_Backtest_venv\lib\site-packages\llvmlite\binding\passmanagers.py", line 223, in run
    return ffi.lib.LLVMPY_RunPassManager(self, module)
  File "D:\2_Trading\Zenatus\Zenatus_Backtester\Zenatus_Backtest_venv\lib\site-packages\llvmlite\binding\ffi.py", line 151, in __call__
    return self._cfn(*args, **kwargs)
KeyboardInterrupt
