Traceback (most recent call last):
  File "/opt/Zenatus_Backtester/00_Backtester/Start_Backtesting_Scripts/Full_Backtest/Fixed_Exit/1h/QUICKTEST_1H_FIRST_RUN_595.py", line 560, in <module>
    main()
    ~~~~^^
  File "/opt/Zenatus_Backtester/00_Backtester/Start_Backtesting_Scripts/Full_Backtest/Fixed_Exit/1h/QUICKTEST_1H_FIRST_RUN_595.py", line 554, in main
    run_indicator(ind_arg, spreads, data_cache)
    ~~~~~~~~~~~~~^^^^^^^^^^^^^^^^^^^^^^^^^^^^^^
  File "/opt/Zenatus_Backtester/00_Backtester/Start_Backtesting_Scripts/Full_Backtest/Fixed_Exit/1h/QUICKTEST_1H_FIRST_RUN_595.py", line 258, in run_indicator
    res = batch_backtest(df, entries, combos, spread_pips)
  File "/opt/Zenatus_Backtester/00_Backtester/Start_Backtesting_Scripts/Full_Backtest/Fixed_Exit/1h/QUICKTEST_1H_FIRST_RUN_595.py", line 196, in batch_backtest
    pf = vbt.Portfolio.from_signals(
        close=close_in,
    ...<8 lines>...
        freq=FREQ
    )
  File "/opt/Zenatus_Backtester/Zenatus_Backtest_venv/lib/python3.13/site-packages/vectorbt/portfolio/base.py", line 2960, in from_signals
    order_records, log_records = nb.simulate_from_signal_func_nb(
                                 ~~~~~~~~~~~~~~~~~~~~~~~~~~~~~~~^
        target_shape_2d,
        ^^^^^^^^^^^^^^^^
    ...<46 lines>...
        flex_2d=close.ndim == 2
        ^^^^^^^^^^^^^^^^^^^^^^^
    )
    ^
  File "/opt/Zenatus_Backtester/Zenatus_Backtest_venv/lib/python3.13/site-packages/numba/core/dispatcher.py", line 376, in _compile_for_args
    return_val = self.compile(tuple(argtypes))
  File "/opt/Zenatus_Backtester/Zenatus_Backtest_venv/lib/python3.13/site-packages/numba/core/dispatcher.py", line 908, in compile
    cres = self._compiler.compile(args, return_type)
  File "/opt/Zenatus_Backtester/Zenatus_Backtest_venv/lib/python3.13/site-packages/numba/core/dispatcher.py", line 80, in compile
    status, retval = self._compile_cached(args, return_type)
                     ~~~~~~~~~~~~~~~~~~~~^^^^^^^^^^^^^^^^^^^
  File "/opt/Zenatus_Backtester/Zenatus_Backtest_venv/lib/python3.13/site-packages/numba/core/dispatcher.py", line 94, in _compile_cached
    retval = self._compile_core(args, return_type)
  File "/opt/Zenatus_Backtester/Zenatus_Backtest_venv/lib/python3.13/site-packages/numba/core/dispatcher.py", line 107, in _compile_core
    cres = compiler.compile_extra(self.targetdescr.typing_context,
                                  self.targetdescr.target_context,
    ...<2 lines>...
                                  flags=flags, locals=self.locals,
                                  pipeline_class=self.pipeline_class)
  File "/opt/Zenatus_Backtester/Zenatus_Backtest_venv/lib/python3.13/site-packages/numba/core/compiler.py", line 739, in compile_extra
    return pipeline.compile_extra(func)
           ~~~~~~~~~~~~~~~~~~~~~~^^^^^^
  File "/opt/Zenatus_Backtester/Zenatus_Backtest_venv/lib/python3.13/site-packages/numba/core/compiler.py", line 439, in compile_extra
    return self._compile_bytecode()
           ~~~~~~~~~~~~~~~~~~~~~~^^
  File "/opt/Zenatus_Backtester/Zenatus_Backtest_venv/lib/python3.13/site-packages/numba/core/compiler.py", line 505, in _compile_bytecode
    return self._compile_core()
           ~~~~~~~~~~~~~~~~~~^^
  File "/opt/Zenatus_Backtester/Zenatus_Backtest_venv/lib/python3.13/site-packages/numba/core/compiler.py", line 473, in _compile_core
    pm.run(self.state)
    ~~~~~~^^^^^^^^^^^^
  File "/opt/Zenatus_Backtester/Zenatus_Backtest_venv/lib/python3.13/site-packages/numba/core/compiler_machinery.py", line 356, in run
    self._runPass(idx, pass_inst, state)
    ~~~~~~~~~~~~~^^^^^^^^^^^^^^^^^^^^^^^
  File "/opt/Zenatus_Backtester/Zenatus_Backtest_venv/lib/python3.13/site-packages/numba/core/compiler_lock.py", line 35, in _acquire_compile_lock
    return func(*args, **kwargs)
  File "/opt/Zenatus_Backtester/Zenatus_Backtest_venv/lib/python3.13/site-packages/numba/core/compiler_machinery.py", line 311, in _runPass
    mutated |= check(pss.run_pass, internal_state)
               ~~~~~^^^^^^^^^^^^^^^^^^^^^^^^^^^^^^
  File "/opt/Zenatus_Backtester/Zenatus_Backtest_venv/lib/python3.13/site-packages/numba/core/compiler_machinery.py", line 272, in check
    mangled = func(compiler_state)
  File "/opt/Zenatus_Backtester/Zenatus_Backtest_venv/lib/python3.13/site-packages/numba/core/typed_passes.py", line 114, in run_pass
    typemap, return_type, calltypes, errs = type_inference_stage(
                                            ~~~~~~~~~~~~~~~~~~~~^
        state.typingctx,
        ^^^^^^^^^^^^^^^^
    ...<4 lines>...
        state.locals,
        ^^^^^^^^^^^^^
        raise_errors=self._raise_errors)
        ^^^^^^^^^^^^^^^^^^^^^^^^^^^^^^^^
  File "/opt/Zenatus_Backtester/Zenatus_Backtest_venv/lib/python3.13/site-packages/numba/core/typed_passes.py", line 95, in type_inference_stage
    errs = infer.propagate(raise_errors=raise_errors)
  File "/opt/Zenatus_Backtester/Zenatus_Backtest_venv/lib/python3.13/site-packages/numba/core/typeinfer.py", line 1075, in propagate
    errors = self.constraints.propagate(self)
  File "/opt/Zenatus_Backtester/Zenatus_Backtest_venv/lib/python3.13/site-packages/numba/core/typeinfer.py", line 160, in propagate
    constraint(typeinfer)
    ~~~~~~~~~~^^^^^^^^^^^
  File "/opt/Zenatus_Backtester/Zenatus_Backtest_venv/lib/python3.13/site-packages/numba/core/typeinfer.py", line 572, in __call__
    self.resolve(typeinfer, typevars, fnty)
    ~~~~~~~~~~~~^^^^^^^^^^^^^^^^^^^^^^^^^^^
  File "/opt/Zenatus_Backtester/Zenatus_Backtest_venv/lib/python3.13/site-packages/numba/core/typeinfer.py", line 595, in resolve
    sig = typeinfer.resolve_call(fnty, pos_args, kw_args)
  File "/opt/Zenatus_Backtester/Zenatus_Backtest_venv/lib/python3.13/site-packages/numba/core/typeinfer.py", line 1569, in resolve_call
    return self.context.resolve_function_type(fnty, pos_args, kw_args)
           ~~~~~~~~~~~~~~~~~~~~~~~~~~~~~~~~~~^^^^^^^^^^^^^^^^^^^^^^^^^
  File "/opt/Zenatus_Backtester/Zenatus_Backtest_venv/lib/python3.13/site-packages/numba/core/typing/context.py", line 279, in resolve_function_type
    res = self._resolve_user_function_type(func, args, kws)
  File "/opt/Zenatus_Backtester/Zenatus_Backtest_venv/lib/python3.13/site-packages/numba/core/typing/context.py", line 335, in _resolve_user_function_type
    return func.get_call_type(self, args, kws)
           ~~~~~~~~~~~~~~~~~~^^^^^^^^^^^^^^^^^
  File "/opt/Zenatus_Backtester/Zenatus_Backtest_venv/lib/python3.13/site-packages/numba/core/types/functions.py", line 311, in get_call_type
    sig = temp.apply(nolitargs, nolitkws)
  File "/opt/Zenatus_Backtester/Zenatus_Backtest_venv/lib/python3.13/site-packages/numba/core/typing/templates.py", line 358, in apply
    sig = generic(args, kws)
  File "/opt/Zenatus_Backtester/Zenatus_Backtest_venv/lib/python3.13/site-packages/numba/core/typing/templates.py", line 621, in generic
    disp, new_args = self._get_impl(args, kws)
                     ~~~~~~~~~~~~~~^^^^^^^^^^^
  File "/opt/Zenatus_Backtester/Zenatus_Backtest_venv/lib/python3.13/site-packages/numba/core/typing/templates.py", line 720, in _get_impl
    impl, args = self._build_impl(cache_key, args, kws)
                 ~~~~~~~~~~~~~~~~^^^^^^^^^^^^^^^^^^^^^^
  File "/opt/Zenatus_Backtester/Zenatus_Backtest_venv/lib/python3.13/site-packages/numba/core/typing/templates.py", line 824, in _build_impl
    disp_type.get_call_type(self.context, args, kws)
    ~~~~~~~~~~~~~~~~~~~~~~~^^^^^^^^^^^^^^^^^^^^^^^^^
  File "/opt/Zenatus_Backtester/Zenatus_Backtest_venv/lib/python3.13/site-packages/numba/core/types/functions.py", line 541, in get_call_type
    self.dispatcher.get_call_template(args, kws)
    ~~~~~~~~~~~~~~~~~~~~~~~~~~~~~~~~~^^^^^^^^^^^
  File "/opt/Zenatus_Backtester/Zenatus_Backtest_venv/lib/python3.13/site-packages/numba/core/dispatcher.py", line 319, in get_call_template
    self.compile(tuple(args))
    ~~~~~~~~~~~~^^^^^^^^^^^^^
  File "/opt/Zenatus_Backtester/Zenatus_Backtest_venv/lib/python3.13/site-packages/numba/core/dispatcher.py", line 908, in compile
    cres = self._compiler.compile(args, return_type)
  File "/opt/Zenatus_Backtester/Zenatus_Backtest_venv/lib/python3.13/site-packages/numba/core/dispatcher.py", line 80, in compile
    status, retval = self._compile_cached(args, return_type)
                     ~~~~~~~~~~~~~~~~~~~~^^^^^^^^^^^^^^^^^^^
  File "/opt/Zenatus_Backtester/Zenatus_Backtest_venv/lib/python3.13/site-packages/numba/core/dispatcher.py", line 94, in _compile_cached
    retval = self._compile_core(args, return_type)
  File "/opt/Zenatus_Backtester/Zenatus_Backtest_venv/lib/python3.13/site-packages/numba/core/dispatcher.py", line 107, in _compile_core
    cres = compiler.compile_extra(self.targetdescr.typing_context,
                                  self.targetdescr.target_context,
    ...<2 lines>...
                                  flags=flags, locals=self.locals,
                                  pipeline_class=self.pipeline_class)
  File "/opt/Zenatus_Backtester/Zenatus_Backtest_venv/lib/python3.13/site-packages/numba/core/compiler.py", line 737, in compile_extra
    pipeline = pipeline_class(typingctx, targetctx, library,
                              args, return_type, flags, locals)
  File "/opt/Zenatus_Backtester/Zenatus_Backtest_venv/lib/python3.13/site-packages/numba/core/compiler.py", line 396, in __init__
    targetctx.refresh()
    ~~~~~~~~~~~~~~~~~^^
  File "/opt/Zenatus_Backtester/Zenatus_Backtest_venv/lib/python3.13/site-packages/numba/core/base.py", line 267, in refresh
    self.load_additional_registries()
    ~~~~~~~~~~~~~~~~~~~~~~~~~~~~~~~^^
  File "/opt/Zenatus_Backtester/Zenatus_Backtest_venv/lib/python3.13/site-packages/numba/core/cpu.py", line 76, in load_additional_registries
    from numba.np import linalg, arraymath, arrayobj # noqa F401
    ^^^^^^^^^^^^^^^^^^^^^^^^^^^^^^^^^^^^^^^^^^^^^^^^
  File "<frozen importlib._bootstrap>", line 1390, in _handle_fromlist
KeyboardInterrupt
