Traceback (most recent call last):
  File "/opt/Zenatus_Backtester/00_Backtester/Start_Backtesting_Scripts/Full_Backtest/Fixed_Exit/1h/QUICKTEST_1H_FIRST_RUN_595.py", line 560, in <module>
    main()
    ~~~~^^
  File "/opt/Zenatus_Backtester/00_Backtester/Start_Backtesting_Scripts/Full_Backtest/Fixed_Exit/1h/QUICKTEST_1H_FIRST_RUN_595.py", line 554, in main
    run_indicator(ind_arg, spreads, data_cache)
    ~~~~~~~~~~~~~^^^^^^^^^^^^^^^^^^^^^^^^^^^^^^
  File "/opt/Zenatus_Backtester/00_Backtester/Start_Backtesting_Scripts/Full_Backtest/Fixed_Exit/1h/QUICKTEST_1H_FIRST_RUN_595.py", line 258, in run_indicator
    res = batch_backtest(df, entries, combos, spread_pips)
  File "/opt/Zenatus_Backtester/00_Backtester/Start_Backtesting_Scripts/Full_Backtest/Fixed_Exit/1h/QUICKTEST_1H_FIRST_RUN_595.py", line 196, in batch_backtest
    pf = vbt.Portfolio.from_signals(
        close=close_in,
    ...<8 lines>...
        freq=FREQ
    )
  File "/opt/Zenatus_Backtester/Zenatus_Backtest_venv/lib/python3.13/site-packages/vectorbt/portfolio/base.py", line 2960, in from_signals
    order_records, log_records = nb.simulate_from_signal_func_nb(
                                 ~~~~~~~~~~~~~~~~~~~~~~~~~~~~~~~^
        target_shape_2d,
        ^^^^^^^^^^^^^^^^
    ...<46 lines>...
        flex_2d=close.ndim == 2
        ^^^^^^^^^^^^^^^^^^^^^^^
    )
    ^
  File "/opt/Zenatus_Backtester/Zenatus_Backtest_venv/lib/python3.13/site-packages/numba/core/dispatcher.py", line 376, in _compile_for_args
    return_val = self.compile(tuple(argtypes))
  File "/opt/Zenatus_Backtester/Zenatus_Backtest_venv/lib/python3.13/site-packages/numba/core/dispatcher.py", line 908, in compile
    cres = self._compiler.compile(args, return_type)
  File "/opt/Zenatus_Backtester/Zenatus_Backtest_venv/lib/python3.13/site-packages/numba/core/dispatcher.py", line 80, in compile
    status, retval = self._compile_cached(args, return_type)
                     ~~~~~~~~~~~~~~~~~~~~^^^^^^^^^^^^^^^^^^^
  File "/opt/Zenatus_Backtester/Zenatus_Backtest_venv/lib/python3.13/site-packages/numba/core/dispatcher.py", line 94, in _compile_cached
    retval = self._compile_core(args, return_type)
  File "/opt/Zenatus_Backtester/Zenatus_Backtest_venv/lib/python3.13/site-packages/numba/core/dispatcher.py", line 107, in _compile_core
    cres = compiler.compile_extra(self.targetdescr.typing_context,
                                  self.targetdescr.target_context,
    ...<2 lines>...
                                  flags=flags, locals=self.locals,
                                  pipeline_class=self.pipeline_class)
  File "/opt/Zenatus_Backtester/Zenatus_Backtest_venv/lib/python3.13/site-packages/numba/core/compiler.py", line 739, in compile_extra
    return pipeline.compile_extra(func)
           ~~~~~~~~~~~~~~~~~~~~~~^^^^^^
  File "/opt/Zenatus_Backtester/Zenatus_Backtest_venv/lib/python3.13/site-packages/numba/core/compiler.py", line 439, in compile_extra
    return self._compile_bytecode()
           ~~~~~~~~~~~~~~~~~~~~~~^^
  File "/opt/Zenatus_Backtester/Zenatus_Backtest_venv/lib/python3.13/site-packages/numba/core/compiler.py", line 505, in _compile_bytecode
    return self._compile_core()
           ~~~~~~~~~~~~~~~~~~^^
  File "/opt/Zenatus_Backtester/Zenatus_Backtest_venv/lib/python3.13/site-packages/numba/core/compiler.py", line 473, in _compile_core
    pm.run(self.state)
    ~~~~~~^^^^^^^^^^^^
  File "/opt/Zenatus_Backtester/Zenatus_Backtest_venv/lib/python3.13/site-packages/numba/core/compiler_machinery.py", line 356, in run
    self._runPass(idx, pass_inst, state)
    ~~~~~~~~~~~~~^^^^^^^^^^^^^^^^^^^^^^^
  File "/opt/Zenatus_Backtester/Zenatus_Backtest_venv/lib/python3.13/site-packages/numba/core/compiler_lock.py", line 35, in _acquire_compile_lock
    return func(*args, **kwargs)
  File "/opt/Zenatus_Backtester/Zenatus_Backtest_venv/lib/python3.13/site-packages/numba/core/compiler_machinery.py", line 311, in _runPass
    mutated |= check(pss.run_pass, internal_state)
               ~~~~~^^^^^^^^^^^^^^^^^^^^^^^^^^^^^^
  File "/opt/Zenatus_Backtester/Zenatus_Backtest_venv/lib/python3.13/site-packages/numba/core/compiler_machinery.py", line 272, in check
    mangled = func(compiler_state)
  File "/opt/Zenatus_Backtester/Zenatus_Backtest_venv/lib/python3.13/site-packages/numba/core/typed_passes.py", line 114, in run_pass
    typemap, return_type, calltypes, errs = type_inference_stage(
                                            ~~~~~~~~~~~~~~~~~~~~^
        state.typingctx,
        ^^^^^^^^^^^^^^^^
    ...<4 lines>...
        state.locals,
        ^^^^^^^^^^^^^
        raise_errors=self._raise_errors)
        ^^^^^^^^^^^^^^^^^^^^^^^^^^^^^^^^
  File "/opt/Zenatus_Backtester/Zenatus_Backtest_venv/lib/python3.13/site-packages/numba/core/typed_passes.py", line 95, in type_inference_stage
    errs = infer.propagate(raise_errors=raise_errors)
  File "/opt/Zenatus_Backtester/Zenatus_Backtest_venv/lib/python3.13/site-packages/numba/core/typeinfer.py", line 1075, in propagate
    errors = self.constraints.propagate(self)
  File "/opt/Zenatus_Backtester/Zenatus_Backtest_venv/lib/python3.13/site-packages/numba/core/typeinfer.py", line 160, in propagate
    constraint(typeinfer)
    ~~~~~~~~~~^^^^^^^^^^^
  File "/opt/Zenatus_Backtester/Zenatus_Backtest_venv/lib/python3.13/site-packages/numba/core/typeinfer.py", line 572, in __call__
    self.resolve(typeinfer, typevars, fnty)
    ~~~~~~~~~~~~^^^^^^^^^^^^^^^^^^^^^^^^^^^
  File "/opt/Zenatus_Backtester/Zenatus_Backtest_venv/lib/python3.13/site-packages/numba/core/typeinfer.py", line 595, in resolve
    sig = typeinfer.resolve_call(fnty, pos_args, kw_args)
  File "/opt/Zenatus_Backtester/Zenatus_Backtest_venv/lib/python3.13/site-packages/numba/core/typeinfer.py", line 1569, in resolve_call
    return self.context.resolve_function_type(fnty, pos_args, kw_args)
           ~~~~~~~~~~~~~~~~~~~~~~~~~~~~~~~~~~^^^^^^^^^^^^^^^^^^^^^^^^^
  File "/opt/Zenatus_Backtester/Zenatus_Backtest_venv/lib/python3.13/site-packages/numba/core/typing/context.py", line 279, in resolve_function_type
    res = self._resolve_user_function_type(func, args, kws)
  File "/opt/Zenatus_Backtester/Zenatus_Backtest_venv/lib/python3.13/site-packages/numba/core/typing/context.py", line 335, in _resolve_user_function_type
    return func.get_call_type(self, args, kws)
           ~~~~~~~~~~~~~~~~~~^^^^^^^^^^^^^^^^^
  File "/opt/Zenatus_Backtester/Zenatus_Backtest_venv/lib/python3.13/site-packages/numba/core/types/functions.py", line 311, in get_call_type
    sig = temp.apply(nolitargs, nolitkws)
  File "/opt/Zenatus_Backtester/Zenatus_Backtest_venv/lib/python3.13/site-packages/numba/core/typing/templates.py", line 358, in apply
    sig = generic(args, kws)
  File "/opt/Zenatus_Backtester/Zenatus_Backtest_venv/lib/python3.13/site-packages/numba/core/typing/templates.py", line 621, in generic
    disp, new_args = self._get_impl(args, kws)
                     ~~~~~~~~~~~~~~^^^^^^^^^^^
  File "/opt/Zenatus_Backtester/Zenatus_Backtest_venv/lib/python3.13/site-packages/numba/core/typing/templates.py", line 720, in _get_impl
    impl, args = self._build_impl(cache_key, args, kws)
                 ~~~~~~~~~~~~~~~~^^^^^^^^^^^^^^^^^^^^^^
  File "/opt/Zenatus_Backtester/Zenatus_Backtest_venv/lib/python3.13/site-packages/numba/core/typing/templates.py", line 824, in _build_impl
    disp_type.get_call_type(self.context, args, kws)
    ~~~~~~~~~~~~~~~~~~~~~~~^^^^^^^^^^^^^^^^^^^^^^^^^
  File "/opt/Zenatus_Backtester/Zenatus_Backtest_venv/lib/python3.13/site-packages/numba/core/types/functions.py", line 541, in get_call_type
    self.dispatcher.get_call_template(args, kws)
    ~~~~~~~~~~~~~~~~~~~~~~~~~~~~~~~~~^^^^^^^^^^^
  File "/opt/Zenatus_Backtester/Zenatus_Backtest_venv/lib/python3.13/site-packages/numba/core/dispatcher.py", line 319, in get_call_template
    self.compile(tuple(args))
    ~~~~~~~~~~~~^^^^^^^^^^^^^
  File "/opt/Zenatus_Backtester/Zenatus_Backtest_venv/lib/python3.13/site-packages/numba/core/dispatcher.py", line 908, in compile
    cres = self._compiler.compile(args, return_type)
  File "/opt/Zenatus_Backtester/Zenatus_Backtest_venv/lib/python3.13/site-packages/numba/core/dispatcher.py", line 80, in compile
    status, retval = self._compile_cached(args, return_type)
                     ~~~~~~~~~~~~~~~~~~~~^^^^^^^^^^^^^^^^^^^
  File "/opt/Zenatus_Backtester/Zenatus_Backtest_venv/lib/python3.13/site-packages/numba/core/dispatcher.py", line 94, in _compile_cached
    retval = self._compile_core(args, return_type)
  File "/opt/Zenatus_Backtester/Zenatus_Backtest_venv/lib/python3.13/site-packages/numba/core/dispatcher.py", line 107, in _compile_core
    cres = compiler.compile_extra(self.targetdescr.typing_context,
                                  self.targetdescr.target_context,
    ...<2 lines>...
                                  flags=flags, locals=self.locals,
                                  pipeline_class=self.pipeline_class)
  File "/opt/Zenatus_Backtester/Zenatus_Backtest_venv/lib/python3.13/site-packages/numba/core/compiler.py", line 739, in compile_extra
    return pipeline.compile_extra(func)
           ~~~~~~~~~~~~~~~~~~~~~~^^^^^^
  File "/opt/Zenatus_Backtester/Zenatus_Backtest_venv/lib/python3.13/site-packages/numba/core/compiler.py", line 439, in compile_extra
    return self._compile_bytecode()
           ~~~~~~~~~~~~~~~~~~~~~~^^
  File "/opt/Zenatus_Backtester/Zenatus_Backtest_venv/lib/python3.13/site-packages/numba/core/compiler.py", line 505, in _compile_bytecode
    return self._compile_core()
           ~~~~~~~~~~~~~~~~~~^^
  File "/opt/Zenatus_Backtester/Zenatus_Backtest_venv/lib/python3.13/site-packages/numba/core/compiler.py", line 473, in _compile_core
    pm.run(self.state)
    ~~~~~~^^^^^^^^^^^^
  File "/opt/Zenatus_Backtester/Zenatus_Backtest_venv/lib/python3.13/site-packages/numba/core/compiler_machinery.py", line 356, in run
    self._runPass(idx, pass_inst, state)
    ~~~~~~~~~~~~~^^^^^^^^^^^^^^^^^^^^^^^
  File "/opt/Zenatus_Backtester/Zenatus_Backtest_venv/lib/python3.13/site-packages/numba/core/compiler_lock.py", line 35, in _acquire_compile_lock
    return func(*args, **kwargs)
  File "/opt/Zenatus_Backtester/Zenatus_Backtest_venv/lib/python3.13/site-packages/numba/core/compiler_machinery.py", line 311, in _runPass
    mutated |= check(pss.run_pass, internal_state)
               ~~~~~^^^^^^^^^^^^^^^^^^^^^^^^^^^^^^
  File "/opt/Zenatus_Backtester/Zenatus_Backtest_venv/lib/python3.13/site-packages/numba/core/compiler_machinery.py", line 272, in check
    mangled = func(compiler_state)
  File "/opt/Zenatus_Backtester/Zenatus_Backtest_venv/lib/python3.13/site-packages/numba/core/typed_passes.py", line 114, in run_pass
    typemap, return_type, calltypes, errs = type_inference_stage(
                                            ~~~~~~~~~~~~~~~~~~~~^
        state.typingctx,
        ^^^^^^^^^^^^^^^^
    ...<4 lines>...
        state.locals,
        ^^^^^^^^^^^^^
        raise_errors=self._raise_errors)
        ^^^^^^^^^^^^^^^^^^^^^^^^^^^^^^^^
  File "/opt/Zenatus_Backtester/Zenatus_Backtest_venv/lib/python3.13/site-packages/numba/core/typed_passes.py", line 95, in type_inference_stage
    errs = infer.propagate(raise_errors=raise_errors)
  File "/opt/Zenatus_Backtester/Zenatus_Backtest_venv/lib/python3.13/site-packages/numba/core/typeinfer.py", line 1075, in propagate
    errors = self.constraints.propagate(self)
  File "/opt/Zenatus_Backtester/Zenatus_Backtest_venv/lib/python3.13/site-packages/numba/core/typeinfer.py", line 160, in propagate
    constraint(typeinfer)
    ~~~~~~~~~~^^^^^^^^^^^
  File "/opt/Zenatus_Backtester/Zenatus_Backtest_venv/lib/python3.13/site-packages/numba/core/typeinfer.py", line 572, in __call__
    self.resolve(typeinfer, typevars, fnty)
    ~~~~~~~~~~~~^^^^^^^^^^^^^^^^^^^^^^^^^^^
  File "/opt/Zenatus_Backtester/Zenatus_Backtest_venv/lib/python3.13/site-packages/numba/core/typeinfer.py", line 595, in resolve
    sig = typeinfer.resolve_call(fnty, pos_args, kw_args)
  File "/opt/Zenatus_Backtester/Zenatus_Backtest_venv/lib/python3.13/site-packages/numba/core/typeinfer.py", line 1569, in resolve_call
    return self.context.resolve_function_type(fnty, pos_args, kw_args)
           ~~~~~~~~~~~~~~~~~~~~~~~~~~~~~~~~~~^^^^^^^^^^^^^^^^^^^^^^^^^
  File "/opt/Zenatus_Backtester/Zenatus_Backtest_venv/lib/python3.13/site-packages/numba/core/typing/context.py", line 279, in resolve_function_type
    res = self._resolve_user_function_type(func, args, kws)
  File "/opt/Zenatus_Backtester/Zenatus_Backtest_venv/lib/python3.13/site-packages/numba/core/typing/context.py", line 335, in _resolve_user_function_type
    return func.get_call_type(self, args, kws)
           ~~~~~~~~~~~~~~~~~~^^^^^^^^^^^^^^^^^
  File "/opt/Zenatus_Backtester/Zenatus_Backtest_venv/lib/python3.13/site-packages/numba/core/types/functions.py", line 311, in get_call_type
    sig = temp.apply(nolitargs, nolitkws)
  File "/opt/Zenatus_Backtester/Zenatus_Backtest_venv/lib/python3.13/site-packages/numba/core/typing/templates.py", line 358, in apply
    sig = generic(args, kws)
  File "/opt/Zenatus_Backtester/Zenatus_Backtest_venv/lib/python3.13/site-packages/numba/core/typing/templates.py", line 621, in generic
    disp, new_args = self._get_impl(args, kws)
                     ~~~~~~~~~~~~~~^^^^^^^^^^^
  File "/opt/Zenatus_Backtester/Zenatus_Backtest_venv/lib/python3.13/site-packages/numba/core/typing/templates.py", line 720, in _get_impl
    impl, args = self._build_impl(cache_key, args, kws)
                 ~~~~~~~~~~~~~~~~^^^^^^^^^^^^^^^^^^^^^^
  File "/opt/Zenatus_Backtester/Zenatus_Backtest_venv/lib/python3.13/site-packages/numba/core/typing/templates.py", line 824, in _build_impl
    disp_type.get_call_type(self.context, args, kws)
    ~~~~~~~~~~~~~~~~~~~~~~~^^^^^^^^^^^^^^^^^^^^^^^^^
  File "/opt/Zenatus_Backtester/Zenatus_Backtest_venv/lib/python3.13/site-packages/numba/core/types/functions.py", line 541, in get_call_type
    self.dispatcher.get_call_template(args, kws)
    ~~~~~~~~~~~~~~~~~~~~~~~~~~~~~~~~~^^^^^^^^^^^
  File "/opt/Zenatus_Backtester/Zenatus_Backtest_venv/lib/python3.13/site-packages/numba/core/dispatcher.py", line 319, in get_call_template
    self.compile(tuple(args))
    ~~~~~~~~~~~~^^^^^^^^^^^^^
  File "/opt/Zenatus_Backtester/Zenatus_Backtest_venv/lib/python3.13/site-packages/numba/core/dispatcher.py", line 908, in compile
    cres = self._compiler.compile(args, return_type)
  File "/opt/Zenatus_Backtester/Zenatus_Backtest_venv/lib/python3.13/site-packages/numba/core/dispatcher.py", line 80, in compile
    status, retval = self._compile_cached(args, return_type)
                     ~~~~~~~~~~~~~~~~~~~~^^^^^^^^^^^^^^^^^^^
  File "/opt/Zenatus_Backtester/Zenatus_Backtest_venv/lib/python3.13/site-packages/numba/core/dispatcher.py", line 94, in _compile_cached
    retval = self._compile_core(args, return_type)
  File "/opt/Zenatus_Backtester/Zenatus_Backtest_venv/lib/python3.13/site-packages/numba/core/dispatcher.py", line 107, in _compile_core
    cres = compiler.compile_extra(self.targetdescr.typing_context,
                                  self.targetdescr.target_context,
    ...<2 lines>...
                                  flags=flags, locals=self.locals,
                                  pipeline_class=self.pipeline_class)
  File "/opt/Zenatus_Backtester/Zenatus_Backtest_venv/lib/python3.13/site-packages/numba/core/compiler.py", line 739, in compile_extra
    return pipeline.compile_extra(func)
           ~~~~~~~~~~~~~~~~~~~~~~^^^^^^
  File "/opt/Zenatus_Backtester/Zenatus_Backtest_venv/lib/python3.13/site-packages/numba/core/compiler.py", line 439, in compile_extra
    return self._compile_bytecode()
           ~~~~~~~~~~~~~~~~~~~~~~^^
  File "/opt/Zenatus_Backtester/Zenatus_Backtest_venv/lib/python3.13/site-packages/numba/core/compiler.py", line 505, in _compile_bytecode
    return self._compile_core()
           ~~~~~~~~~~~~~~~~~~^^
  File "/opt/Zenatus_Backtester/Zenatus_Backtest_venv/lib/python3.13/site-packages/numba/core/compiler.py", line 473, in _compile_core
    pm.run(self.state)
    ~~~~~~^^^^^^^^^^^^
  File "/opt/Zenatus_Backtester/Zenatus_Backtest_venv/lib/python3.13/site-packages/numba/core/compiler_machinery.py", line 356, in run
    self._runPass(idx, pass_inst, state)
    ~~~~~~~~~~~~~^^^^^^^^^^^^^^^^^^^^^^^
  File "/opt/Zenatus_Backtester/Zenatus_Backtest_venv/lib/python3.13/site-packages/numba/core/compiler_lock.py", line 35, in _acquire_compile_lock
    return func(*args, **kwargs)
  File "/opt/Zenatus_Backtester/Zenatus_Backtest_venv/lib/python3.13/site-packages/numba/core/compiler_machinery.py", line 311, in _runPass
    mutated |= check(pss.run_pass, internal_state)
               ~~~~~^^^^^^^^^^^^^^^^^^^^^^^^^^^^^^
  File "/opt/Zenatus_Backtester/Zenatus_Backtest_venv/lib/python3.13/site-packages/numba/core/compiler_machinery.py", line 272, in check
    mangled = func(compiler_state)
  File "/opt/Zenatus_Backtester/Zenatus_Backtest_venv/lib/python3.13/site-packages/numba/core/typed_passes.py", line 472, in run_pass
    lower.lower()
    ~~~~~~~~~~~^^
  File "/opt/Zenatus_Backtester/Zenatus_Backtest_venv/lib/python3.13/site-packages/numba/core/lowering.py", line 193, in lower
    self.lower_normal_function(self.fndesc)
    ~~~~~~~~~~~~~~~~~~~~~~~~~~^^^^^^^^^^^^^
  File "/opt/Zenatus_Backtester/Zenatus_Backtest_venv/lib/python3.13/site-packages/numba/core/lowering.py", line 232, in lower_normal_function
    entry_block_tail = self.lower_function_body()
  File "/opt/Zenatus_Backtester/Zenatus_Backtest_venv/lib/python3.13/site-packages/numba/core/lowering.py", line 262, in lower_function_body
    self.lower_block(block)
    ~~~~~~~~~~~~~~~~^^^^^^^
  File "/opt/Zenatus_Backtester/Zenatus_Backtest_venv/lib/python3.13/site-packages/numba/core/lowering.py", line 276, in lower_block
    self.lower_inst(inst)
    ~~~~~~~~~~~~~~~^^^^^^
  File "/opt/Zenatus_Backtester/Zenatus_Backtest_venv/lib/python3.13/site-packages/numba/core/lowering.py", line 462, in lower_inst
    val = self.lower_assign(ty, inst)
  File "/opt/Zenatus_Backtester/Zenatus_Backtest_venv/lib/python3.13/site-packages/numba/core/lowering.py", line 674, in lower_assign
    return self.lower_expr(ty, value)
           ~~~~~~~~~~~~~~~^^^^^^^^^^^
  File "/opt/Zenatus_Backtester/Zenatus_Backtest_venv/lib/python3.13/site-packages/numba/core/lowering.py", line 1268, in lower_expr
    res = self.lower_call(resty, expr)
  File "/opt/Zenatus_Backtester/Zenatus_Backtest_venv/lib/python3.13/site-packages/numba/core/lowering.py", line 939, in lower_call
    res = self._lower_call_normal(fnty, expr, signature)
  File "/opt/Zenatus_Backtester/Zenatus_Backtest_venv/lib/python3.13/site-packages/numba/core/lowering.py", line 1239, in _lower_call_normal
    res = impl(self.builder, argvals, self.loc)
  File "/opt/Zenatus_Backtester/Zenatus_Backtest_venv/lib/python3.13/site-packages/numba/core/base.py", line 1196, in __call__
    res = self._imp(self._context, builder, self._sig, args, loc=loc)
  File "/opt/Zenatus_Backtester/Zenatus_Backtest_venv/lib/python3.13/site-packages/numba/core/base.py", line 1226, in wrapper
    return fn(*args, **kwargs)
  File "/opt/Zenatus_Backtester/Zenatus_Backtest_venv/lib/python3.13/site-packages/numba/np/arrayobj.py", line 4450, in codegen
    ary = _empty_nd_impl(cgctx, builder, arrtype, shapes)
  File "/opt/Zenatus_Backtester/Zenatus_Backtest_venv/lib/python3.13/site-packages/numba/np/arrayobj.py", line 4318, in _empty_nd_impl
    meminfo = context.compile_internal(builder, _call_allocator, argtypes, args)
  File "/opt/Zenatus_Backtester/Zenatus_Backtest_venv/lib/python3.13/site-packages/numba/core/base.py", line 887, in compile_internal
    cres = self.compile_subroutine(builder, impl, sig, locals)
  File "/opt/Zenatus_Backtester/Zenatus_Backtest_venv/lib/python3.13/site-packages/numba/core/base.py", line 870, in compile_subroutine
    cres = self._compile_subroutine_no_cache(builder, impl, sig,
                                             locals=locals,
                                             flags=flags)
  File "/opt/Zenatus_Backtester/Zenatus_Backtest_venv/lib/python3.13/site-packages/numba/core/base.py", line 839, in _compile_subroutine_no_cache
    cres = compiler.compile_internal(self.typing_context, self,
                                     library,
                                     impl, sig.args,
                                     sig.return_type, flags,
                                     locals=locals)
  File "/opt/Zenatus_Backtester/Zenatus_Backtest_venv/lib/python3.13/site-packages/numba/core/compiler.py", line 813, in compile_internal
    return pipeline.compile_extra(func)
           ~~~~~~~~~~~~~~~~~~~~~~^^^^^^
  File "/opt/Zenatus_Backtester/Zenatus_Backtest_venv/lib/python3.13/site-packages/numba/core/compiler.py", line 439, in compile_extra
    return self._compile_bytecode()
           ~~~~~~~~~~~~~~~~~~~~~~^^
  File "/opt/Zenatus_Backtester/Zenatus_Backtest_venv/lib/python3.13/site-packages/numba/core/compiler.py", line 505, in _compile_bytecode
    return self._compile_core()
           ~~~~~~~~~~~~~~~~~~^^
  File "/opt/Zenatus_Backtester/Zenatus_Backtest_venv/lib/python3.13/site-packages/numba/core/compiler.py", line 473, in _compile_core
    pm.run(self.state)
    ~~~~~~^^^^^^^^^^^^
  File "/opt/Zenatus_Backtester/Zenatus_Backtest_venv/lib/python3.13/site-packages/numba/core/compiler_machinery.py", line 356, in run
    self._runPass(idx, pass_inst, state)
    ~~~~~~~~~~~~~^^^^^^^^^^^^^^^^^^^^^^^
  File "/opt/Zenatus_Backtester/Zenatus_Backtest_venv/lib/python3.13/site-packages/numba/core/compiler_lock.py", line 35, in _acquire_compile_lock
    return func(*args, **kwargs)
  File "/opt/Zenatus_Backtester/Zenatus_Backtest_venv/lib/python3.13/site-packages/numba/core/compiler_machinery.py", line 311, in _runPass
    mutated |= check(pss.run_pass, internal_state)
               ~~~~~^^^^^^^^^^^^^^^^^^^^^^^^^^^^^^
  File "/opt/Zenatus_Backtester/Zenatus_Backtest_venv/lib/python3.13/site-packages/numba/core/compiler_machinery.py", line 272, in check
    mangled = func(compiler_state)
  File "/opt/Zenatus_Backtester/Zenatus_Backtest_venv/lib/python3.13/site-packages/numba/core/typed_passes.py", line 114, in run_pass
    typemap, return_type, calltypes, errs = type_inference_stage(
                                            ~~~~~~~~~~~~~~~~~~~~^
        state.typingctx,
        ^^^^^^^^^^^^^^^^
    ...<4 lines>...
        state.locals,
        ^^^^^^^^^^^^^
        raise_errors=self._raise_errors)
        ^^^^^^^^^^^^^^^^^^^^^^^^^^^^^^^^
  File "/opt/Zenatus_Backtester/Zenatus_Backtest_venv/lib/python3.13/site-packages/numba/core/typed_passes.py", line 95, in type_inference_stage
    errs = infer.propagate(raise_errors=raise_errors)
  File "/opt/Zenatus_Backtester/Zenatus_Backtest_venv/lib/python3.13/site-packages/numba/core/typeinfer.py", line 1075, in propagate
    errors = self.constraints.propagate(self)
  File "/opt/Zenatus_Backtester/Zenatus_Backtest_venv/lib/python3.13/site-packages/numba/core/typeinfer.py", line 160, in propagate
    constraint(typeinfer)
    ~~~~~~~~~~^^^^^^^^^^^
  File "/opt/Zenatus_Backtester/Zenatus_Backtest_venv/lib/python3.13/site-packages/numba/core/typeinfer.py", line 572, in __call__
    self.resolve(typeinfer, typevars, fnty)
    ~~~~~~~~~~~~^^^^^^^^^^^^^^^^^^^^^^^^^^^
  File "/opt/Zenatus_Backtester/Zenatus_Backtest_venv/lib/python3.13/site-packages/numba/core/typeinfer.py", line 595, in resolve
    sig = typeinfer.resolve_call(fnty, pos_args, kw_args)
  File "/opt/Zenatus_Backtester/Zenatus_Backtest_venv/lib/python3.13/site-packages/numba/core/typeinfer.py", line 1569, in resolve_call
    return self.context.resolve_function_type(fnty, pos_args, kw_args)
           ~~~~~~~~~~~~~~~~~~~~~~~~~~~~~~~~~~^^^^^^^^^^^^^^^^^^^^^^^^^
  File "/opt/Zenatus_Backtester/Zenatus_Backtest_venv/lib/python3.13/site-packages/numba/core/typing/context.py", line 279, in resolve_function_type
    res = self._resolve_user_function_type(func, args, kws)
  File "/opt/Zenatus_Backtester/Zenatus_Backtest_venv/lib/python3.13/site-packages/numba/core/typing/context.py", line 335, in _resolve_user_function_type
    return func.get_call_type(self, args, kws)
           ~~~~~~~~~~~~~~~~~~^^^^^^^^^^^^^^^^^
  File "/opt/Zenatus_Backtester/Zenatus_Backtest_venv/lib/python3.13/site-packages/numba/core/types/functions.py", line 401, in get_call_type
    out = template.apply(args, kws)
  File "/opt/Zenatus_Backtester/Zenatus_Backtest_venv/lib/python3.13/site-packages/numba/core/typing/templates.py", line 358, in apply
    sig = generic(args, kws)
  File "/opt/Zenatus_Backtester/Zenatus_Backtest_venv/lib/python3.13/site-packages/numba/core/typing/templates.py", line 1140, in generic
    sig = self._get_signature(self.context, fnty, args, kws)
  File "/opt/Zenatus_Backtester/Zenatus_Backtest_venv/lib/python3.13/site-packages/numba/core/typing/templates.py", line 1085, in _get_signature
    sig = fnty.get_call_type(typingctx, args, kws)
  File "/opt/Zenatus_Backtester/Zenatus_Backtest_venv/lib/python3.13/site-packages/numba/core/types/functions.py", line 311, in get_call_type
    sig = temp.apply(nolitargs, nolitkws)
  File "/opt/Zenatus_Backtester/Zenatus_Backtest_venv/lib/python3.13/site-packages/numba/core/typing/templates.py", line 358, in apply
    sig = generic(args, kws)
  File "/opt/Zenatus_Backtester/Zenatus_Backtest_venv/lib/python3.13/site-packages/numba/core/typing/templates.py", line 621, in generic
    disp, new_args = self._get_impl(args, kws)
                     ~~~~~~~~~~~~~~^^^^^^^^^^^
  File "/opt/Zenatus_Backtester/Zenatus_Backtest_venv/lib/python3.13/site-packages/numba/core/typing/templates.py", line 720, in _get_impl
    impl, args = self._build_impl(cache_key, args, kws)
                 ~~~~~~~~~~~~~~~~^^^^^^^^^^^^^^^^^^^^^^
  File "/opt/Zenatus_Backtester/Zenatus_Backtest_venv/lib/python3.13/site-packages/numba/core/typing/templates.py", line 824, in _build_impl
    disp_type.get_call_type(self.context, args, kws)
    ~~~~~~~~~~~~~~~~~~~~~~~^^^^^^^^^^^^^^^^^^^^^^^^^
  File "/opt/Zenatus_Backtester/Zenatus_Backtest_venv/lib/python3.13/site-packages/numba/core/types/functions.py", line 541, in get_call_type
    self.dispatcher.get_call_template(args, kws)
    ~~~~~~~~~~~~~~~~~~~~~~~~~~~~~~~~~^^^^^^^^^^^
  File "/opt/Zenatus_Backtester/Zenatus_Backtest_venv/lib/python3.13/site-packages/numba/core/dispatcher.py", line 319, in get_call_template
    self.compile(tuple(args))
    ~~~~~~~~~~~~^^^^^^^^^^^^^
  File "/opt/Zenatus_Backtester/Zenatus_Backtest_venv/lib/python3.13/site-packages/numba/core/dispatcher.py", line 908, in compile
    cres = self._compiler.compile(args, return_type)
  File "/opt/Zenatus_Backtester/Zenatus_Backtest_venv/lib/python3.13/site-packages/numba/core/dispatcher.py", line 80, in compile
    status, retval = self._compile_cached(args, return_type)
                     ~~~~~~~~~~~~~~~~~~~~^^^^^^^^^^^^^^^^^^^
  File "/opt/Zenatus_Backtester/Zenatus_Backtest_venv/lib/python3.13/site-packages/numba/core/dispatcher.py", line 94, in _compile_cached
    retval = self._compile_core(args, return_type)
  File "/opt/Zenatus_Backtester/Zenatus_Backtest_venv/lib/python3.13/site-packages/numba/core/dispatcher.py", line 107, in _compile_core
    cres = compiler.compile_extra(self.targetdescr.typing_context,
                                  self.targetdescr.target_context,
    ...<2 lines>...
                                  flags=flags, locals=self.locals,
                                  pipeline_class=self.pipeline_class)
  File "/opt/Zenatus_Backtester/Zenatus_Backtest_venv/lib/python3.13/site-packages/numba/core/compiler.py", line 739, in compile_extra
    return pipeline.compile_extra(func)
           ~~~~~~~~~~~~~~~~~~~~~~^^^^^^
  File "/opt/Zenatus_Backtester/Zenatus_Backtest_venv/lib/python3.13/site-packages/numba/core/compiler.py", line 439, in compile_extra
    return self._compile_bytecode()
           ~~~~~~~~~~~~~~~~~~~~~~^^
  File "/opt/Zenatus_Backtester/Zenatus_Backtest_venv/lib/python3.13/site-packages/numba/core/compiler.py", line 505, in _compile_bytecode
    return self._compile_core()
           ~~~~~~~~~~~~~~~~~~^^
  File "/opt/Zenatus_Backtester/Zenatus_Backtest_venv/lib/python3.13/site-packages/numba/core/compiler.py", line 473, in _compile_core
    pm.run(self.state)
    ~~~~~~^^^^^^^^^^^^
  File "/opt/Zenatus_Backtester/Zenatus_Backtest_venv/lib/python3.13/site-packages/numba/core/compiler_machinery.py", line 356, in run
    self._runPass(idx, pass_inst, state)
    ~~~~~~~~~~~~~^^^^^^^^^^^^^^^^^^^^^^^
  File "/opt/Zenatus_Backtester/Zenatus_Backtest_venv/lib/python3.13/site-packages/numba/core/compiler_lock.py", line 35, in _acquire_compile_lock
    return func(*args, **kwargs)
  File "/opt/Zenatus_Backtester/Zenatus_Backtest_venv/lib/python3.13/site-packages/numba/core/compiler_machinery.py", line 311, in _runPass
    mutated |= check(pss.run_pass, internal_state)
               ~~~~~^^^^^^^^^^^^^^^^^^^^^^^^^^^^^^
  File "/opt/Zenatus_Backtester/Zenatus_Backtest_venv/lib/python3.13/site-packages/numba/core/compiler_machinery.py", line 272, in check
    mangled = func(compiler_state)
  File "/opt/Zenatus_Backtester/Zenatus_Backtest_venv/lib/python3.13/site-packages/numba/core/typed_passes.py", line 501, in run_pass
    cfunc = targetctx.get_executable(library, fndesc, env)
  File "/opt/Zenatus_Backtester/Zenatus_Backtest_venv/lib/python3.13/site-packages/numba/core/cpu.py", line 239, in get_executable
    fnptr = library.get_pointer_to_function(
        fndesc.llvm_cpython_wrapper_name)
  File "/opt/Zenatus_Backtester/Zenatus_Backtest_venv/lib/python3.13/site-packages/numba/core/codegen.py", line 1000, in get_pointer_to_function
    self._ensure_finalized()
    ~~~~~~~~~~~~~~~~~~~~~~^^
  File "/opt/Zenatus_Backtester/Zenatus_Backtest_venv/lib/python3.13/site-packages/numba/core/codegen.py", line 569, in _ensure_finalized
    self.finalize()
    ~~~~~~~~~~~~~^^
  File "/opt/Zenatus_Backtester/Zenatus_Backtest_venv/lib/python3.13/site-packages/numba/core/codegen.py", line 776, in finalize
    self._finalize_final_module()
    ~~~~~~~~~~~~~~~~~~~~~~~~~~~^^
  File "/opt/Zenatus_Backtester/Zenatus_Backtest_venv/lib/python3.13/site-packages/numba/core/codegen.py", line 805, in _finalize_final_module
    cleanup = self._codegen._add_module(self._final_module)
  File "/opt/Zenatus_Backtester/Zenatus_Backtest_venv/lib/python3.13/site-packages/numba/core/codegen.py", line 1403, in _add_module
    self._engine.add_module(module)
    ~~~~~~~~~~~~~~~~~~~~~~~^^^^^^^^
  File "/opt/Zenatus_Backtester/Zenatus_Backtest_venv/lib/python3.13/site-packages/numba/core/codegen.py", line 1109, in add_module
    self._load_defined_symbols(module)
    ~~~~~~~~~~~~~~~~~~~~~~~~~~^^^^^^^^
  File "/opt/Zenatus_Backtester/Zenatus_Backtest_venv/lib/python3.13/site-packages/numba/core/codegen.py", line 1102, in _load_defined_symbols
    self._defined_symbols |= {gv.name for gv in gsets
                                                ^^^^^
  File "/opt/Zenatus_Backtester/Zenatus_Backtest_venv/lib/python3.13/site-packages/llvmlite/binding/module.py", line 221, in __next__
    vp = self._next()
  File "/opt/Zenatus_Backtester/Zenatus_Backtest_venv/lib/python3.13/site-packages/llvmlite/binding/module.py", line 252, in _next
    return ffi.lib.LLVMPY_FunctionsIterNext(self)
           ~~~~~~~~~~~~~~~~~~~~~~~~~~~~~~~~^^^^^^
  File "/opt/Zenatus_Backtester/Zenatus_Backtest_venv/lib/python3.13/site-packages/llvmlite/binding/ffi.py", line 211, in __call__
    with self._lock:
         ^^^^^^^^^^
  File "/opt/Zenatus_Backtester/Zenatus_Backtest_venv/lib/python3.13/site-packages/llvmlite/binding/ffi.py", line 78, in __enter__
    self._lock.acquire()
    ~~~~~~~~~~~~~~~~~~^^
KeyboardInterrupt
