=== WORKER 4 STARTED ===
Processing 42 indicators...
[DATA] EUR_USD bars=33919
[DATA] GBP_USD bars=33916
[DATA] USD_CHF bars=33875
[DATA] USD_CAD bars=33911
[DATA] AUD_USD bars=33913
[DATA] NZD_USD bars=33907
[W4] [ERR] 155_volatility_rogers_satchell process finished but returned no result
[W4] [ERR] 156_pattern_priceaction process finished but returned no result
[W4] [ERR] 156_volatility_yang_zhang process finished but returned no result
[TIMEOUT] 157_pattern_chartpatterns killed after 1800s
[W4] [TIMEOUT] 157_pattern_chartpatterns killed
[W4] [ERR] 157_volatility_close_to_close process finished but returned no result
[W4] [ERR] 158_pattern_harmonicpatterns process finished but returned no result
[W4] [ERR] 158_volatility_realized process finished but returned no result
[W4] [ERR] 159_pattern_elliottwave process finished but returned no result
[W4] [ERR] 159_volatility_ratio process finished but returned no result
[W4] [ERR] 160_pattern_wyckoff process finished but returned no result
[W4] [ERR] 160_volatility_index process finished but returned no result
[TIMEOUT] 161_pattern_supportresistance killed after 1800s
[W4] [TIMEOUT] 161_pattern_supportresistance killed
[W4] [ERR] 161_volatility_cone process finished but returned no result
[W4] [ERR] 162_volatility_smile process finished but returned no result
[TIMEOUT] 163_pattern_fibonacciretracement killed after 1800s
[W4] [TIMEOUT] 163_pattern_fibonacciretracement killed
[W4] [ERR] 163_volatility_skew process finished but returned no result
[TIMEOUT] 164_pattern_fibonacciextension killed after 1800s
[W4] [TIMEOUT] 164_pattern_fibonacciextension killed
[W4] [19:53:10] [164] [164_volatility_surface] [30m] [Combos: 60000] [Ret: 0.2169%] [DD: 0.0782%] [PF: 1.203] [Sharpe: 1.559] [Trades: 599] [WR: 47.58%] [00:06:55]
[W4] [20:05:16] [166] [166_volatility_garch] [30m] [Combos: 19800] [Ret: 0.2902%] [DD: 0.0874%] [PF: 2.201] [Sharpe: 1.614] [Trades: 35] [WR: 60.0%] [00:12:05]
[ERR] 167_volatility_ewma EUR_USD: alpha must satisfy: 0 < alpha <= 1
[ERR] 167_volatility_ewma GBP_USD: alpha must satisfy: 0 < alpha <= 1
[ERR] 167_volatility_ewma USD_CHF: alpha must satisfy: 0 < alpha <= 1
[ERR] 167_volatility_ewma USD_CAD: alpha must satisfy: 0 < alpha <= 1
[ERR] 167_volatility_ewma AUD_USD: alpha must satisfy: 0 < alpha <= 1
[ERR] 167_volatility_ewma NZD_USD: alpha must satisfy: 0 < alpha <= 1
[W4] [20:06:32] [167] [167_volatility_ewma] [30m] [Combos: 3300] [Ret: 0.2256%] [DD: 0.0858%] [PF: 1.25] [Sharpe: 1.323] [Trades: 294] [WR: 49.66%] [00:01:16]
[W4] [20:11:37] [168] [168_volatility_coefficient_variation] [30m] [Combos: 60000] [Ret: 0.2408%] [DD: 0.082%] [PF: 1.107] [Sharpe: 1.392] [Trades: 1630] [WR: 43.74%] [00:05:04]
[W4] [20:32:43] [169] [169_volatility_regime_detection] [30m] [Combos: 58350] [Ret: 0.3245%] [DD: 0.0823%] [PF: 1.553] [Sharpe: 1.906] [Trades: 138] [WR: 51.45%] [00:21:05]
[W4] [20:37:52] [170] [170_volatility_breakout] [30m] [Combos: 60000] [Ret: 0.184%] [DD: 0.1354%] [PF: 1.175] [Sharpe: 0.878] [Trades: 338] [WR: 23.67%] [00:05:08]
[W4] [ERR] 171_range_true_range process finished but returned no result
[W4] [21:00:25] [172] [172_range_daily] [30m] [Combos: 13200] [Ret: 0.1954%] [DD: 0.0907%] [PF: 1.226] [Sharpe: 1.019] [Trades: 371] [WR: 18.6%] [00:05:09]
[W4] [21:01:14] [173] [173_range_weekly] [30m] [Combos: 7260] [Ret: 0.1583%] [DD: 0.1223%] [PF: 1.502] [Sharpe: 0.745] [Trades: 31] [WR: 48.39%] [00:00:48]
[W4] [21:01:51] [174] [174_range_monthly] [30m] [Combos: 5280] [Ret: 0.1576%] [DD: 0.066%] [PF: 1.322] [Sharpe: 1.2] [Trades: 279] [WR: 17.92%] [00:00:36]
[W4] [21:08:31] [175] [175_range_expansion_index] [30m] [Combos: 60000] [Ret: 0.26%] [DD: 0.0924%] [PF: 1.229] [Sharpe: 1.392] [Trades: 370] [WR: 48.38%] [00:06:40]
[W4] [21:15:23] [176] [176_range_contraction_index] [30m] [Combos: 60000] [Ret: 0.2402%] [DD: 0.1192%] [PF: 1.206] [Sharpe: 1.271] [Trades: 379] [WR: 48.28%] [00:06:51]
[W4] [ERR] 177_range_breakout process finished but returned no result
[W4] [ERR] 178_range_bound process finished but returned no result
[W4] [21:42:35] [179] [179_range_filter] [30m] [Combos: 60000] [Ret: 0.2901%] [DD: 0.1052%] [PF: 1.139] [Sharpe: 1.609] [Trades: 1280] [WR: 49.22%] [00:17:16]
[W4] [22:05:20] [180] [180_range_adaptive] [30m] [Combos: 60000] [Ret: 0.1824%] [DD: 0.1046%] [PF: 1.176] [Sharpe: 0.957] [Trades: 270] [WR: 47.04%] [00:22:44]
[W4] [22:06:51] [181] [181_volume_weighted_price] [30m] [Combos: 13200] [Ret: 0.2121%] [DD: 0.0948%] [PF: 1.239] [Sharpe: 1.215] [Trades: 402] [WR: 21.89%] [00:01:30]
[W4] [22:11:44] [182] [182_volume_momentum] [30m] [Combos: 60000] [Ret: 0.2408%] [DD: 0.082%] [PF: 1.107] [Sharpe: 1.392] [Trades: 1630] [WR: 43.74%] [00:04:53]
[W4] [22:14:26] [183] [183_volume_trend] [30m] [Combos: 13200] [Ret: 0.309%] [DD: 0.0776%] [PF: 1.193] [Sharpe: 1.649] [Trades: 715] [WR: 51.33%] [00:02:41]
[W4] [22:21:03] [184] [184_volume_oscillator] [30m] [Combos: 60000] [Ret: 0.2593%] [DD: 0.0793%] [PF: 1.201] [Sharpe: 1.375] [Trades: 454] [WR: 52.64%] [00:06:36]
[W4] [22:27:18] [185] [185_volume_divergence] [30m] [Combos: 55380] [Ret: 0.2889%] [DD: 0.0891%] [PF: 1.175] [Sharpe: 1.565] [Trades: 733] [WR: 50.89%] [00:06:14]
[W4] [22:32:09] [186] [186_volume_spread_analysis] [30m] [Combos: 60000] [Ret: 0.1784%] [DD: 0.1275%] [PF: 1.143] [Sharpe: 0.852] [Trades: 329] [WR: 45.9%] [00:04:51]
[TIMEOUT] 187_volume_profile killed after 1800s
[W4] [TIMEOUT] 187_volume_profile killed
[W4] [23:03:44] [188] [188_volume_price_trend] [30m] [Combos: 13200] [Ret: 0.1985%] [DD: 0.0755%] [PF: 1.208] [Sharpe: 1.247] [Trades: 579] [WR: 21.59%] [00:01:33]
[W4] [23:24:59] [189] [189_volume_roc] [30m] [Combos: 60000] [Ret: 0.285%] [DD: 0.091%] [PF: 1.279] [Sharpe: 1.523] [Trades: 352] [WR: 38.35%] [00:21:15]
