Traceback (most recent call last):
  File "/opt/Zenatus_Backtester/00_Backtester/Start_Backtesting_Scripts/Full_Backtest/Fixed_Exit/1h/FULL_BACKTEST_1H_WORKER.py", line 545, in <module>
    main()
    ~~~~^^
  File "/opt/Zenatus_Backtester/00_Backtester/Start_Backtesting_Scripts/Full_Backtest/Fixed_Exit/1h/FULL_BACKTEST_1H_WORKER.py", line 541, in main
    res = process_indicator(ind, spreads, data_cache)
  File "/opt/Zenatus_Backtester/00_Backtester/Start_Backtesting_Scripts/Full_Backtest/Fixed_Exit/1h/FULL_BACKTEST_1H_WORKER.py", line 503, in process_indicator
    p.join(timeout=TIMEOUT_SEC)
    ~~~~~~^^^^^^^^^^^^^^^^^^^^^
  File "/usr/lib/python3.13/multiprocessing/process.py", line 149, in join
    res = self._popen.wait(timeout)
  File "/usr/lib/python3.13/multiprocessing/popen_fork.py", line 41, in wait
    if not wait([self.sentinel], timeout):
           ~~~~^^^^^^^^^^^^^^^^^^^^^^^^^^
  File "/usr/lib/python3.13/multiprocessing/connection.py", line 1148, in wait
    ready = selector.select(timeout)
  File "/usr/lib/python3.13/selectors.py", line 398, in select
    fd_event_list = self._selector.poll(timeout)
KeyboardInterrupt
Exception ignored on calling ctypes callback function <function ExecutionEngine._raw_object_cache_notify at 0x7f920b601120>:
Traceback (most recent call last):
  File "/opt/Zenatus_Backtester/Zenatus_Backtest_venv/lib/python3.13/site-packages/llvmlite/binding/executionengine.py", line 178, in _raw_object_cache_notify
    def _raw_object_cache_notify(self, data):
KeyboardInterrupt: 
