Process Process-2:
Traceback (most recent call last):
  File "/opt/Zenatus_Backtester/00_Backtester/Start_Backtesting_Scripts/Full_Backtest/Fixed_Exit/1h/FULL_BACKTEST_1H_WORKER.py", line 545, in <module>
    main()
    ~~~~^^
  File "/opt/Zenatus_Backtester/00_Backtester/Start_Backtesting_Scripts/Full_Backtest/Fixed_Exit/1h/FULL_BACKTEST_1H_WORKER.py", line 541, in main
    res = process_indicator(ind, spreads, data_cache)
  File "/opt/Zenatus_Backtester/00_Backtester/Start_Backtesting_Scripts/Full_Backtest/Fixed_Exit/1h/FULL_BACKTEST_1H_WORKER.py", line 503, in process_indicator
    p.join(timeout=TIMEOUT_SEC)
    ~~~~~~^^^^^^^^^^^^^^^^^^^^^
  File "/usr/lib/python3.13/multiprocessing/process.py", line 149, in join
    res = self._popen.wait(timeout)
  File "/usr/lib/python3.13/multiprocessing/popen_fork.py", line 41, in wait
    if not wait([self.sentinel], timeout):
           ~~~~^^^^^^^^^^^^^^^^^^^^^^^^^^
  File "/usr/lib/python3.13/multiprocessing/connection.py", line 1148, in wait
    ready = selector.select(timeout)
  File "/usr/lib/python3.13/selectors.py", line 398, in select
    fd_event_list = self._selector.poll(timeout)
KeyboardInterrupt
Traceback (most recent call last):
  File "/usr/lib/python3.13/multiprocessing/process.py", line 313, in _bootstrap
    self.run()
    ~~~~~~~~^^
  File "/usr/lib/python3.13/multiprocessing/process.py", line 108, in run
    self._target(*self._args, **self._kwargs)
    ~~~~~~~~~~~~^^^^^^^^^^^^^^^^^^^^^^^^^^^^^
  File "/opt/Zenatus_Backtester/00_Backtester/Start_Backtesting_Scripts/Full_Backtest/Fixed_Exit/1h/FULL_BACKTEST_1H_WORKER.py", line 348, in worker_process
    res = run_indicator_logic(ind_name, spreads, data_cache)
  File "/opt/Zenatus_Backtester/00_Backtester/Start_Backtesting_Scripts/Full_Backtest/Fixed_Exit/1h/FULL_BACKTEST_1H_WORKER.py", line 419, in run_indicator_logic
    signals = instance.generate_signals_fixed(df, entry_params)
  File "/opt/Zenatus_Backtester/01_Strategy/Strategy/Full_595/All_Strategys/202_volume_at_price.py", line 70, in generate_signals_fixed
    vap_data = self.calculate(data, params)
  File "/opt/Zenatus_Backtester/01_Strategy/Strategy/Full_595/All_Strategys/202_volume_at_price.py", line 47, in calculate
    mask_j = abs(window_prices - price_j) / price_j < tolerance
                 ~~~~~~~~~~~~~~^~~~~~~~~
  File "/opt/Zenatus_Backtester/Zenatus_Backtest_venv/lib/python3.13/site-packages/pandas/core/ops/common.py", line 76, in new_method
    return method(self, other)
  File "/opt/Zenatus_Backtester/Zenatus_Backtest_venv/lib/python3.13/site-packages/pandas/core/arraylike.py", line 194, in __sub__
    return self._arith_method(other, operator.sub)
           ~~~~~~~~~~~~~~~~~~^^^^^^^^^^^^^^^^^^^^^
  File "/opt/Zenatus_Backtester/Zenatus_Backtest_venv/lib/python3.13/site-packages/pandas/core/series.py", line 6154, in _arith_method
    return base.IndexOpsMixin._arith_method(self, other, op)
           ~~~~~~~~~~~~~~~~~~~~~~~~~~~~~~~~^^^^^^^^^^^^^^^^^
  File "/opt/Zenatus_Backtester/Zenatus_Backtest_venv/lib/python3.13/site-packages/pandas/core/base.py", line 1393, in _arith_method
    return self._construct_result(result, name=res_name)
           ~~~~~~~~~~~~~~~~~~~~~~^^^^^^^^^^^^^^^^^^^^^^^
  File "/opt/Zenatus_Backtester/Zenatus_Backtest_venv/lib/python3.13/site-packages/pandas/core/series.py", line 6252, in _construct_result
    out = self._constructor(result, index=self.index, dtype=dtype, copy=False)
  File "/opt/Zenatus_Backtester/Zenatus_Backtest_venv/lib/python3.13/site-packages/pandas/core/series.py", line 591, in __init__
    data = SingleBlockManager.from_array(data, index, refs=refs)
  File "/opt/Zenatus_Backtester/Zenatus_Backtest_venv/lib/python3.13/site-packages/pandas/core/internals/managers.py", line 1882, in from_array
    @classmethod
    
KeyboardInterrupt
