{"indicator": "001_trend_sma", "status": "RUNNING", "ts": "2026-02-05T19:29:27.789153"}
{"indicator": "002_trend_ema", "status": "RUNNING", "ts": "2026-02-05T19:29:27.796509"}
{"indicator": "003_trend_wma", "status": "RUNNING", "ts": "2026-02-05T19:29:27.803293"}
{"indicator": "004_trend_dema", "status": "RUNNING", "ts": "2026-02-05T19:29:27.809840"}
{"indicator": "005_trend_tema", "status": "RUNNING", "ts": "2026-02-05T19:29:27.816605"}
{"indicator": "006_trend_trima", "status": "RUNNING", "ts": "2026-02-05T19:29:27.822743"}
{"indicator": "007_trend_kama", "status": "RUNNING", "ts": "2026-02-05T19:29:27.829243"}
{"indicator": "008_trend_hma", "status": "RUNNING", "ts": "2026-02-05T19:29:27.843675"}
{"indicator": "009_trend_zlema", "status": "RUNNING", "ts": "2026-02-05T19:29:27.867115"}
{"indicator": "010_trend_alma", "status": "RUNNING", "ts": "2026-02-05T19:29:27.887278"}
{"indicator": "011_trend_jma", "status": "RUNNING", "ts": "2026-02-05T19:29:27.953653"}
{"indicator": "012_trend_t3", "status": "RUNNING", "ts": "2026-02-05T19:29:28.001706"}
{"indicator": "013_trend_vidya", "status": "RUNNING", "ts": "2026-02-05T19:29:28.047032"}
{"indicator": "014_trend_frama", "status": "RUNNING", "ts": "2026-02-05T19:29:28.079508"}
{"indicator": "015_trend_mcginley", "status": "RUNNING", "ts": "2026-02-05T19:29:28.117742"}
{"indicator": "016_trend_sinwma", "status": "RUNNING", "ts": "2026-02-05T19:29:28.127401"}
{"indicator": "017_trend_vwma", "status": "RUNNING", "ts": "2026-02-05T19:29:28.151040"}
{"indicator": "018_trend_tsf", "status": "RUNNING", "ts": "2026-02-05T19:29:28.175184"}
{"indicator": "019_trend_linreg", "status": "RUNNING", "ts": "2026-02-05T19:29:28.188724"}
{"indicator": "020_trend_lsma", "status": "RUNNING", "ts": "2026-02-05T19:29:28.222936"}
{"indicator": "021_trend_mama", "status": "RUNNING", "ts": "2026-02-05T19:29:28.237737"}
{"indicator": "022_trend_smma", "status": "RUNNING", "ts": "2026-02-05T19:29:28.247530"}
{"indicator": "023_trend_wilders", "status": "RUNNING", "ts": "2026-02-05T19:29:28.263258"}
{"indicator": "024_trend_gma", "status": "RUNNING", "ts": "2026-02-05T19:29:28.273797"}
{"indicator": "025_trend_harmonic", "status": "RUNNING", "ts": "2026-02-05T19:29:28.283536"}
{"indicator": "026_trend_adx", "status": "RUNNING", "ts": "2026-02-05T19:29:28.293450"}
{"indicator": "027_trend_dmi", "status": "RUNNING", "ts": "2026-02-05T19:29:28.307957"}
{"indicator": "028_trend_aroon", "status": "RUNNING", "ts": "2026-02-05T19:29:28.313423"}
{"indicator": "029_trend_aroonosc", "status": "RUNNING", "ts": "2026-02-05T19:29:28.322313"}
{"indicator": "030_trend_psar", "status": "RUNNING", "ts": "2026-02-05T19:29:28.327802"}
{"indicator": "031_trend_supertrend", "status": "RUNNING", "ts": "2026-02-05T19:29:28.333017"}
{"indicator": "032_trend_vortex", "status": "RUNNING", "ts": "2026-02-05T19:29:28.338928"}
{"indicator": "033_trend_massindex", "status": "RUNNING", "ts": "2026-02-05T19:29:28.344880"}
{"indicator": "034_trend_qstick", "status": "RUNNING", "ts": "2026-02-05T19:29:28.351599"}
{"indicator": "035_trend_tii", "status": "RUNNING", "ts": "2026-02-05T19:29:28.359441"}
{"indicator": "036_trend_cci", "status": "RUNNING", "ts": "2026-02-05T19:29:28.366857"}
{"indicator": "037_trend_roc", "status": "RUNNING", "ts": "2026-02-05T19:29:28.543291"}
{"indicator": "038_trend_momentum", "status": "RUNNING", "ts": "2026-02-05T19:29:28.549198"}
{"indicator": "039_trend_williams_r", "status": "RUNNING", "ts": "2026-02-05T19:29:28.554454"}
{"indicator": "040_trend_stochastic", "status": "RUNNING", "ts": "2026-02-05T19:29:28.559924"}
{"indicator": "041_trend_rsi", "status": "RUNNING", "ts": "2026-02-05T19:29:28.565036"}
{"indicator": "042_trend_macd", "status": "RUNNING", "ts": "2026-02-05T19:29:28.570392"}
{"indicator": "043_trend_bollinger", "status": "RUNNING", "ts": "2026-02-05T19:29:28.575615"}
{"indicator": "044_trend_atr", "status": "RUNNING", "ts": "2026-02-05T19:29:28.588199"}
{"indicator": "045_trend_keltner", "status": "RUNNING", "ts": "2026-02-05T19:29:28.599984"}
{"indicator": "046_trend_donchian", "status": "RUNNING", "ts": "2026-02-05T19:29:28.606121"}
{"indicator": "047_volume_obv", "status": "RUNNING", "ts": "2026-02-05T19:29:28.611361"}
{"indicator": "048_volume_mfi", "status": "RUNNING", "ts": "2026-02-05T19:29:28.616462"}
{"indicator": "049_volume_cmf", "status": "RUNNING", "ts": "2026-02-05T19:29:28.622106"}
{"indicator": "050_trend_ichimoku", "status": "RUNNING", "ts": "2026-02-05T19:29:28.628477"}
{"indicator": "051_volume_vwap", "status": "RUNNING", "ts": "2026-02-05T19:29:28.634346"}
{"indicator": "052_volume_force_index", "status": "RUNNING", "ts": "2026-02-05T19:29:28.639692"}
{"indicator": "053_volume_ad", "status": "RUNNING", "ts": "2026-02-05T19:29:28.644863"}
{"indicator": "054_trend_ultimate_osc", "status": "RUNNING", "ts": "2026-02-05T19:29:28.650546"}
{"indicator": "055_trend_stoch_rsi", "status": "RUNNING", "ts": "2026-02-05T19:29:28.655767"}
{"indicator": "056_trend_awesome_osc", "status": "RUNNING", "ts": "2026-02-05T19:29:28.660934"}
{"indicator": "057_trend_accelerator_osc", "status": "RUNNING", "ts": "2026-02-05T19:29:28.666293"}
{"indicator": "058_trend_gator", "status": "RUNNING", "ts": "2026-02-05T19:29:28.671802"}
{"indicator": "059_trend_alligator", "status": "RUNNING", "ts": "2026-02-05T19:29:28.677179"}
{"indicator": "060_trend_elder_ray", "status": "RUNNING", "ts": "2026-02-05T19:29:28.682615"}
{"indicator": "061_trend_trix", "status": "RUNNING", "ts": "2026-02-05T19:29:28.688325"}
{"indicator": "062_trend_ppo", "status": "RUNNING", "ts": "2026-02-05T19:29:28.693740"}
{"indicator": "063_trend_apo", "status": "RUNNING", "ts": "2026-02-05T19:29:28.706722"}
{"indicator": "064_trend_dpo", "status": "RUNNING", "ts": "2026-02-05T19:29:28.712863"}
{"indicator": "065_trend_cmo", "status": "RUNNING", "ts": "2026-02-05T19:29:28.718294"}
{"indicator": "066_trend_rvi", "status": "RUNNING", "ts": "2026-02-05T19:29:28.724349"}
{"indicator": "067_trend_tsi", "status": "RUNNING", "ts": "2026-02-05T19:29:28.729739"}
{"indicator": "068_trend_bop", "status": "RUNNING", "ts": "2026-02-05T19:29:28.735041"}
{"indicator": "069_trend_inertia", "status": "RUNNING", "ts": "2026-02-05T19:29:28.740379"}
{"indicator": "070_trend_kdj", "status": "RUNNING", "ts": "2026-02-05T19:29:28.745843"}
{"indicator": "071_trend_pgo", "status": "RUNNING", "ts": "2026-02-05T19:29:28.751181"}
{"indicator": "072_trend_psychline", "status": "RUNNING", "ts": "2026-02-05T19:29:28.757302"}
{"indicator": "073_trend_qqe", "status": "RUNNING", "ts": "2026-02-05T19:29:28.762979"}
{"indicator": "074_trend_rainbow", "status": "RUNNING", "ts": "2026-02-05T19:29:28.768289"}
{"indicator": "075_trend_smiergodic", "status": "RUNNING", "ts": "2026-02-05T19:29:28.773517"}
{"indicator": "076_trend_smi", "status": "RUNNING", "ts": "2026-02-05T19:29:28.778667"}
{"indicator": "077_trend_trendflex", "status": "RUNNING", "ts": "2026-02-05T19:29:28.783809"}
{"indicator": "078_trend_macdhist", "status": "RUNNING", "ts": "2026-02-05T19:29:28.789347"}
{"indicator": "079_trend_macdsignal", "status": "RUNNING", "ts": "2026-02-05T19:29:28.794589"}
{"indicator": "080_trend_zerolagmacd", "status": "RUNNING", "ts": "2026-02-05T19:29:28.799882"}
{"indicator": "081_trend_choppiness", "status": "RUNNING", "ts": "2026-02-05T19:29:28.805122"}
{"indicator": "082_trend_coppock", "status": "RUNNING", "ts": "2026-02-05T19:29:28.810680"}
{"indicator": "083_trend_detrendedprice", "status": "RUNNING", "ts": "2026-02-05T19:29:28.815876"}
{"indicator": "084_trend_efficiencyratio", "status": "RUNNING", "ts": "2026-02-05T19:29:28.821344"}
{"indicator": "085_volume_elderforce", "status": "RUNNING", "ts": "2026-02-05T19:29:28.827635"}
{"indicator": "086_trend_frama", "status": "RUNNING", "ts": "2026-02-05T19:29:28.833541"}
{"indicator": "087_trend_gaussian", "status": "RUNNING", "ts": "2026-02-05T19:29:28.839088"}
{"indicator": "088_trend_highlowindex", "status": "RUNNING", "ts": "2026-02-05T19:29:28.844550"}
{"indicator": "089_trend_histvol", "status": "RUNNING", "ts": "2026-02-05T19:29:28.849715"}
{"indicator": "090_trend_hullmaosc", "status": "RUNNING", "ts": "2026-02-05T19:29:28.855136"}
{"indicator": "091_trend_instantaneous", "status": "RUNNING", "ts": "2026-02-05T19:29:28.860581"}
{"indicator": "092_trend_kauffman", "status": "RUNNING", "ts": "2026-02-05T19:29:28.866249"}
{"indicator": "093_trend_laguerre", "status": "RUNNING", "ts": "2026-02-05T19:29:28.871567"}
{"indicator": "094_trend_linearregslope", "status": "RUNNING", "ts": "2026-02-05T19:29:28.877012"}
{"indicator": "095_volume_mfi_extended", "status": "RUNNING", "ts": "2026-02-05T19:29:28.882416"}
{"indicator": "096_trend_mcginleydynamic", "status": "RUNNING", "ts": "2026-02-05T19:29:28.887648"}
{"indicator": "097_trend_parabolicsar_extended", "status": "RUNNING", "ts": "2026-02-05T19:29:28.893176"}
{"indicator": "098_trend_pivotpoints", "status": "RUNNING", "ts": "2026-02-05T19:29:28.898921"}
{"indicator": "099_trend_priceoscillator", "status": "RUNNING", "ts": "2026-02-05T19:29:28.904569"}
{"indicator": "100_trend_renko", "status": "RUNNING", "ts": "2026-02-05T19:29:28.910040"}
{"indicator": "101_trend_inversefisher", "status": "RUNNING", "ts": "2026-02-05T19:29:28.915695"}
{"indicator": "102_trend_connorsrsi", "status": "RUNNING", "ts": "2026-02-05T19:29:28.921113"}
{"indicator": "103_trend_laguerrersi", "status": "RUNNING", "ts": "2026-02-05T19:29:28.926583"}
{"indicator": "104_trend_rmi", "status": "RUNNING", "ts": "2026-02-05T19:29:28.931726"}
{"indicator": "105_trend_ergodic", "status": "RUNNING", "ts": "2026-02-05T19:29:28.937159"}
{"indicator": "106_trend_cog", "status": "RUNNING", "ts": "2026-02-05T19:29:28.942416"}
{"indicator": "107_trend_cybercycle", "status": "RUNNING", "ts": "2026-02-05T19:29:28.947837"}
{"indicator": "108_trend_decycler", "status": "RUNNING", "ts": "2026-02-05T19:29:28.953225"}
{"indicator": "109_trend_ebs", "status": "RUNNING", "ts": "2026-02-05T19:29:28.959046"}
{"indicator": "110_trend_hilbert", "status": "RUNNING", "ts": "2026-02-05T19:29:28.964965"}
{"indicator": "111_trend_reflex", "status": "RUNNING", "ts": "2026-02-05T19:29:28.970609"}
{"indicator": "112_trend_trendvigor", "status": "RUNNING", "ts": "2026-02-05T19:29:28.975940"}
{"indicator": "113_trend_correlationcycle", "status": "RUNNING", "ts": "2026-02-05T19:29:28.981257"}
{"indicator": "114_trend_dominantcycle", "status": "RUNNING", "ts": "2026-02-05T19:29:28.986438"}
{"indicator": "115_trend_phaseaccumulation", "status": "RUNNING", "ts": "2026-02-05T19:29:28.991743"}
{"indicator": "116_trend_sinewave", "status": "RUNNING", "ts": "2026-02-05T19:29:28.997075"}
{"indicator": "117_trend_fractaldimension", "status": "RUNNING", "ts": "2026-02-05T19:29:29.002552"}
{"indicator": "118_trend_hurstexponent", "status": "RUNNING", "ts": "2026-02-05T19:29:29.007932"}
{"indicator": "119_trend_entropy", "status": "RUNNING", "ts": "2026-02-05T19:29:29.013563"}
{"indicator": "120_trend_marketstate", "status": "RUNNING", "ts": "2026-02-05T19:29:29.020075"}
{"indicator": "121_trend_regimedetection", "status": "RUNNING", "ts": "2026-02-05T19:29:29.025811"}
{"indicator": "122_trend_cycleperiod", "status": "RUNNING", "ts": "2026-02-05T19:29:29.031927"}
{"indicator": "123_trend_adaptivemacd", "status": "RUNNING", "ts": "2026-02-05T19:29:29.037331"}
{"indicator": "124_trend_macddivergence", "status": "RUNNING", "ts": "2026-02-05T19:29:29.042738"}
{"indicator": "125_trend_vhf", "status": "RUNNING", "ts": "2026-02-05T19:29:29.048302"}
{"indicator": "126_trend_trendstrengthindex", "status": "RUNNING", "ts": "2026-02-05T19:29:29.054254"}
{"indicator": "127_trend_rsquared", "status": "RUNNING", "ts": "2026-02-05T19:29:29.059699"}
{"indicator": "128_trend_pricechannels", "status": "RUNNING", "ts": "2026-02-05T19:29:29.065726"}
{"indicator": "129_trend_envelopechannels", "status": "RUNNING", "ts": "2026-02-05T19:29:29.072156"}
{"indicator": "130_trend_stdchannels", "status": "RUNNING", "ts": "2026-02-05T19:29:29.077670"}
{"indicator": "131_trend_regressionchannels", "status": "RUNNING", "ts": "2026-02-05T19:29:29.083239"}
{"indicator": "132_trend_fibonaccichannels", "status": "RUNNING", "ts": "2026-02-05T19:29:29.088766"}
{"indicator": "133_trend_accelerationbands", "status": "RUNNING", "ts": "2026-02-05T19:29:29.094500"}
{"indicator": "134_trend_starcbands", "status": "RUNNING", "ts": "2026-02-05T19:29:29.109680"}
{"indicator": "135_trend_maenvelope", "status": "RUNNING", "ts": "2026-02-05T19:29:29.120874"}
{"indicator": "136_trend_chandelierexit", "status": "RUNNING", "ts": "2026-02-05T19:29:29.126946"}
{"indicator": "137_trend_atrchannels", "status": "RUNNING", "ts": "2026-02-05T19:29:29.132213"}
{"indicator": "138_trend_volatilitychannels", "status": "RUNNING", "ts": "2026-02-05T19:29:29.140450"}
{"indicator": "139_trend_dynamicchannels", "status": "RUNNING", "ts": "2026-02-05T19:29:29.151103"}
{"indicator": "140_trend_adaptivechannels", "status": "RUNNING", "ts": "2026-02-05T19:29:29.162325"}
{"indicator": "141_trend_projectionbands", "status": "RUNNING", "ts": "2026-02-05T19:29:29.172449"}
{"indicator": "142_trend_squeezeindicator", "status": "RUNNING", "ts": "2026-02-05T19:29:29.184966"}
{"indicator": "143_trend_ttmsqueeze", "status": "RUNNING", "ts": "2026-02-05T19:29:29.205583"}
{"indicator": "144_trend_bollingerbandwidth", "status": "RUNNING", "ts": "2026-02-05T19:29:29.225349"}
{"indicator": "145_volatility_atr_breakout", "status": "RUNNING", "ts": "2026-02-05T19:29:29.241587"}
{"indicator": "145_volume_divergenceindex", "status": "RUNNING", "ts": "2026-02-05T19:29:29.258265"}
{"indicator": "146_volatility_atr_channels", "status": "RUNNING", "ts": "2026-02-05T19:29:29.272576"}
{"indicator": "146_volume_hiddendivergence", "status": "RUNNING", "ts": "2026-02-05T19:29:29.292265"}
{"indicator": "147_volatility_atr_volatility", "status": "RUNNING", "ts": "2026-02-05T19:29:29.305701"}
{"indicator": "147_volume_regulardivergence", "status": "RUNNING", "ts": "2026-02-05T19:29:29.317268"}
{"indicator": "148_volatility_atr_support_resistance", "status": "RUNNING", "ts": "2026-02-05T19:29:29.330373"}
{"indicator": "148_volume_bullishdivergence", "status": "RUNNING", "ts": "2026-02-05T19:29:29.363477"}
{"indicator": "149_volatility_adaptive_atr", "status": "RUNNING", "ts": "2026-02-05T19:29:29.394948"}
{"indicator": "149_volume_bearishdivergence", "status": "RUNNING", "ts": "2026-02-05T19:29:29.414279"}
{"indicator": "150_volatility_dynamic_atr", "status": "RUNNING", "ts": "2026-02-05T19:29:29.434702"}
{"indicator": "150_volume_multiindicatordivergence", "status": "RUNNING", "ts": "2026-02-05T19:29:29.444119"}
{"indicator": "151_volume_divergencestrength", "status": "RUNNING", "ts": "2026-02-05T19:29:29.450280"}
{"indicator": "152_volatility_implied_proxy", "status": "RUNNING", "ts": "2026-02-05T19:29:29.455580"}
{"indicator": "152_volume_divergenceconfluence", "status": "RUNNING", "ts": "2026-02-05T19:29:29.475562"}
{"indicator": "153_volatility_parkinson", "status": "RUNNING", "ts": "2026-02-05T19:29:29.495233"}
{"indicator": "153_volume_divergencemomentum", "status": "RUNNING", "ts": "2026-02-05T19:29:29.519797"}
{"indicator": "154_volatility_garman_klass", "status": "RUNNING", "ts": "2026-02-05T19:29:29.542189"}
{"indicator": "154_volume_divergencepattern", "status": "RUNNING", "ts": "2026-02-05T19:29:29.559129"}
{"indicator": "155_pattern_candlestickpatterns", "status": "RUNNING", "ts": "2026-02-05T19:29:29.572993"}
{"indicator": "155_volatility_rogers_satchell", "status": "RUNNING", "ts": "2026-02-05T19:29:29.592865"}
{"indicator": "156_pattern_priceaction", "status": "RUNNING", "ts": "2026-02-05T19:29:29.610674"}
{"indicator": "156_volatility_yang_zhang", "status": "RUNNING", "ts": "2026-02-05T19:29:29.621887"}
{"indicator": "157_pattern_chartpatterns", "status": "RUNNING", "ts": "2026-02-05T19:29:29.632535"}
{"indicator": "157_volatility_close_to_close", "status": "RUNNING", "ts": "2026-02-05T19:29:29.645062"}
{"indicator": "158_pattern_harmonicpatterns", "status": "RUNNING", "ts": "2026-02-05T19:29:29.931900"}
{"indicator": "158_volatility_realized", "status": "RUNNING", "ts": "2026-02-05T19:29:29.937521"}
{"indicator": "159_pattern_elliottwave", "status": "RUNNING", "ts": "2026-02-05T19:29:29.943097"}
{"indicator": "159_volatility_ratio", "status": "RUNNING", "ts": "2026-02-05T19:29:29.948427"}
{"indicator": "160_pattern_wyckoff", "status": "RUNNING", "ts": "2026-02-05T19:29:29.953729"}
{"indicator": "160_volatility_index", "status": "RUNNING", "ts": "2026-02-05T19:29:29.959193"}
{"indicator": "161_pattern_supportresistance", "status": "RUNNING", "ts": "2026-02-05T19:29:29.964482"}
{"indicator": "161_volatility_cone", "status": "RUNNING", "ts": "2026-02-05T19:29:29.973537"}
{"indicator": "162_pattern_trendlines", "status": "RUNNING", "ts": "2026-02-05T19:29:29.984178"}
{"indicator": "162_volatility_smile", "status": "RUNNING", "ts": "2026-02-05T19:29:30.003172"}
{"indicator": "163_pattern_fibonacciretracement", "status": "RUNNING", "ts": "2026-02-05T19:29:30.038941"}
{"indicator": "163_volatility_skew", "status": "RUNNING", "ts": "2026-02-05T19:29:30.070583"}
{"indicator": "164_pattern_fibonacciextension", "status": "RUNNING", "ts": "2026-02-05T19:29:30.098062"}
{"indicator": "164_volatility_surface", "status": "RUNNING", "ts": "2026-02-05T19:29:30.114592"}
{"indicator": "165_pattern_pivotpoints", "status": "RUNNING", "ts": "2026-02-05T19:29:30.120290"}
{"indicator": "165_volatility_clustering", "status": "RUNNING", "ts": "2026-02-05T19:29:30.125967"}
{"indicator": "166_volatility_garch", "status": "RUNNING", "ts": "2026-02-05T19:29:30.131392"}
{"indicator": "167_volatility_ewma", "status": "RUNNING", "ts": "2026-02-05T19:29:30.137286"}
{"indicator": "168_volatility_coefficient_variation", "status": "RUNNING", "ts": "2026-02-05T19:29:30.142889"}
{"indicator": "169_volatility_regime_detection", "status": "RUNNING", "ts": "2026-02-05T19:29:30.148715"}
{"indicator": "170_volatility_breakout", "status": "RUNNING", "ts": "2026-02-05T19:29:30.154292"}
{"indicator": "171_range_true_range", "status": "RUNNING", "ts": "2026-02-05T19:29:30.159773"}
{"indicator": "172_range_daily", "status": "RUNNING", "ts": "2026-02-05T19:29:30.165378"}
{"indicator": "173_range_weekly", "status": "RUNNING", "ts": "2026-02-05T19:29:30.170699"}
{"indicator": "174_range_monthly", "status": "RUNNING", "ts": "2026-02-05T19:29:30.176078"}
{"indicator": "175_range_expansion_index", "status": "RUNNING", "ts": "2026-02-05T19:29:30.181268"}
{"indicator": "176_range_contraction_index", "status": "RUNNING", "ts": "2026-02-05T19:29:30.186579"}
{"indicator": "177_range_breakout", "status": "RUNNING", "ts": "2026-02-05T19:29:30.192160"}
{"indicator": "178_range_bound", "status": "RUNNING", "ts": "2026-02-05T19:29:30.198023"}
{"indicator": "179_range_filter", "status": "RUNNING", "ts": "2026-02-05T19:29:30.203524"}
{"indicator": "180_range_adaptive", "status": "RUNNING", "ts": "2026-02-05T19:29:30.209039"}
{"indicator": "181_volume_weighted_price", "status": "RUNNING", "ts": "2026-02-05T19:29:30.214478"}
{"indicator": "182_volume_momentum", "status": "RUNNING", "ts": "2026-02-05T19:29:30.219964"}
{"indicator": "183_volume_trend", "status": "RUNNING", "ts": "2026-02-05T19:29:30.225449"}
{"indicator": "184_volume_oscillator", "status": "RUNNING", "ts": "2026-02-05T19:29:30.230849"}
{"indicator": "185_volume_divergence", "status": "RUNNING", "ts": "2026-02-05T19:29:30.236170"}
{"indicator": "186_volume_spread_analysis", "status": "RUNNING", "ts": "2026-02-05T19:29:30.241734"}
{"indicator": "187_volume_profile", "status": "RUNNING", "ts": "2026-02-05T19:29:30.247711"}
{"indicator": "188_volume_price_trend", "status": "RUNNING", "ts": "2026-02-05T19:29:30.253632"}
{"indicator": "189_volume_roc", "status": "RUNNING", "ts": "2026-02-05T19:29:30.259664"}
{"indicator": "190_volume_weighted_average_price", "status": "RUNNING", "ts": "2026-02-05T19:29:30.265376"}
{"indicator": "191_volume_zone_oscillator", "status": "RUNNING", "ts": "2026-02-05T19:29:30.270805"}
{"indicator": "192_volume_accumulation_distribution", "status": "RUNNING", "ts": "2026-02-05T19:29:30.276742"}
{"indicator": "193_volume_price_confirmation", "status": "RUNNING", "ts": "2026-02-05T19:29:30.282676"}
{"indicator": "194_volume_intensity", "status": "RUNNING", "ts": "2026-02-05T19:29:30.288258"}
{"indicator": "195_volume_force_index", "status": "RUNNING", "ts": "2026-02-05T19:29:30.293789"}
{"indicator": "196_volume_weighted_momentum", "status": "RUNNING", "ts": "2026-02-05T19:29:30.308211"}
{"indicator": "197_volume_efficiency", "status": "RUNNING", "ts": "2026-02-05T19:29:30.314617"}
{"indicator": "198_volume_delta", "status": "RUNNING", "ts": "2026-02-05T19:29:30.320229"}
{"indicator": "199_volume_flow_indicator", "status": "RUNNING", "ts": "2026-02-05T19:29:30.325838"}
{"indicator": "200_volume_accumulation", "status": "RUNNING", "ts": "2026-02-05T19:29:30.331283"}
{"indicator": "200_volume_spread_analysis", "status": "RUNNING", "ts": "2026-02-05T19:29:30.336984"}
{"indicator": "201_volume_profile", "status": "RUNNING", "ts": "2026-02-05T19:29:30.342430"}
{"indicator": "202_volume_at_price", "status": "RUNNING", "ts": "2026-02-05T19:29:30.348392"}
{"indicator": "203_point_of_control", "status": "RUNNING", "ts": "2026-02-05T19:29:30.354008"}
{"indicator": "204_value_area_high", "status": "RUNNING", "ts": "2026-02-05T19:29:30.360160"}
{"indicator": "205_value_area_low", "status": "RUNNING", "ts": "2026-02-05T19:29:30.365805"}
{"indicator": "206_volume_weighted_ma", "status": "RUNNING", "ts": "2026-02-05T19:29:30.371304"}
{"indicator": "207_volume_spread_analysis", "status": "RUNNING", "ts": "2026-02-05T19:29:30.377479"}
{"indicator": "208_wyckoff_volume", "status": "RUNNING", "ts": "2026-02-05T19:29:30.383343"}
{"indicator": "209_smart_money_index", "status": "RUNNING", "ts": "2026-02-05T19:29:30.388804"}
{"indicator": "210_tick_volume_index", "status": "RUNNING", "ts": "2026-02-05T19:29:30.394234"}
{"indicator": "211_volume_breakout", "status": "RUNNING", "ts": "2026-02-05T19:29:30.399827"}
{"indicator": "212_volume_climax", "status": "RUNNING", "ts": "2026-02-05T19:29:30.405945"}
{"indicator": "213_volume_exhaustion", "status": "RUNNING", "ts": "2026-02-05T19:29:30.412097"}
{"indicator": "214_volume_divergence", "status": "RUNNING", "ts": "2026-02-05T19:29:30.417679"}
{"indicator": "215_volume_confirmation", "status": "RUNNING", "ts": "2026-02-05T19:29:30.423847"}
{"indicator": "216_volume_momentum", "status": "RUNNING", "ts": "2026-02-05T19:29:30.429699"}
{"indicator": "217_volume_strength", "status": "RUNNING", "ts": "2026-02-05T19:29:30.435892"}
{"indicator": "218_volume_pressure", "status": "RUNNING", "ts": "2026-02-05T19:29:30.441424"}
{"indicator": "219_volume_distribution", "status": "RUNNING", "ts": "2026-02-05T19:29:30.447346"}
{"indicator": "220_volume_cycle", "status": "RUNNING", "ts": "2026-02-05T19:29:30.453214"}
{"indicator": "221_tick_volume", "status": "RUNNING", "ts": "2026-02-05T19:29:30.458821"}
{"indicator": "222_trade_volume", "status": "RUNNING", "ts": "2026-02-05T19:29:30.464840"}
{"indicator": "223_buy_volume", "status": "RUNNING", "ts": "2026-02-05T19:29:30.470657"}
{"indicator": "224_sell_volume", "status": "RUNNING", "ts": "2026-02-05T19:29:30.489019"}
{"indicator": "225_delta_volume", "status": "RUNNING", "ts": "2026-02-05T19:29:30.517331"}
{"indicator": "226_cumulative_delta", "status": "RUNNING", "ts": "2026-02-05T19:29:30.537516"}
{"indicator": "227_volume_imbalance", "status": "RUNNING", "ts": "2026-02-05T19:29:30.561294"}
{"indicator": "228_order_flow", "status": "RUNNING", "ts": "2026-02-05T19:29:30.581152"}
{"indicator": "229_market_depth", "status": "RUNNING", "ts": "2026-02-05T19:29:30.591456"}
{"indicator": "230_bid_ask_spread", "status": "RUNNING", "ts": "2026-02-05T19:29:30.597806"}
{"indicator": "231_bid_volume", "status": "RUNNING", "ts": "2026-02-05T19:29:30.603628"}
{"indicator": "232_ask_volume", "status": "RUNNING", "ts": "2026-02-05T19:29:30.609709"}
{"indicator": "233_trade_intensity", "status": "RUNNING", "ts": "2026-02-05T19:29:30.615584"}
{"indicator": "234_trade_frequency", "status": "RUNNING", "ts": "2026-02-05T19:29:30.621132"}
{"indicator": "235_average_trade_size", "status": "RUNNING", "ts": "2026-02-05T19:29:30.628011"}
{"indicator": "236_large_trade_detector", "status": "RUNNING", "ts": "2026-02-05T19:29:30.634441"}
{"indicator": "237_block_trade_detector", "status": "RUNNING", "ts": "2026-02-05T19:29:30.640353"}
{"indicator": "238_institutional_volume", "status": "RUNNING", "ts": "2026-02-05T19:29:30.646434"}
{"indicator": "239_retail_volume", "status": "RUNNING", "ts": "2026-02-05T19:29:30.652682"}
{"indicator": "240_dark_pool_activity", "status": "RUNNING", "ts": "2026-02-05T19:29:30.658747"}
{"indicator": "241_skewness", "status": "RUNNING", "ts": "2026-02-05T19:29:30.665415"}
{"indicator": "242_kurtosis", "status": "RUNNING", "ts": "2026-02-05T19:29:30.671927"}
{"indicator": "243_zscore", "status": "RUNNING", "ts": "2026-02-05T19:29:30.678329"}
{"indicator": "244_tscore", "status": "RUNNING", "ts": "2026-02-05T19:29:30.683913"}
{"indicator": "245_percentile", "status": "RUNNING", "ts": "2026-02-05T19:29:30.689584"}
{"indicator": "246_quartile", "status": "RUNNING", "ts": "2026-02-05T19:29:30.695462"}
{"indicator": "247_iqr", "status": "RUNNING", "ts": "2026-02-05T19:29:30.701211"}
{"indicator": "248_mad", "status": "RUNNING", "ts": "2026-02-05T19:29:30.706795"}
{"indicator": "249_coefficient_variation", "status": "RUNNING", "ts": "2026-02-05T19:29:30.712816"}
{"indicator": "250_correlation_coefficient", "status": "RUNNING", "ts": "2026-02-05T19:29:30.718570"}
{"indicator": "251_covariance", "status": "RUNNING", "ts": "2026-02-05T19:29:30.724439"}
{"indicator": "252_beta", "status": "RUNNING", "ts": "2026-02-05T19:29:30.731112"}
{"indicator": "253_sharpe_ratio", "status": "RUNNING", "ts": "2026-02-05T19:29:30.736964"}
{"indicator": "254_sortino_ratio", "status": "RUNNING", "ts": "2026-02-05T19:29:30.742784"}
{"indicator": "255_calmar_ratio", "status": "RUNNING", "ts": "2026-02-05T19:29:30.748804"}
{"indicator": "256_linear_regression", "status": "RUNNING", "ts": "2026-02-05T19:29:30.754410"}
{"indicator": "257_polynomial_regression", "status": "RUNNING", "ts": "2026-02-05T19:29:30.760549"}
{"indicator": "258_exponential_regression", "status": "RUNNING", "ts": "2026-02-05T19:29:30.766320"}
{"indicator": "259_logarithmic_regression", "status": "RUNNING", "ts": "2026-02-05T19:29:30.771975"}
{"indicator": "260_power_regression", "status": "RUNNING", "ts": "2026-02-05T19:29:30.779139"}
{"indicator": "261_ridge_regression", "status": "RUNNING", "ts": "2026-02-05T19:29:30.785428"}
{"indicator": "262_lasso_regression", "status": "RUNNING", "ts": "2026-02-05T19:29:30.790964"}
{"indicator": "263_elastic_net", "status": "RUNNING", "ts": "2026-02-05T19:29:30.796422"}
{"indicator": "264_time_series_regression", "status": "RUNNING", "ts": "2026-02-05T19:29:30.802320"}
{"indicator": "265_auto_regression", "status": "RUNNING", "ts": "2026-02-05T19:29:30.808651"}
{"indicator": "266_moving_average_model", "status": "RUNNING", "ts": "2026-02-05T19:29:30.815287"}
{"indicator": "267_arma_model", "status": "RUNNING", "ts": "2026-02-05T19:29:30.821413"}
{"indicator": "268_arima_model", "status": "RUNNING", "ts": "2026-02-05T19:29:30.827096"}
{"indicator": "269_sarima_model", "status": "RUNNING", "ts": "2026-02-05T19:29:30.833187"}
{"indicator": "270_garch_model", "status": "RUNNING", "ts": "2026-02-05T19:29:30.839178"}
{"indicator": "271_exponential_smoothing", "status": "RUNNING", "ts": "2026-02-05T19:29:30.845397"}
{"indicator": "272_holt_winters", "status": "RUNNING", "ts": "2026-02-05T19:29:30.851713"}
{"indicator": "273_kalman_filter", "status": "RUNNING", "ts": "2026-02-05T19:29:30.858014"}
{"indicator": "274_particle_filter", "status": "RUNNING", "ts": "2026-02-05T19:29:30.863741"}
{"indicator": "275_linear_regression_slope", "status": "RUNNING", "ts": "2026-02-05T19:29:30.869199"}
{"indicator": "276_candlestick_patterns", "status": "RUNNING", "ts": "2026-02-05T19:29:30.874768"}
{"indicator": "277_chart_patterns", "status": "RUNNING", "ts": "2026-02-05T19:29:30.880366"}
{"indicator": "278_harmonic_patterns", "status": "RUNNING", "ts": "2026-02-05T19:29:30.886241"}
{"indicator": "279_elliott_wave", "status": "RUNNING", "ts": "2026-02-05T19:29:30.892145"}
{"indicator": "280_fibonacci_retracements", "status": "RUNNING", "ts": "2026-02-05T19:29:30.898473"}
{"indicator": "281_fibonacci_extensions", "status": "RUNNING", "ts": "2026-02-05T19:29:30.904429"}
{"indicator": "282_fibonacci_fans", "status": "RUNNING", "ts": "2026-02-05T19:29:31.074220"}
{"indicator": "283_fibonacci_arcs", "status": "RUNNING", "ts": "2026-02-05T19:29:31.081214"}
{"indicator": "284_fibonacci_time_zones", "status": "RUNNING", "ts": "2026-02-05T19:29:31.087379"}
{"indicator": "285_gann_angles", "status": "RUNNING", "ts": "2026-02-05T19:29:31.093569"}
{"indicator": "286_gann_square_of_9", "status": "RUNNING", "ts": "2026-02-05T19:29:31.100395"}
{"indicator": "287_gann_fans", "status": "RUNNING", "ts": "2026-02-05T19:29:31.112423"}
{"indicator": "288_andrews_pitchfork", "status": "RUNNING", "ts": "2026-02-05T19:29:31.118398"}
{"indicator": "289_pivot_points_extended", "status": "RUNNING", "ts": "2026-02-05T19:29:31.125397"}
{"indicator": "290_support_resistance", "status": "RUNNING", "ts": "2026-02-05T19:29:31.131333"}
{"indicator": "291_normal_distribution", "status": "RUNNING", "ts": "2026-02-05T19:29:31.136816"}
{"indicator": "292_lognormal_distribution", "status": "RUNNING", "ts": "2026-02-05T19:29:31.142490"}
{"indicator": "293_monte_carlo", "status": "RUNNING", "ts": "2026-02-05T19:29:31.148142"}
{"indicator": "294_bootstrap_sampling", "status": "RUNNING", "ts": "2026-02-05T19:29:31.155564"}
{"indicator": "295_bayesian_inference", "status": "RUNNING", "ts": "2026-02-05T19:29:31.161209"}
{"indicator": "296_confidence_intervals", "status": "RUNNING", "ts": "2026-02-05T19:29:31.167049"}
{"indicator": "297_hypothesis_testing", "status": "RUNNING", "ts": "2026-02-05T19:29:31.173030"}
{"indicator": "298_pvalue_calculator", "status": "RUNNING", "ts": "2026-02-05T19:29:31.179135"}
{"indicator": "299_statistical_significance", "status": "RUNNING", "ts": "2026-02-05T19:29:31.184709"}
{"indicator": "300_probability_distribution", "status": "RUNNING", "ts": "2026-02-05T19:29:31.190370"}
{"indicator": "301_bayesian_probability", "status": "RUNNING", "ts": "2026-02-05T19:29:31.195929"}
{"indicator": "302_monte_carlo_probability", "status": "RUNNING", "ts": "2026-02-05T19:29:31.201540"}
{"indicator": "303_statistical_arbitrage", "status": "RUNNING", "ts": "2026-02-05T19:29:31.207241"}
{"indicator": "304_regime_switching", "status": "RUNNING", "ts": "2026-02-05T19:29:31.213466"}
{"indicator": "305_adaptive_trend_filter", "status": "RUNNING", "ts": "2026-02-05T19:29:31.219121"}
{"indicator": "305_markov_chain", "status": "RUNNING", "ts": "2026-02-05T19:29:31.225261"}
{"indicator": "306_gradient_boosting_signal", "status": "RUNNING", "ts": "2026-02-05T19:29:31.231612"}
{"indicator": "307_random_forest_ensemble", "status": "RUNNING", "ts": "2026-02-05T19:29:31.237194"}
{"indicator": "308_neural_network_prediction", "status": "RUNNING", "ts": "2026-02-05T19:29:31.242976"}
{"indicator": "309_lstm_pattern_recognition", "status": "RUNNING", "ts": "2026-02-05T19:29:31.248619"}
{"indicator": "310_reinforcement_learning_signal", "status": "RUNNING", "ts": "2026-02-05T19:29:31.254901"}
{"indicator": "311_convolutional_pattern", "status": "RUNNING", "ts": "2026-02-05T19:29:31.261148"}
{"indicator": "312_attention_mechanism", "status": "RUNNING", "ts": "2026-02-05T19:29:31.267271"}
{"indicator": "313_transformer_signal", "status": "RUNNING", "ts": "2026-02-05T19:29:31.275142"}
{"indicator": "314_autoencoder_anomaly", "status": "RUNNING", "ts": "2026-02-05T19:29:31.291764"}
{"indicator": "315_gan_price_generator", "status": "RUNNING", "ts": "2026-02-05T19:29:31.304478"}
{"indicator": "316_xgboost_signal", "status": "RUNNING", "ts": "2026-02-05T19:29:31.317364"}
{"indicator": "317_ensemble_voting", "status": "RUNNING", "ts": "2026-02-05T19:29:31.330351"}
{"indicator": "318_stacking_ensemble", "status": "RUNNING", "ts": "2026-02-05T19:29:31.342025"}
{"indicator": "319_bagging_predictor", "status": "RUNNING", "ts": "2026-02-05T19:29:31.353334"}
{"indicator": "320_boosting_cascade", "status": "RUNNING", "ts": "2026-02-05T19:29:31.362391"}
{"indicator": "321_automl_optimizer", "status": "RUNNING", "ts": "2026-02-05T19:29:31.371526"}
{"indicator": "322_meta_learning", "status": "RUNNING", "ts": "2026-02-05T19:29:31.381098"}
{"indicator": "323_transfer_learning", "status": "RUNNING", "ts": "2026-02-05T19:29:31.391487"}
{"indicator": "324_few_shot_learning", "status": "RUNNING", "ts": "2026-02-05T19:29:31.399752"}
{"indicator": "325_online_learning", "status": "RUNNING", "ts": "2026-02-05T19:29:31.405749"}
{"indicator": "326_hybrid_ml_technical", "status": "RUNNING", "ts": "2026-02-05T19:29:31.411338"}
{"indicator": "327_adaptive_ensemble", "status": "RUNNING", "ts": "2026-02-05T19:29:31.416787"}
{"indicator": "328_multi_model_fusion", "status": "RUNNING", "ts": "2026-02-05T19:29:31.422433"}
{"indicator": "329_dynamic_model_selection", "status": "RUNNING", "ts": "2026-02-05T19:29:31.429117"}
{"indicator": "330_consensus_aggregator", "status": "RUNNING", "ts": "2026-02-05T19:29:31.434840"}
{"indicator": "331_feature_importance_ranker", "status": "RUNNING", "ts": "2026-02-05T19:29:31.440350"}
{"indicator": "332_feature_selection_filter", "status": "RUNNING", "ts": "2026-02-05T19:29:31.445982"}
{"indicator": "333_feature_interaction", "status": "RUNNING", "ts": "2026-02-05T19:29:31.452036"}
{"indicator": "334_polynomial_features", "status": "RUNNING", "ts": "2026-02-05T19:29:31.457632"}
{"indicator": "335_feature_engineering_auto", "status": "RUNNING", "ts": "2026-02-05T19:29:31.462952"}
{"indicator": "336_pca_signal", "status": "RUNNING", "ts": "2026-02-05T19:29:31.468371"}
{"indicator": "337_ica_signal", "status": "RUNNING", "ts": "2026-02-05T19:29:31.473739"}
{"indicator": "338_manifold_learning", "status": "RUNNING", "ts": "2026-02-05T19:29:31.484520"}
{"indicator": "339_tsne_clustering", "status": "RUNNING", "ts": "2026-02-05T19:29:31.491372"}
{"indicator": "340_autoencoder_compression", "status": "RUNNING", "ts": "2026-02-05T19:29:31.501571"}
{"indicator": "341_kmeans_clustering", "status": "RUNNING", "ts": "2026-02-05T19:29:31.522942"}
{"indicator": "342_dbscan_anomaly", "status": "RUNNING", "ts": "2026-02-05T19:29:31.530129"}
{"indicator": "343_hierarchical_clustering", "status": "RUNNING", "ts": "2026-02-05T19:29:31.535688"}
{"indicator": "344_gaussian_mixture", "status": "RUNNING", "ts": "2026-02-05T19:29:31.541031"}
{"indicator": "345_spectral_clustering", "status": "RUNNING", "ts": "2026-02-05T19:29:31.546612"}
{"indicator": "346_arima_forecast", "status": "RUNNING", "ts": "2026-02-05T19:29:31.552493"}
{"indicator": "347_exponential_smoothing", "status": "RUNNING", "ts": "2026-02-05T19:29:31.558450"}
{"indicator": "348_kalman_filter", "status": "RUNNING", "ts": "2026-02-05T19:29:31.564282"}
{"indicator": "349_wavelet_decomposition", "status": "RUNNING", "ts": "2026-02-05T19:29:31.569613"}
{"indicator": "350_seasonal_decomposition", "status": "RUNNING", "ts": "2026-02-05T19:29:31.575873"}
{"indicator": "351_prophet_forecast", "status": "RUNNING", "ts": "2026-02-05T19:29:31.581379"}
{"indicator": "352_garch_volatility", "status": "RUNNING", "ts": "2026-02-05T19:29:31.586771"}
{"indicator": "353_var_forecast", "status": "RUNNING", "ts": "2026-02-05T19:29:31.592253"}
{"indicator": "354_state_space_model", "status": "RUNNING", "ts": "2026-02-05T19:29:31.597859"}
{"indicator": "355_granger_causality", "status": "RUNNING", "ts": "2026-02-05T19:29:31.603774"}
{"indicator": "356_cointegration_signal", "status": "RUNNING", "ts": "2026-02-05T19:29:31.609312"}
{"indicator": "357_stochastic_process", "status": "RUNNING", "ts": "2026-02-05T19:29:31.614803"}
{"indicator": "358_jump_diffusion", "status": "RUNNING", "ts": "2026-02-05T19:29:31.620425"}
{"indicator": "359_mean_reversion_speed", "status": "RUNNING", "ts": "2026-02-05T19:29:31.626637"}
{"indicator": "360_hurst_exponent", "status": "RUNNING", "ts": "2026-02-05T19:29:31.632212"}
{"indicator": "361_isolation_forest", "status": "RUNNING", "ts": "2026-02-05T19:29:31.637584"}
{"indicator": "362_local_outlier_factor", "status": "RUNNING", "ts": "2026-02-05T19:29:31.643103"}
{"indicator": "363_one_class_svm", "status": "RUNNING", "ts": "2026-02-05T19:29:31.648578"}
{"indicator": "364_elliptic_envelope", "status": "RUNNING", "ts": "2026-02-05T19:29:31.654542"}
{"indicator": "365_statistical_anomaly", "status": "RUNNING", "ts": "2026-02-05T19:29:31.660206"}
{"indicator": "366_candlestick_pattern_ml", "status": "RUNNING", "ts": "2026-02-05T19:29:31.666352"}
{"indicator": "367_chart_pattern_detector", "status": "RUNNING", "ts": "2026-02-05T19:29:31.671853"}
{"indicator": "368_harmonic_pattern", "status": "RUNNING", "ts": "2026-02-05T19:29:31.677358"}
{"indicator": "369_elliott_wave_detector", "status": "RUNNING", "ts": "2026-02-05T19:29:31.683036"}
{"indicator": "370_wyckoff_accumulation", "status": "RUNNING", "ts": "2026-02-05T19:29:31.688741"}
{"indicator": "371_fourier_transform", "status": "RUNNING", "ts": "2026-02-05T19:29:31.694289"}
{"indicator": "372_hilbert_transform", "status": "RUNNING", "ts": "2026-02-05T19:29:31.704550"}
{"indicator": "373_bandpass_filter", "status": "RUNNING", "ts": "2026-02-05T19:29:31.711811"}
{"indicator": "374_adaptive_filter", "status": "RUNNING", "ts": "2026-02-05T19:29:31.718646"}
{"indicator": "375_spectral_analysis", "status": "RUNNING", "ts": "2026-02-05T19:29:31.724277"}
{"indicator": "376_shannon_entropy", "status": "RUNNING", "ts": "2026-02-05T19:29:31.729798"}
{"indicator": "377_mutual_information", "status": "RUNNING", "ts": "2026-02-05T19:29:31.735630"}
{"indicator": "378_transfer_entropy", "status": "RUNNING", "ts": "2026-02-05T19:29:31.741217"}
{"indicator": "379_approximate_entropy", "status": "RUNNING", "ts": "2026-02-05T19:29:31.746642"}
{"indicator": "380_sample_entropy", "status": "RUNNING", "ts": "2026-02-05T19:29:31.752807"}
{"indicator": "381_kolmogorov_complexity", "status": "RUNNING", "ts": "2026-02-05T19:29:31.758627"}
{"indicator": "382_lempel_ziv_complexity", "status": "RUNNING", "ts": "2026-02-05T19:29:31.765221"}
{"indicator": "383_permutation_entropy", "status": "RUNNING", "ts": "2026-02-05T19:29:31.771273"}
{"indicator": "384_multiscale_entropy", "status": "RUNNING", "ts": "2026-02-05T19:29:31.777715"}
{"indicator": "385_compression_ratio", "status": "RUNNING", "ts": "2026-02-05T19:29:31.783002"}
{"indicator": "386_correlation_network", "status": "RUNNING", "ts": "2026-02-05T19:29:31.788362"}
{"indicator": "387_graph_centrality", "status": "RUNNING", "ts": "2026-02-05T19:29:31.793634"}
{"indicator": "388_network_topology", "status": "RUNNING", "ts": "2026-02-05T19:29:31.799604"}
{"indicator": "389_community_detection", "status": "RUNNING", "ts": "2026-02-05T19:29:31.805190"}
{"indicator": "390_pagerank_signal", "status": "RUNNING", "ts": "2026-02-05T19:29:31.810754"}
{"indicator": "391_lyapunov_exponent", "status": "RUNNING", "ts": "2026-02-05T19:29:31.816831"}
{"indicator": "392_attractor_dimension", "status": "RUNNING", "ts": "2026-02-05T19:29:31.822448"}
{"indicator": "393_phase_space_reconstruction", "status": "RUNNING", "ts": "2026-02-05T19:29:31.828345"}
{"indicator": "394_bifurcation_detector", "status": "RUNNING", "ts": "2026-02-05T19:29:31.834098"}
{"indicator": "395_nonlinear_prediction", "status": "RUNNING", "ts": "2026-02-05T19:29:31.839768"}
{"indicator": "396_recurrence_plot", "status": "RUNNING", "ts": "2026-02-05T19:29:31.845269"}
{"indicator": "397_recurrence_quantification", "status": "RUNNING", "ts": "2026-02-05T19:29:31.851359"}
{"indicator": "398_cross_recurrence", "status": "RUNNING", "ts": "2026-02-05T19:29:31.857788"}
{"indicator": "399_diagonal_line_analysis", "status": "RUNNING", "ts": "2026-02-05T19:29:31.863469"}
{"indicator": "400_recurrence_time", "status": "RUNNING", "ts": "2026-02-05T19:29:31.869238"}
{"indicator": "401_bid_ask_spread", "status": "RUNNING", "ts": "2026-02-05T19:29:31.874886"}
{"indicator": "402_order_flow_imbalance", "status": "RUNNING", "ts": "2026-02-05T19:29:31.882305"}
{"indicator": "403_market_depth", "status": "RUNNING", "ts": "2026-02-05T19:29:31.888840"}
{"indicator": "404_trade_intensity", "status": "RUNNING", "ts": "2026-02-05T19:29:31.900874"}
{"indicator": "405_price_impact", "status": "RUNNING", "ts": "2026-02-05T19:29:31.910592"}
{"indicator": "406_volume_weighted_spread", "status": "RUNNING", "ts": "2026-02-05T19:29:31.917235"}
{"indicator": "407_effective_spread", "status": "RUNNING", "ts": "2026-02-05T19:29:31.928923"}
{"indicator": "408_quoted_spread", "status": "RUNNING", "ts": "2026-02-05T19:29:31.937575"}
{"indicator": "409_roll_measure", "status": "RUNNING", "ts": "2026-02-05T19:29:31.943340"}
{"indicator": "410_amihud_illiquidity", "status": "RUNNING", "ts": "2026-02-05T19:29:31.948780"}
{"indicator": "411_volume_synchronized_probability", "status": "RUNNING", "ts": "2026-02-05T19:29:31.954582"}
{"indicator": "412_kyle_lambda", "status": "RUNNING", "ts": "2026-02-05T19:29:31.960491"}
{"indicator": "413_hasbrouck_information_share", "status": "RUNNING", "ts": "2026-02-05T19:29:31.966336"}
{"indicator": "414_adverse_selection", "status": "RUNNING", "ts": "2026-02-05T19:29:31.971885"}
{"indicator": "415_inventory_risk", "status": "RUNNING", "ts": "2026-02-05T19:29:31.977590"}
{"indicator": "416_market_making_spread", "status": "RUNNING", "ts": "2026-02-05T19:29:31.983097"}
{"indicator": "417_execution_shortfall", "status": "RUNNING", "ts": "2026-02-05T19:29:31.989368"}
{"indicator": "418_implementation_shortfall", "status": "RUNNING", "ts": "2026-02-05T19:29:31.995206"}
{"indicator": "419_arrival_price_benchmark", "status": "RUNNING", "ts": "2026-02-05T19:29:32.000860"}
{"indicator": "420_vwap_execution_quality", "status": "RUNNING", "ts": "2026-02-05T19:29:32.006446"}
{"indicator": "421_tick_direction", "status": "RUNNING", "ts": "2026-02-05T19:29:32.012232"}
{"indicator": "422_tick_rule", "status": "RUNNING", "ts": "2026-02-05T19:29:32.017970"}
{"indicator": "423_quote_rule", "status": "RUNNING", "ts": "2026-02-05T19:29:32.023665"}
{"indicator": "424_order_book_imbalance", "status": "RUNNING", "ts": "2026-02-05T19:29:32.033766"}
{"indicator": "425_order_book_slope", "status": "RUNNING", "ts": "2026-02-05T19:29:32.049800"}
{"indicator": "426_limit_order_book_pressure", "status": "RUNNING", "ts": "2026-02-05T19:29:32.294327"}
{"indicator": "427_twap_deviation", "status": "RUNNING", "ts": "2026-02-05T19:29:32.300303"}
{"indicator": "428_participation_rate", "status": "RUNNING", "ts": "2026-02-05T19:29:32.305999"}
{"indicator": "429_urgency_cost", "status": "RUNNING", "ts": "2026-02-05T19:29:32.311518"}
{"indicator": "430_latency_arbitrage", "status": "RUNNING", "ts": "2026-02-05T19:29:32.316791"}
{"indicator": "431_iceberg_detection", "status": "RUNNING", "ts": "2026-02-05T19:29:32.322121"}
{"indicator": "432_pov_algorithm", "status": "RUNNING", "ts": "2026-02-05T19:29:32.327572"}
{"indicator": "433_smart_order_routing", "status": "RUNNING", "ts": "2026-02-05T19:29:32.332830"}
{"indicator": "434_dark_pool_indicator", "status": "RUNNING", "ts": "2026-02-05T19:29:32.338706"}
{"indicator": "435_algo_detection", "status": "RUNNING", "ts": "2026-02-05T19:29:32.344929"}
{"indicator": "436_iceberg_detection", "status": "RUNNING", "ts": "2026-02-05T19:29:32.350347"}
{"indicator": "437_pov_algorithm", "status": "RUNNING", "ts": "2026-02-05T19:29:32.355698"}
{"indicator": "438_smart_order_routing", "status": "RUNNING", "ts": "2026-02-05T19:29:32.361283"}
{"indicator": "439_dark_pool_activity", "status": "RUNNING", "ts": "2026-02-05T19:29:32.367077"}
{"indicator": "440_algo_trading_detection", "status": "RUNNING", "ts": "2026-02-05T19:29:32.372518"}
{"indicator": "441_market_maker_inventory", "status": "RUNNING", "ts": "2026-02-05T19:29:32.378001"}
{"indicator": "442_quote_stuffing", "status": "RUNNING", "ts": "2026-02-05T19:29:32.383385"}
{"indicator": "443_spoofing_detection", "status": "RUNNING", "ts": "2026-02-05T19:29:32.388624"}
{"indicator": "444_wash_trading", "status": "RUNNING", "ts": "2026-02-05T19:29:32.394234"}
{"indicator": "445_front_running", "status": "RUNNING", "ts": "2026-02-05T19:29:32.400096"}
{"indicator": "446_momentum_ignition", "status": "RUNNING", "ts": "2026-02-05T19:29:32.405639"}
{"indicator": "447_pump_dump", "status": "RUNNING", "ts": "2026-02-05T19:29:32.411529"}
{"indicator": "448_liquidity_hunting", "status": "RUNNING", "ts": "2026-02-05T19:29:32.417555"}
{"indicator": "449_order_anticipation", "status": "RUNNING", "ts": "2026-02-05T19:29:32.423214"}
{"indicator": "450_hft_toxicity", "status": "RUNNING", "ts": "2026-02-05T19:29:32.429281"}
{"indicator": "451_market_quality_index", "status": "RUNNING", "ts": "2026-02-05T19:29:32.434731"}
{"indicator": "452_microstructure_noise", "status": "RUNNING", "ts": "2026-02-05T19:29:32.440789"}
{"indicator": "453_effective_tick_size", "status": "RUNNING", "ts": "2026-02-05T19:29:32.446769"}
{"indicator": "454_realized_volatility_signature", "status": "RUNNING", "ts": "2026-02-05T19:29:32.453257"}
{"indicator": "455_price_discovery", "status": "RUNNING", "ts": "2026-02-05T19:29:32.459741"}
{"indicator": "456_pin_risk", "status": "RUNNING", "ts": "2026-02-05T19:29:32.465479"}
{"indicator": "457_market_resilience", "status": "RUNNING", "ts": "2026-02-05T19:29:32.471446"}
{"indicator": "458_trade_duration", "status": "RUNNING", "ts": "2026-02-05T19:29:32.477171"}
{"indicator": "459_market_fragmentation", "status": "RUNNING", "ts": "2026-02-05T19:29:32.482766"}
{"indicator": "460_execution_probability", "status": "RUNNING", "ts": "2026-02-05T19:29:32.488100"}
{"indicator": "461_order_flow_toxicity", "status": "RUNNING", "ts": "2026-02-05T19:29:32.493523"}
{"indicator": "462_market_making_profitability", "status": "RUNNING", "ts": "2026-02-05T19:29:32.499654"}
{"indicator": "463_queue_position", "status": "RUNNING", "ts": "2026-02-05T19:29:32.505698"}
{"indicator": "464_liquidity_provision_score", "status": "RUNNING", "ts": "2026-02-05T19:29:32.511774"}
{"indicator": "465_execution_slippage", "status": "RUNNING", "ts": "2026-02-05T19:29:32.517289"}
{"indicator": "466_transaction_cost_analysis", "status": "RUNNING", "ts": "2026-02-05T19:29:32.523015"}
{"indicator": "467_best_execution", "status": "RUNNING", "ts": "2026-02-05T19:29:32.528898"}
{"indicator": "468_venue_selection", "status": "RUNNING", "ts": "2026-02-05T19:29:32.534936"}
{"indicator": "469_order_book_dynamics", "status": "RUNNING", "ts": "2026-02-05T19:29:32.540640"}
{"indicator": "470_high_frequency_momentum", "status": "RUNNING", "ts": "2026-02-05T19:29:32.546420"}
{"indicator": "471_market_impact_model", "status": "RUNNING", "ts": "2026-02-05T19:29:32.552494"}
{"indicator": "472_optimal_execution_horizon", "status": "RUNNING", "ts": "2026-02-05T19:29:32.558952"}
{"indicator": "473_trade_aggressiveness", "status": "RUNNING", "ts": "2026-02-05T19:29:32.564193"}
{"indicator": "474_smart_money_flow", "status": "RUNNING", "ts": "2026-02-05T19:29:32.569527"}
{"indicator": "475_market_microstructure_invariance", "status": "RUNNING", "ts": "2026-02-05T19:29:32.574781"}
{"indicator": "476_liquidity_shock", "status": "RUNNING", "ts": "2026-02-05T19:29:32.583950"}
{"indicator": "477_order_flow_persistence", "status": "RUNNING", "ts": "2026-02-05T19:29:32.589283"}
{"indicator": "478_market_maker_spread_compression", "status": "RUNNING", "ts": "2026-02-05T19:29:32.594512"}
{"indicator": "479_execution_quality_score", "status": "RUNNING", "ts": "2026-02-05T19:29:32.599995"}
{"indicator": "480_venue_toxicity", "status": "RUNNING", "ts": "2026-02-05T19:29:32.608043"}
{"indicator": "481_smart_order_flow_detector", "status": "RUNNING", "ts": "2026-02-05T19:29:32.613785"}
{"indicator": "482_market_regime_classifier", "status": "RUNNING", "ts": "2026-02-05T19:29:32.619429"}
{"indicator": "483_liquidity_provider_profitability", "status": "RUNNING", "ts": "2026-02-05T19:29:32.626154"}
{"indicator": "484_order_book_pressure_asymmetry", "status": "RUNNING", "ts": "2026-02-05T19:29:32.631686"}
{"indicator": "485_execution_timing_optimizer", "status": "RUNNING", "ts": "2026-02-05T19:29:32.638077"}
{"indicator": "486_volume_profile_analyzer", "status": "RUNNING", "ts": "2026-02-05T19:29:32.645151"}
{"indicator": "487_market_depth_imbalance", "status": "RUNNING", "ts": "2026-02-05T19:29:32.650924"}
{"indicator": "488_trade_size_distribution", "status": "RUNNING", "ts": "2026-02-05T19:29:32.656810"}
{"indicator": "489_price_level_magnetism", "status": "RUNNING", "ts": "2026-02-05T19:29:32.662565"}
{"indicator": "490_liquidity_heatmap_score", "status": "RUNNING", "ts": "2026-02-05T19:29:32.667914"}
{"indicator": "491_order_flow_velocity", "status": "RUNNING", "ts": "2026-02-05T19:29:32.673240"}
{"indicator": "492_market_maker_signal_detection", "status": "RUNNING", "ts": "2026-02-05T19:29:32.678588"}
{"indicator": "493_price_action_footprint", "status": "RUNNING", "ts": "2026-02-05T19:29:32.683911"}
{"indicator": "494_institutional_order_detection", "status": "RUNNING", "ts": "2026-02-05T19:29:32.689118"}
{"indicator": "495_microstructure_alpha_score", "status": "RUNNING", "ts": "2026-02-05T19:29:32.694356"}
{"indicator": "496_advanced_order_flow_composite", "status": "RUNNING", "ts": "2026-02-05T19:29:32.699729"}
{"indicator": "497_market_efficiency_score", "status": "RUNNING", "ts": "2026-02-05T19:29:32.705529"}
{"indicator": "498_liquidity_cycle_detector", "status": "RUNNING", "ts": "2026-02-05T19:29:32.712725"}
{"indicator": "499_execution_alpha_generator", "status": "RUNNING", "ts": "2026-02-05T19:29:32.718214"}
{"indicator": "500_ultimate_microstructure_indicator", "status": "RUNNING", "ts": "2026-02-05T19:29:32.723479"}
{"indicator": "501_fractal_dimension", "status": "RUNNING", "ts": "2026-02-05T19:29:32.728790"}
{"indicator": "502_chaos_theory_signal", "status": "RUNNING", "ts": "2026-02-05T19:29:32.734053"}
{"indicator": "503_strange_attractor_detector", "status": "RUNNING", "ts": "2026-02-05T19:29:32.739500"}
{"indicator": "504_fractal_breakout", "status": "RUNNING", "ts": "2026-02-05T19:29:32.744805"}
{"indicator": "505_nonlinear_dynamics_score", "status": "RUNNING", "ts": "2026-02-05T19:29:32.750103"}
{"indicator": "506_bifurcation_point_detector", "status": "RUNNING", "ts": "2026-02-05T19:29:32.755403"}
{"indicator": "507_phase_space_trajectory", "status": "RUNNING", "ts": "2026-02-05T19:29:32.761417"}
{"indicator": "508_recurrence_quantification", "status": "RUNNING", "ts": "2026-02-05T19:29:32.767184"}
{"indicator": "509_multifractal_spectrum", "status": "RUNNING", "ts": "2026-02-05T19:29:32.772643"}
{"indicator": "510_chaos_order_transition", "status": "RUNNING", "ts": "2026-02-05T19:29:32.778973"}
{"indicator": "511_social_sentiment_analyzer", "status": "RUNNING", "ts": "2026-02-05T19:29:32.784228"}
{"indicator": "512_news_impact_score", "status": "RUNNING", "ts": "2026-02-05T19:29:32.789558"}
{"indicator": "513_market_fear_greed_index", "status": "RUNNING", "ts": "2026-02-05T19:29:32.794831"}
{"indicator": "514_alternative_data_composite", "status": "RUNNING", "ts": "2026-02-05T19:29:32.800115"}
{"indicator": "515_behavioral_bias_detector", "status": "RUNNING", "ts": "2026-02-05T19:29:32.805310"}
{"indicator": "516_quantum_superposition", "status": "RUNNING", "ts": "2026-02-05T19:29:32.810623"}
{"indicator": "517_quantum_entanglement_detector", "status": "RUNNING", "ts": "2026-02-05T19:29:32.815995"}
{"indicator": "518_wave_function_collapse", "status": "RUNNING", "ts": "2026-02-05T19:29:32.821549"}
{"indicator": "519_quantum_tunneling_breakout", "status": "RUNNING", "ts": "2026-02-05T19:29:32.826883"}
{"indicator": "520_quantum_probability_field", "status": "RUNNING", "ts": "2026-02-05T19:29:32.832222"}
{"indicator": "521_market_network_centrality", "status": "RUNNING", "ts": "2026-02-05T19:29:32.837828"}
{"indicator": "522_price_graph_connectivity", "status": "RUNNING", "ts": "2026-02-05T19:29:32.843332"}
{"indicator": "523_network_clustering_coefficient", "status": "RUNNING", "ts": "2026-02-05T19:29:32.848888"}
{"indicator": "524_graph_community_detection", "status": "RUNNING", "ts": "2026-02-05T19:29:32.854216"}
{"indicator": "525_network_flow_analysis", "status": "RUNNING", "ts": "2026-02-05T19:29:32.860155"}
{"indicator": "526_adversarial_learning_detector", "status": "RUNNING", "ts": "2026-02-05T19:29:32.866222"}
{"indicator": "527_generative_model_signal", "status": "RUNNING", "ts": "2026-02-05T19:29:32.872289"}
{"indicator": "528_contrastive_learning_indicator", "status": "RUNNING", "ts": "2026-02-05T19:29:32.877934"}
{"indicator": "529_self_supervised_pattern", "status": "RUNNING", "ts": "2026-02-05T19:29:32.883425"}
{"indicator": "530_federated_learning_composite", "status": "RUNNING", "ts": "2026-02-05T19:29:32.888840"}
{"indicator": "531_pairs_trading_cointegration", "status": "RUNNING", "ts": "2026-02-05T19:29:32.894282"}
{"indicator": "532_statistical_arbitrage_signal", "status": "RUNNING", "ts": "2026-02-05T19:29:32.912087"}
{"indicator": "533_market_neutral_strategy", "status": "RUNNING", "ts": "2026-02-05T19:29:32.929706"}
{"indicator": "534_long_short_equity_indicator", "status": "RUNNING", "ts": "2026-02-05T19:29:32.938001"}
{"indicator": "535_factor_timing_model", "status": "RUNNING", "ts": "2026-02-05T19:29:32.945061"}
{"indicator": "536_multi_strategy_fusion", "status": "RUNNING", "ts": "2026-02-05T19:29:32.962092"}
{"indicator": "537_adaptive_regime_composite", "status": "RUNNING", "ts": "2026-02-05T19:29:32.970899"}
{"indicator": "538_meta_learning_ensemble", "status": "RUNNING", "ts": "2026-02-05T19:29:32.976567"}
{"indicator": "539_dynamic_portfolio_optimizer", "status": "RUNNING", "ts": "2026-02-05T19:29:32.982560"}
{"indicator": "540_ultimate_alpha_generator", "status": "RUNNING", "ts": "2026-02-05T19:29:32.988061"}
{"indicator": "541_risk_parity_allocator", "status": "RUNNING", "ts": "2026-02-05T19:29:32.993453"}
{"indicator": "542_volatility_targeting_strategy", "status": "RUNNING", "ts": "2026-02-05T19:29:32.999006"}
{"indicator": "543_tail_risk_hedging_signal", "status": "RUNNING", "ts": "2026-02-05T19:29:33.004488"}
{"indicator": "544_black_swan_detector", "status": "RUNNING", "ts": "2026-02-05T19:29:33.010194"}
{"indicator": "545_crisis_alpha_generator", "status": "RUNNING", "ts": "2026-02-05T19:29:33.015688"}
{"indicator": "546_sentiment_momentum_fusion", "status": "RUNNING", "ts": "2026-02-05T19:29:33.021295"}
{"indicator": "547_cross_asset_correlation_signal", "status": "RUNNING", "ts": "2026-02-05T19:29:33.026959"}
{"indicator": "548_macro_economic_indicator", "status": "RUNNING", "ts": "2026-02-05T19:29:33.032971"}
{"indicator": "549_intermarket_analysis_composite", "status": "RUNNING", "ts": "2026-02-05T19:29:33.038695"}
{"indicator": "550_global_risk_appetite_index", "status": "RUNNING", "ts": "2026-02-05T19:29:33.044147"}
{"indicator": "551_adaptive_intelligence_system", "status": "RUNNING", "ts": "2026-02-05T19:29:33.051003"}
{"indicator": "552_market_dna_analyzer", "status": "RUNNING", "ts": "2026-02-05T19:29:33.057303"}
{"indicator": "553_predictive_pattern_engine", "status": "RUNNING", "ts": "2026-02-05T19:29:33.063199"}
{"indicator": "554_quantum_market_state", "status": "RUNNING", "ts": "2026-02-05T19:29:33.073975"}
{"indicator": "555_neural_alpha_extractor", "status": "RUNNING", "ts": "2026-02-05T19:29:33.088562"}
{"indicator": "561_cognitive_market_intelligence", "status": "RUNNING", "ts": "2026-02-05T19:29:33.101514"}
{"indicator": "562_holistic_market_synthesizer", "status": "RUNNING", "ts": "2026-02-05T19:29:33.129821"}
{"indicator": "563_transcendent_alpha_engine", "status": "RUNNING", "ts": "2026-02-05T19:29:33.146246"}
{"indicator": "564_omniscient_market_oracle", "status": "RUNNING", "ts": "2026-02-05T19:29:33.161369"}
{"indicator": "565_ultimate_convergence_master", "status": "RUNNING", "ts": "2026-02-05T19:29:33.172895"}
{"indicator": "566_quantum_consciousness_field", "status": "RUNNING", "ts": "2026-02-05T19:29:33.179799"}
{"indicator": "567_hyperdimensional_market_mapper", "status": "RUNNING", "ts": "2026-02-05T19:29:33.186333"}
{"indicator": "568_evolutionary_market_genome", "status": "RUNNING", "ts": "2026-02-05T19:29:33.192173"}
{"indicator": "569_neural_plasticity_indicator", "status": "RUNNING", "ts": "2026-02-05T19:29:33.199582"}
{"indicator": "570_cosmic_market_resonance", "status": "RUNNING", "ts": "2026-02-05T19:29:33.205027"}
{"indicator": "571_singularity_convergence_detector", "status": "RUNNING", "ts": "2026-02-05T19:29:33.210574"}
{"indicator": "572_infinite_wisdom_aggregator", "status": "RUNNING", "ts": "2026-02-05T19:29:33.216666"}
{"indicator": "573_universal_truth_extractor", "status": "RUNNING", "ts": "2026-02-05T19:29:33.223373"}
{"indicator": "574_absolute_certainty_engine", "status": "RUNNING", "ts": "2026-02-05T19:29:33.229743"}
{"indicator": "575_omnipotent_market_force", "status": "RUNNING", "ts": "2026-02-05T19:29:33.236338"}
{"indicator": "576_eternal_market_equilibrium", "status": "RUNNING", "ts": "2026-02-05T19:29:33.418036"}
{"indicator": "577_divine_market_providence", "status": "RUNNING", "ts": "2026-02-05T19:29:33.424726"}
{"indicator": "578_supreme_alpha_synthesis", "status": "RUNNING", "ts": "2026-02-05T19:29:33.430208"}
{"indicator": "579_ultimate_reality_matrix", "status": "RUNNING", "ts": "2026-02-05T19:29:33.435426"}
{"indicator": "580_infinite_perfection_indicator", "status": "RUNNING", "ts": "2026-02-05T19:29:33.440922"}
{"indicator": "581_transcendental_market_vision", "status": "RUNNING", "ts": "2026-02-05T19:29:33.446401"}
{"indicator": "582_primordial_chaos_order", "status": "RUNNING", "ts": "2026-02-05T19:29:33.451956"}
{"indicator": "583_celestial_harmony_detector", "status": "RUNNING", "ts": "2026-02-05T19:29:33.457436"}
{"indicator": "584_metaphysical_momentum_engine", "status": "RUNNING", "ts": "2026-02-05T19:29:33.463362"}
{"indicator": "585_zenith_alpha_culmination", "status": "RUNNING", "ts": "2026-02-05T19:29:33.469947"}
{"indicator": "586_omniversal_intelligence_core", "status": "RUNNING", "ts": "2026-02-05T19:29:33.475725"}
{"indicator": "587_master_synthesis_nexus", "status": "RUNNING", "ts": "2026-02-05T19:29:33.482146"}
{"indicator": "588_absolute_dominance_indicator", "status": "RUNNING", "ts": "2026-02-05T19:29:33.487775"}
{"indicator": "589_infinite_intelligence_nexus", "status": "RUNNING", "ts": "2026-02-05T19:29:33.493252"}
{"indicator": "590_grand_unification_theory", "status": "RUNNING", "ts": "2026-02-05T19:29:33.498833"}
{"indicator": "591_ultimate_enlightenment_engine", "status": "RUNNING", "ts": "2026-02-05T19:29:33.504974"}
{"indicator": "592_supreme_mastery_indicator", "status": "RUNNING", "ts": "2026-02-05T19:29:33.511600"}
{"indicator": "593_infinite_potential_maximizer", "status": "RUNNING", "ts": "2026-02-05T19:29:33.518012"}
{"indicator": "594_omniscient_prediction_oracle", "status": "RUNNING", "ts": "2026-02-05T19:29:33.523941"}
{"indicator": "595_ultimate_convergence_singularity", "status": "RUNNING", "ts": "2026-02-05T19:29:33.529378"}
{"indicator": "596_apex_alpha_supremacy", "status": "RUNNING", "ts": "2026-02-05T19:29:33.534780"}
{"indicator": "597_transcendent_wisdom_culmination", "status": "RUNNING", "ts": "2026-02-05T19:29:33.540389"}
{"indicator": "598_eternal_alpha_genesis", "status": "RUNNING", "ts": "2026-02-05T19:29:33.545873"}
{"indicator": "599_cosmic_perfection_synthesis", "status": "RUNNING", "ts": "2026-02-05T19:29:33.551264"}
{"indicator": "600_the_ultimate_master_indicator", "status": "RUNNING", "ts": "2026-02-05T19:29:33.556997"}
