{"indicator": "001_trend_sma", "status": "STARTED", "ts": "2026-02-05T19:29:27.788961"}
{"indicator": "002_trend_ema", "status": "STARTED", "ts": "2026-02-05T19:29:27.796053"}
{"indicator": "003_trend_wma", "status": "STARTED", "ts": "2026-02-05T19:29:27.802988"}
{"indicator": "004_trend_dema", "status": "STARTED", "ts": "2026-02-05T19:29:27.809494"}
{"indicator": "005_trend_tema", "status": "STARTED", "ts": "2026-02-05T19:29:27.816384"}
{"indicator": "006_trend_trima", "status": "STARTED", "ts": "2026-02-05T19:29:27.822546"}
{"indicator": "007_trend_kama", "status": "STARTED", "ts": "2026-02-05T19:29:27.829138"}
{"indicator": "008_trend_hma", "status": "STARTED", "ts": "2026-02-05T19:29:27.843563"}
{"indicator": "009_trend_zlema", "status": "STARTED", "ts": "2026-02-05T19:29:27.866957"}
{"indicator": "010_trend_alma", "status": "STARTED", "ts": "2026-02-05T19:29:27.887132"}
{"indicator": "011_trend_jma", "status": "STARTED", "ts": "2026-02-05T19:29:27.927686"}
{"indicator": "012_trend_t3", "status": "STARTED", "ts": "2026-02-05T19:29:27.995187"}
{"indicator": "013_trend_vidya", "status": "STARTED", "ts": "2026-02-05T19:29:28.046877"}
{"indicator": "014_trend_frama", "status": "STARTED", "ts": "2026-02-05T19:29:28.079351"}
{"indicator": "015_trend_mcginley", "status": "STARTED", "ts": "2026-02-05T19:29:28.103028"}
{"indicator": "016_trend_sinwma", "status": "STARTED", "ts": "2026-02-05T19:29:28.127265"}
{"indicator": "017_trend_vwma", "status": "STARTED", "ts": "2026-02-05T19:29:28.150893"}
{"indicator": "018_trend_tsf", "status": "STARTED", "ts": "2026-02-05T19:29:28.175036"}
{"indicator": "019_trend_linreg", "status": "STARTED", "ts": "2026-02-05T19:29:28.188577"}
{"indicator": "020_trend_lsma", "status": "STARTED", "ts": "2026-02-05T19:29:28.222766"}
{"indicator": "021_trend_mama", "status": "STARTED", "ts": "2026-02-05T19:29:28.233522"}
{"indicator": "022_trend_smma", "status": "STARTED", "ts": "2026-02-05T19:29:28.247397"}
{"indicator": "023_trend_wilders", "status": "STARTED", "ts": "2026-02-05T19:29:28.263080"}
{"indicator": "024_trend_gma", "status": "STARTED", "ts": "2026-02-05T19:29:28.268588"}
{"indicator": "025_trend_harmonic", "status": "STARTED", "ts": "2026-02-05T19:29:28.283398"}
{"indicator": "026_trend_adx", "status": "STARTED", "ts": "2026-02-05T19:29:28.293310"}
{"indicator": "027_trend_dmi", "status": "STARTED", "ts": "2026-02-05T19:29:28.307749"}
{"indicator": "028_trend_aroon", "status": "STARTED", "ts": "2026-02-05T19:29:28.313306"}
{"indicator": "029_trend_aroonosc", "status": "STARTED", "ts": "2026-02-05T19:29:28.322106"}
{"indicator": "030_trend_psar", "status": "STARTED", "ts": "2026-02-05T19:29:28.327684"}
{"indicator": "031_trend_supertrend", "status": "STARTED", "ts": "2026-02-05T19:29:28.332888"}
{"indicator": "032_trend_vortex", "status": "STARTED", "ts": "2026-02-05T19:29:28.338758"}
{"indicator": "033_trend_massindex", "status": "STARTED", "ts": "2026-02-05T19:29:28.344749"}
{"indicator": "034_trend_qstick", "status": "STARTED", "ts": "2026-02-05T19:29:28.351424"}
{"indicator": "035_trend_tii", "status": "STARTED", "ts": "2026-02-05T19:29:28.359235"}
{"indicator": "036_trend_cci", "status": "STARTED", "ts": "2026-02-05T19:29:28.366680"}
{"indicator": "037_trend_roc", "status": "STARTED", "ts": "2026-02-05T19:29:28.543132"}
{"indicator": "038_trend_momentum", "status": "STARTED", "ts": "2026-02-05T19:29:28.549090"}
{"indicator": "039_trend_williams_r", "status": "STARTED", "ts": "2026-02-05T19:29:28.554359"}
{"indicator": "040_trend_stochastic", "status": "STARTED", "ts": "2026-02-05T19:29:28.559808"}
{"indicator": "041_trend_rsi", "status": "STARTED", "ts": "2026-02-05T19:29:28.564944"}
{"indicator": "042_trend_macd", "status": "STARTED", "ts": "2026-02-05T19:29:28.570287"}
{"indicator": "043_trend_bollinger", "status": "STARTED", "ts": "2026-02-05T19:29:28.575528"}
{"indicator": "044_trend_atr", "status": "STARTED", "ts": "2026-02-05T19:29:28.588052"}
{"indicator": "045_trend_keltner", "status": "STARTED", "ts": "2026-02-05T19:29:28.599785"}
{"indicator": "046_trend_donchian", "status": "STARTED", "ts": "2026-02-05T19:29:28.605990"}
{"indicator": "047_volume_obv", "status": "STARTED", "ts": "2026-02-05T19:29:28.611235"}
{"indicator": "048_volume_mfi", "status": "STARTED", "ts": "2026-02-05T19:29:28.616373"}
{"indicator": "049_volume_cmf", "status": "STARTED", "ts": "2026-02-05T19:29:28.621920"}
{"indicator": "050_trend_ichimoku", "status": "STARTED", "ts": "2026-02-05T19:29:28.628303"}
{"indicator": "051_volume_vwap", "status": "STARTED", "ts": "2026-02-05T19:29:28.634191"}
{"indicator": "052_volume_force_index", "status": "STARTED", "ts": "2026-02-05T19:29:28.639601"}
{"indicator": "053_volume_ad", "status": "STARTED", "ts": "2026-02-05T19:29:28.644789"}
{"indicator": "054_trend_ultimate_osc", "status": "STARTED", "ts": "2026-02-05T19:29:28.650397"}
{"indicator": "055_trend_stoch_rsi", "status": "STARTED", "ts": "2026-02-05T19:29:28.655690"}
{"indicator": "056_trend_awesome_osc", "status": "STARTED", "ts": "2026-02-05T19:29:28.660852"}
{"indicator": "057_trend_accelerator_osc", "status": "STARTED", "ts": "2026-02-05T19:29:28.666192"}
{"indicator": "058_trend_gator", "status": "STARTED", "ts": "2026-02-05T19:29:28.671702"}
{"indicator": "059_trend_alligator", "status": "STARTED", "ts": "2026-02-05T19:29:28.677087"}
{"indicator": "060_trend_elder_ray", "status": "STARTED", "ts": "2026-02-05T19:29:28.682509"}
{"indicator": "061_trend_trix", "status": "STARTED", "ts": "2026-02-05T19:29:28.688143"}
{"indicator": "062_trend_ppo", "status": "STARTED", "ts": "2026-02-05T19:29:28.693640"}
{"indicator": "063_trend_apo", "status": "STARTED", "ts": "2026-02-05T19:29:28.706555"}
{"indicator": "064_trend_dpo", "status": "STARTED", "ts": "2026-02-05T19:29:28.712674"}
{"indicator": "065_trend_cmo", "status": "STARTED", "ts": "2026-02-05T19:29:28.718192"}
{"indicator": "066_trend_rvi", "status": "STARTED", "ts": "2026-02-05T19:29:28.724187"}
{"indicator": "067_trend_tsi", "status": "STARTED", "ts": "2026-02-05T19:29:28.729573"}
{"indicator": "068_trend_bop", "status": "STARTED", "ts": "2026-02-05T19:29:28.734955"}
{"indicator": "069_trend_inertia", "status": "STARTED", "ts": "2026-02-05T19:29:28.740274"}
{"indicator": "070_trend_kdj", "status": "STARTED", "ts": "2026-02-05T19:29:28.745739"}
{"indicator": "071_trend_pgo", "status": "STARTED", "ts": "2026-02-05T19:29:28.751089"}
{"indicator": "072_trend_psychline", "status": "STARTED", "ts": "2026-02-05T19:29:28.757025"}
{"indicator": "073_trend_qqe", "status": "STARTED", "ts": "2026-02-05T19:29:28.762865"}
{"indicator": "074_trend_rainbow", "status": "STARTED", "ts": "2026-02-05T19:29:28.768143"}
{"indicator": "075_trend_smiergodic", "status": "STARTED", "ts": "2026-02-05T19:29:28.773429"}
{"indicator": "076_trend_smi", "status": "STARTED", "ts": "2026-02-05T19:29:28.778576"}
{"indicator": "077_trend_trendflex", "status": "STARTED", "ts": "2026-02-05T19:29:28.783709"}
{"indicator": "078_trend_macdhist", "status": "STARTED", "ts": "2026-02-05T19:29:28.789260"}
{"indicator": "079_trend_macdsignal", "status": "STARTED", "ts": "2026-02-05T19:29:28.794508"}
{"indicator": "080_trend_zerolagmacd", "status": "STARTED", "ts": "2026-02-05T19:29:28.799771"}
{"indicator": "081_trend_choppiness", "status": "STARTED", "ts": "2026-02-05T19:29:28.805031"}
{"indicator": "082_trend_coppock", "status": "STARTED", "ts": "2026-02-05T19:29:28.810321"}
{"indicator": "083_trend_detrendedprice", "status": "STARTED", "ts": "2026-02-05T19:29:28.815789"}
{"indicator": "084_trend_efficiencyratio", "status": "STARTED", "ts": "2026-02-05T19:29:28.821244"}
{"indicator": "085_volume_elderforce", "status": "STARTED", "ts": "2026-02-05T19:29:28.827492"}
{"indicator": "086_trend_frama", "status": "STARTED", "ts": "2026-02-05T19:29:28.833411"}
{"indicator": "087_trend_gaussian", "status": "STARTED", "ts": "2026-02-05T19:29:28.838945"}
{"indicator": "088_trend_highlowindex", "status": "STARTED", "ts": "2026-02-05T19:29:28.844445"}
{"indicator": "089_trend_histvol", "status": "STARTED", "ts": "2026-02-05T19:29:28.849621"}
{"indicator": "090_trend_hullmaosc", "status": "STARTED", "ts": "2026-02-05T19:29:28.855008"}
{"indicator": "091_trend_instantaneous", "status": "STARTED", "ts": "2026-02-05T19:29:28.860394"}
{"indicator": "092_trend_kauffman", "status": "STARTED", "ts": "2026-02-05T19:29:28.866137"}
{"indicator": "093_trend_laguerre", "status": "STARTED", "ts": "2026-02-05T19:29:28.871459"}
{"indicator": "094_trend_linearregslope", "status": "STARTED", "ts": "2026-02-05T19:29:28.876883"}
{"indicator": "095_volume_mfi_extended", "status": "STARTED", "ts": "2026-02-05T19:29:28.882299"}
{"indicator": "096_trend_mcginleydynamic", "status": "STARTED", "ts": "2026-02-05T19:29:28.887546"}
{"indicator": "097_trend_parabolicsar_extended", "status": "STARTED", "ts": "2026-02-05T19:29:28.892894"}
{"indicator": "098_trend_pivotpoints", "status": "STARTED", "ts": "2026-02-05T19:29:28.898781"}
{"indicator": "099_trend_priceoscillator", "status": "STARTED", "ts": "2026-02-05T19:29:28.904456"}
{"indicator": "100_trend_renko", "status": "STARTED", "ts": "2026-02-05T19:29:28.909939"}
{"indicator": "101_trend_inversefisher", "status": "STARTED", "ts": "2026-02-05T19:29:28.915595"}
{"indicator": "102_trend_connorsrsi", "status": "STARTED", "ts": "2026-02-05T19:29:28.921015"}
{"indicator": "103_trend_laguerrersi", "status": "STARTED", "ts": "2026-02-05T19:29:28.926479"}
{"indicator": "104_trend_rmi", "status": "STARTED", "ts": "2026-02-05T19:29:28.931631"}
{"indicator": "105_trend_ergodic", "status": "STARTED", "ts": "2026-02-05T19:29:28.937010"}
{"indicator": "106_trend_cog", "status": "STARTED", "ts": "2026-02-05T19:29:28.942328"}
{"indicator": "107_trend_cybercycle", "status": "STARTED", "ts": "2026-02-05T19:29:28.947716"}
{"indicator": "108_trend_decycler", "status": "STARTED", "ts": "2026-02-05T19:29:28.953109"}
{"indicator": "109_trend_ebs", "status": "STARTED", "ts": "2026-02-05T19:29:28.958897"}
{"indicator": "110_trend_hilbert", "status": "STARTED", "ts": "2026-02-05T19:29:28.964410"}
{"indicator": "111_trend_reflex", "status": "STARTED", "ts": "2026-02-05T19:29:28.970511"}
{"indicator": "112_trend_trendvigor", "status": "STARTED", "ts": "2026-02-05T19:29:28.975845"}
{"indicator": "113_trend_correlationcycle", "status": "STARTED", "ts": "2026-02-05T19:29:28.981161"}
{"indicator": "114_trend_dominantcycle", "status": "STARTED", "ts": "2026-02-05T19:29:28.986330"}
{"indicator": "115_trend_phaseaccumulation", "status": "STARTED", "ts": "2026-02-05T19:29:28.991625"}
{"indicator": "116_trend_sinewave", "status": "STARTED", "ts": "2026-02-05T19:29:28.996957"}
{"indicator": "117_trend_fractaldimension", "status": "STARTED", "ts": "2026-02-05T19:29:29.002451"}
{"indicator": "118_trend_hurstexponent", "status": "STARTED", "ts": "2026-02-05T19:29:29.007826"}
{"indicator": "119_trend_entropy", "status": "STARTED", "ts": "2026-02-05T19:29:29.013412"}
{"indicator": "120_trend_marketstate", "status": "STARTED", "ts": "2026-02-05T19:29:29.019932"}
{"indicator": "121_trend_regimedetection", "status": "STARTED", "ts": "2026-02-05T19:29:29.025682"}
{"indicator": "122_trend_cycleperiod", "status": "STARTED", "ts": "2026-02-05T19:29:29.031794"}
{"indicator": "123_trend_adaptivemacd", "status": "STARTED", "ts": "2026-02-05T19:29:29.037226"}
{"indicator": "124_trend_macddivergence", "status": "STARTED", "ts": "2026-02-05T19:29:29.042628"}
{"indicator": "125_trend_vhf", "status": "STARTED", "ts": "2026-02-05T19:29:29.048182"}
{"indicator": "126_trend_trendstrengthindex", "status": "STARTED", "ts": "2026-02-05T19:29:29.054132"}
{"indicator": "127_trend_rsquared", "status": "STARTED", "ts": "2026-02-05T19:29:29.059593"}
{"indicator": "128_trend_pricechannels", "status": "STARTED", "ts": "2026-02-05T19:29:29.065584"}
{"indicator": "129_trend_envelopechannels", "status": "STARTED", "ts": "2026-02-05T19:29:29.071947"}
{"indicator": "130_trend_stdchannels", "status": "STARTED", "ts": "2026-02-05T19:29:29.077548"}
{"indicator": "131_trend_regressionchannels", "status": "STARTED", "ts": "2026-02-05T19:29:29.083126"}
{"indicator": "132_trend_fibonaccichannels", "status": "STARTED", "ts": "2026-02-05T19:29:29.088662"}
{"indicator": "133_trend_accelerationbands", "status": "STARTED", "ts": "2026-02-05T19:29:29.094386"}
{"indicator": "134_trend_starcbands", "status": "STARTED", "ts": "2026-02-05T19:29:29.109471"}
{"indicator": "135_trend_maenvelope", "status": "STARTED", "ts": "2026-02-05T19:29:29.120510"}
{"indicator": "136_trend_chandelierexit", "status": "STARTED", "ts": "2026-02-05T19:29:29.126603"}
{"indicator": "137_trend_atrchannels", "status": "STARTED", "ts": "2026-02-05T19:29:29.132122"}
{"indicator": "138_trend_volatilitychannels", "status": "STARTED", "ts": "2026-02-05T19:29:29.140350"}
{"indicator": "139_trend_dynamicchannels", "status": "STARTED", "ts": "2026-02-05T19:29:29.151002"}
{"indicator": "140_trend_adaptivechannels", "status": "STARTED", "ts": "2026-02-05T19:29:29.161538"}
{"indicator": "141_trend_projectionbands", "status": "STARTED", "ts": "2026-02-05T19:29:29.172257"}
{"indicator": "142_trend_squeezeindicator", "status": "STARTED", "ts": "2026-02-05T19:29:29.184627"}
{"indicator": "143_trend_ttmsqueeze", "status": "STARTED", "ts": "2026-02-05T19:29:29.205456"}
{"indicator": "144_trend_bollingerbandwidth", "status": "STARTED", "ts": "2026-02-05T19:29:29.222882"}
{"indicator": "145_volatility_atr_breakout", "status": "STARTED", "ts": "2026-02-05T19:29:29.241447"}
{"indicator": "145_volume_divergenceindex", "status": "STARTED", "ts": "2026-02-05T19:29:29.256826"}
{"indicator": "146_volatility_atr_channels", "status": "STARTED", "ts": "2026-02-05T19:29:29.272407"}
{"indicator": "146_volume_hiddendivergence", "status": "STARTED", "ts": "2026-02-05T19:29:29.291499"}
{"indicator": "147_volatility_atr_volatility", "status": "STARTED", "ts": "2026-02-05T19:29:29.305551"}
{"indicator": "147_volume_regulardivergence", "status": "STARTED", "ts": "2026-02-05T19:29:29.317121"}
{"indicator": "148_volatility_atr_support_resistance", "status": "STARTED", "ts": "2026-02-05T19:29:29.330206"}
{"indicator": "148_volume_bullishdivergence", "status": "STARTED", "ts": "2026-02-05T19:29:29.363304"}
{"indicator": "149_volatility_adaptive_atr", "status": "STARTED", "ts": "2026-02-05T19:29:29.394060"}
{"indicator": "149_volume_bearishdivergence", "status": "STARTED", "ts": "2026-02-05T19:29:29.413814"}
{"indicator": "150_volatility_dynamic_atr", "status": "STARTED", "ts": "2026-02-05T19:29:29.431556"}
{"indicator": "150_volume_multiindicatordivergence", "status": "STARTED", "ts": "2026-02-05T19:29:29.443991"}
{"indicator": "151_volume_divergencestrength", "status": "STARTED", "ts": "2026-02-05T19:29:29.449883"}
{"indicator": "152_volatility_implied_proxy", "status": "STARTED", "ts": "2026-02-05T19:29:29.455489"}
{"indicator": "152_volume_divergenceconfluence", "status": "STARTED", "ts": "2026-02-05T19:29:29.474212"}
{"indicator": "153_volatility_parkinson", "status": "STARTED", "ts": "2026-02-05T19:29:29.493458"}
{"indicator": "153_volume_divergencemomentum", "status": "STARTED", "ts": "2026-02-05T19:29:29.519606"}
{"indicator": "154_volatility_garman_klass", "status": "STARTED", "ts": "2026-02-05T19:29:29.542015"}
{"indicator": "154_volume_divergencepattern", "status": "STARTED", "ts": "2026-02-05T19:29:29.558971"}
{"indicator": "155_pattern_candlestickpatterns", "status": "STARTED", "ts": "2026-02-05T19:29:29.572515"}
{"indicator": "155_volatility_rogers_satchell", "status": "STARTED", "ts": "2026-02-05T19:29:29.592661"}
{"indicator": "156_pattern_priceaction", "status": "STARTED", "ts": "2026-02-05T19:29:29.609701"}
{"indicator": "156_volatility_yang_zhang", "status": "STARTED", "ts": "2026-02-05T19:29:29.621755"}
{"indicator": "157_pattern_chartpatterns", "status": "STARTED", "ts": "2026-02-05T19:29:29.632423"}
{"indicator": "157_volatility_close_to_close", "status": "STARTED", "ts": "2026-02-05T19:29:29.644874"}
{"indicator": "158_pattern_harmonicpatterns", "status": "STARTED", "ts": "2026-02-05T19:29:29.931717"}
{"indicator": "158_volatility_realized", "status": "STARTED", "ts": "2026-02-05T19:29:29.937442"}
{"indicator": "159_pattern_elliottwave", "status": "STARTED", "ts": "2026-02-05T19:29:29.943005"}
{"indicator": "159_volatility_ratio", "status": "STARTED", "ts": "2026-02-05T19:29:29.948355"}
{"indicator": "160_pattern_wyckoff", "status": "STARTED", "ts": "2026-02-05T19:29:29.953645"}
{"indicator": "160_volatility_index", "status": "STARTED", "ts": "2026-02-05T19:29:29.959109"}
{"indicator": "161_pattern_supportresistance", "status": "STARTED", "ts": "2026-02-05T19:29:29.964407"}
{"indicator": "161_volatility_cone", "status": "STARTED", "ts": "2026-02-05T19:29:29.973455"}
{"indicator": "162_pattern_trendlines", "status": "STARTED", "ts": "2026-02-05T19:29:29.982966"}
{"indicator": "162_volatility_smile", "status": "STARTED", "ts": "2026-02-05T19:29:30.003056"}
{"indicator": "163_pattern_fibonacciretracement", "status": "STARTED", "ts": "2026-02-05T19:29:30.035501"}
{"indicator": "163_volatility_skew", "status": "STARTED", "ts": "2026-02-05T19:29:30.070431"}
{"indicator": "164_pattern_fibonacciextension", "status": "STARTED", "ts": "2026-02-05T19:29:30.097919"}
{"indicator": "164_volatility_surface", "status": "STARTED", "ts": "2026-02-05T19:29:30.114459"}
{"indicator": "165_pattern_pivotpoints", "status": "STARTED", "ts": "2026-02-05T19:29:30.120185"}
{"indicator": "165_volatility_clustering", "status": "STARTED", "ts": "2026-02-05T19:29:30.125848"}
{"indicator": "166_volatility_garch", "status": "STARTED", "ts": "2026-02-05T19:29:30.131280"}
{"indicator": "167_volatility_ewma", "status": "STARTED", "ts": "2026-02-05T19:29:30.137156"}
{"indicator": "168_volatility_coefficient_variation", "status": "STARTED", "ts": "2026-02-05T19:29:30.142646"}
{"indicator": "169_volatility_regime_detection", "status": "STARTED", "ts": "2026-02-05T19:29:30.148567"}
{"indicator": "170_volatility_breakout", "status": "STARTED", "ts": "2026-02-05T19:29:30.154179"}
{"indicator": "171_range_true_range", "status": "STARTED", "ts": "2026-02-05T19:29:30.159672"}
{"indicator": "172_range_daily", "status": "STARTED", "ts": "2026-02-05T19:29:30.165263"}
{"indicator": "173_range_weekly", "status": "STARTED", "ts": "2026-02-05T19:29:30.170605"}
{"indicator": "174_range_monthly", "status": "STARTED", "ts": "2026-02-05T19:29:30.175985"}
{"indicator": "175_range_expansion_index", "status": "STARTED", "ts": "2026-02-05T19:29:30.181180"}
{"indicator": "176_range_contraction_index", "status": "STARTED", "ts": "2026-02-05T19:29:30.186482"}
{"indicator": "177_range_breakout", "status": "STARTED", "ts": "2026-02-05T19:29:30.192048"}
{"indicator": "178_range_bound", "status": "STARTED", "ts": "2026-02-05T19:29:30.197792"}
{"indicator": "179_range_filter", "status": "STARTED", "ts": "2026-02-05T19:29:30.203365"}
{"indicator": "180_range_adaptive", "status": "STARTED", "ts": "2026-02-05T19:29:30.208925"}
{"indicator": "181_volume_weighted_price", "status": "STARTED", "ts": "2026-02-05T19:29:30.214375"}
{"indicator": "182_volume_momentum", "status": "STARTED", "ts": "2026-02-05T19:29:30.219856"}
{"indicator": "183_volume_trend", "status": "STARTED", "ts": "2026-02-05T19:29:30.225343"}
{"indicator": "184_volume_oscillator", "status": "STARTED", "ts": "2026-02-05T19:29:30.230732"}
{"indicator": "185_volume_divergence", "status": "STARTED", "ts": "2026-02-05T19:29:30.236075"}
{"indicator": "186_volume_spread_analysis", "status": "STARTED", "ts": "2026-02-05T19:29:30.241631"}
{"indicator": "187_volume_profile", "status": "STARTED", "ts": "2026-02-05T19:29:30.247463"}
{"indicator": "188_volume_price_trend", "status": "STARTED", "ts": "2026-02-05T19:29:30.253396"}
{"indicator": "189_volume_roc", "status": "STARTED", "ts": "2026-02-05T19:29:30.259529"}
{"indicator": "190_volume_weighted_average_price", "status": "STARTED", "ts": "2026-02-05T19:29:30.265256"}
{"indicator": "191_volume_zone_oscillator", "status": "STARTED", "ts": "2026-02-05T19:29:30.270697"}
{"indicator": "192_volume_accumulation_distribution", "status": "STARTED", "ts": "2026-02-05T19:29:30.276605"}
{"indicator": "193_volume_price_confirmation", "status": "STARTED", "ts": "2026-02-05T19:29:30.282518"}
{"indicator": "194_volume_intensity", "status": "STARTED", "ts": "2026-02-05T19:29:30.288136"}
{"indicator": "195_volume_force_index", "status": "STARTED", "ts": "2026-02-05T19:29:30.293659"}
{"indicator": "196_volume_weighted_momentum", "status": "STARTED", "ts": "2026-02-05T19:29:30.307999"}
{"indicator": "197_volume_efficiency", "status": "STARTED", "ts": "2026-02-05T19:29:30.314480"}
{"indicator": "198_volume_delta", "status": "STARTED", "ts": "2026-02-05T19:29:30.320087"}
{"indicator": "199_volume_flow_indicator", "status": "STARTED", "ts": "2026-02-05T19:29:30.325712"}
{"indicator": "200_volume_accumulation", "status": "STARTED", "ts": "2026-02-05T19:29:30.331171"}
{"indicator": "200_volume_spread_analysis", "status": "STARTED", "ts": "2026-02-05T19:29:30.336831"}
{"indicator": "201_volume_profile", "status": "STARTED", "ts": "2026-02-05T19:29:30.342307"}
{"indicator": "202_volume_at_price", "status": "STARTED", "ts": "2026-02-05T19:29:30.348248"}
{"indicator": "203_point_of_control", "status": "STARTED", "ts": "2026-02-05T19:29:30.353879"}
{"indicator": "204_value_area_high", "status": "STARTED", "ts": "2026-02-05T19:29:30.360007"}
{"indicator": "205_value_area_low", "status": "STARTED", "ts": "2026-02-05T19:29:30.365691"}
{"indicator": "206_volume_weighted_ma", "status": "STARTED", "ts": "2026-02-05T19:29:30.371158"}
{"indicator": "207_volume_spread_analysis", "status": "STARTED", "ts": "2026-02-05T19:29:30.377350"}
{"indicator": "208_wyckoff_volume", "status": "STARTED", "ts": "2026-02-05T19:29:30.383174"}
{"indicator": "209_smart_money_index", "status": "STARTED", "ts": "2026-02-05T19:29:30.388686"}
{"indicator": "210_tick_volume_index", "status": "STARTED", "ts": "2026-02-05T19:29:30.394129"}
{"indicator": "211_volume_breakout", "status": "STARTED", "ts": "2026-02-05T19:29:30.399722"}
{"indicator": "212_volume_climax", "status": "STARTED", "ts": "2026-02-05T19:29:30.405783"}
{"indicator": "213_volume_exhaustion", "status": "STARTED", "ts": "2026-02-05T19:29:30.411815"}
{"indicator": "214_volume_divergence", "status": "STARTED", "ts": "2026-02-05T19:29:30.417567"}
{"indicator": "215_volume_confirmation", "status": "STARTED", "ts": "2026-02-05T19:29:30.423729"}
{"indicator": "216_volume_momentum", "status": "STARTED", "ts": "2026-02-05T19:29:30.429574"}
{"indicator": "217_volume_strength", "status": "STARTED", "ts": "2026-02-05T19:29:30.435722"}
{"indicator": "218_volume_pressure", "status": "STARTED", "ts": "2026-02-05T19:29:30.441317"}
{"indicator": "219_volume_distribution", "status": "STARTED", "ts": "2026-02-05T19:29:30.447218"}
{"indicator": "220_volume_cycle", "status": "STARTED", "ts": "2026-02-05T19:29:30.453086"}
{"indicator": "221_tick_volume", "status": "STARTED", "ts": "2026-02-05T19:29:30.458714"}
{"indicator": "222_trade_volume", "status": "STARTED", "ts": "2026-02-05T19:29:30.464688"}
{"indicator": "223_buy_volume", "status": "STARTED", "ts": "2026-02-05T19:29:30.470537"}
{"indicator": "224_sell_volume", "status": "STARTED", "ts": "2026-02-05T19:29:30.488819"}
{"indicator": "225_delta_volume", "status": "STARTED", "ts": "2026-02-05T19:29:30.516966"}
{"indicator": "226_cumulative_delta", "status": "STARTED", "ts": "2026-02-05T19:29:30.537285"}
{"indicator": "227_volume_imbalance", "status": "STARTED", "ts": "2026-02-05T19:29:30.560982"}
{"indicator": "228_order_flow", "status": "STARTED", "ts": "2026-02-05T19:29:30.579874"}
{"indicator": "229_market_depth", "status": "STARTED", "ts": "2026-02-05T19:29:30.591313"}
{"indicator": "230_bid_ask_spread", "status": "STARTED", "ts": "2026-02-05T19:29:30.597667"}
{"indicator": "231_bid_volume", "status": "STARTED", "ts": "2026-02-05T19:29:30.603485"}
{"indicator": "232_ask_volume", "status": "STARTED", "ts": "2026-02-05T19:29:30.609557"}
{"indicator": "233_trade_intensity", "status": "STARTED", "ts": "2026-02-05T19:29:30.615453"}
{"indicator": "234_trade_frequency", "status": "STARTED", "ts": "2026-02-05T19:29:30.621000"}
{"indicator": "235_average_trade_size", "status": "STARTED", "ts": "2026-02-05T19:29:30.627753"}
{"indicator": "236_large_trade_detector", "status": "STARTED", "ts": "2026-02-05T19:29:30.634276"}
{"indicator": "237_block_trade_detector", "status": "STARTED", "ts": "2026-02-05T19:29:30.640225"}
{"indicator": "238_institutional_volume", "status": "STARTED", "ts": "2026-02-05T19:29:30.646274"}
{"indicator": "239_retail_volume", "status": "STARTED", "ts": "2026-02-05T19:29:30.652509"}
{"indicator": "240_dark_pool_activity", "status": "STARTED", "ts": "2026-02-05T19:29:30.658601"}
{"indicator": "241_skewness", "status": "STARTED", "ts": "2026-02-05T19:29:30.665252"}
{"indicator": "242_kurtosis", "status": "STARTED", "ts": "2026-02-05T19:29:30.671753"}
{"indicator": "243_zscore", "status": "STARTED", "ts": "2026-02-05T19:29:30.678110"}
{"indicator": "244_tscore", "status": "STARTED", "ts": "2026-02-05T19:29:30.683775"}
{"indicator": "245_percentile", "status": "STARTED", "ts": "2026-02-05T19:29:30.689455"}
{"indicator": "246_quartile", "status": "STARTED", "ts": "2026-02-05T19:29:30.695342"}
{"indicator": "247_iqr", "status": "STARTED", "ts": "2026-02-05T19:29:30.701097"}
{"indicator": "248_mad", "status": "STARTED", "ts": "2026-02-05T19:29:30.706680"}
{"indicator": "249_coefficient_variation", "status": "STARTED", "ts": "2026-02-05T19:29:30.712678"}
{"indicator": "250_correlation_coefficient", "status": "STARTED", "ts": "2026-02-05T19:29:30.718440"}
{"indicator": "251_covariance", "status": "STARTED", "ts": "2026-02-05T19:29:30.724288"}
{"indicator": "252_beta", "status": "STARTED", "ts": "2026-02-05T19:29:30.730745"}
{"indicator": "253_sharpe_ratio", "status": "STARTED", "ts": "2026-02-05T19:29:30.736775"}
{"indicator": "254_sortino_ratio", "status": "STARTED", "ts": "2026-02-05T19:29:30.742660"}
{"indicator": "255_calmar_ratio", "status": "STARTED", "ts": "2026-02-05T19:29:30.748617"}
{"indicator": "256_linear_regression", "status": "STARTED", "ts": "2026-02-05T19:29:30.754279"}
{"indicator": "257_polynomial_regression", "status": "STARTED", "ts": "2026-02-05T19:29:30.760388"}
{"indicator": "258_exponential_regression", "status": "STARTED", "ts": "2026-02-05T19:29:30.766191"}
{"indicator": "259_logarithmic_regression", "status": "STARTED", "ts": "2026-02-05T19:29:30.771838"}
{"indicator": "260_power_regression", "status": "STARTED", "ts": "2026-02-05T19:29:30.778979"}
{"indicator": "261_ridge_regression", "status": "STARTED", "ts": "2026-02-05T19:29:30.785252"}
{"indicator": "262_lasso_regression", "status": "STARTED", "ts": "2026-02-05T19:29:30.790832"}
{"indicator": "263_elastic_net", "status": "STARTED", "ts": "2026-02-05T19:29:30.796301"}
{"indicator": "264_time_series_regression", "status": "STARTED", "ts": "2026-02-05T19:29:30.802173"}
{"indicator": "265_auto_regression", "status": "STARTED", "ts": "2026-02-05T19:29:30.808466"}
{"indicator": "266_moving_average_model", "status": "STARTED", "ts": "2026-02-05T19:29:30.815119"}
{"indicator": "267_arma_model", "status": "STARTED", "ts": "2026-02-05T19:29:30.821279"}
{"indicator": "268_arima_model", "status": "STARTED", "ts": "2026-02-05T19:29:30.826965"}
{"indicator": "269_sarima_model", "status": "STARTED", "ts": "2026-02-05T19:29:30.832823"}
{"indicator": "270_garch_model", "status": "STARTED", "ts": "2026-02-05T19:29:30.838942"}
{"indicator": "271_exponential_smoothing", "status": "STARTED", "ts": "2026-02-05T19:29:30.845261"}
{"indicator": "272_holt_winters", "status": "STARTED", "ts": "2026-02-05T19:29:30.851563"}
{"indicator": "273_kalman_filter", "status": "STARTED", "ts": "2026-02-05T19:29:30.857861"}
{"indicator": "274_particle_filter", "status": "STARTED", "ts": "2026-02-05T19:29:30.863626"}
{"indicator": "275_linear_regression_slope", "status": "STARTED", "ts": "2026-02-05T19:29:30.869097"}
{"indicator": "276_candlestick_patterns", "status": "STARTED", "ts": "2026-02-05T19:29:30.874651"}
{"indicator": "277_chart_patterns", "status": "STARTED", "ts": "2026-02-05T19:29:30.880261"}
{"indicator": "278_harmonic_patterns", "status": "STARTED", "ts": "2026-02-05T19:29:30.886119"}
{"indicator": "279_elliott_wave", "status": "STARTED", "ts": "2026-02-05T19:29:30.891959"}
{"indicator": "280_fibonacci_retracements", "status": "STARTED", "ts": "2026-02-05T19:29:30.898323"}
{"indicator": "281_fibonacci_extensions", "status": "STARTED", "ts": "2026-02-05T19:29:30.904307"}
{"indicator": "282_fibonacci_fans", "status": "STARTED", "ts": "2026-02-05T19:29:31.074004"}
{"indicator": "283_fibonacci_arcs", "status": "STARTED", "ts": "2026-02-05T19:29:31.081072"}
{"indicator": "284_fibonacci_time_zones", "status": "STARTED", "ts": "2026-02-05T19:29:31.087235"}
{"indicator": "285_gann_angles", "status": "STARTED", "ts": "2026-02-05T19:29:31.093445"}
{"indicator": "286_gann_square_of_9", "status": "STARTED", "ts": "2026-02-05T19:29:31.100258"}
{"indicator": "287_gann_fans", "status": "STARTED", "ts": "2026-02-05T19:29:31.112273"}
{"indicator": "288_andrews_pitchfork", "status": "STARTED", "ts": "2026-02-05T19:29:31.118254"}
{"indicator": "289_pivot_points_extended", "status": "STARTED", "ts": "2026-02-05T19:29:31.125234"}
{"indicator": "290_support_resistance", "status": "STARTED", "ts": "2026-02-05T19:29:31.131205"}
{"indicator": "291_normal_distribution", "status": "STARTED", "ts": "2026-02-05T19:29:31.136704"}
{"indicator": "292_lognormal_distribution", "status": "STARTED", "ts": "2026-02-05T19:29:31.142371"}
{"indicator": "293_monte_carlo", "status": "STARTED", "ts": "2026-02-05T19:29:31.148016"}
{"indicator": "294_bootstrap_sampling", "status": "STARTED", "ts": "2026-02-05T19:29:31.155335"}
{"indicator": "295_bayesian_inference", "status": "STARTED", "ts": "2026-02-05T19:29:31.161090"}
{"indicator": "296_confidence_intervals", "status": "STARTED", "ts": "2026-02-05T19:29:31.166897"}
{"indicator": "297_hypothesis_testing", "status": "STARTED", "ts": "2026-02-05T19:29:31.172877"}
{"indicator": "298_pvalue_calculator", "status": "STARTED", "ts": "2026-02-05T19:29:31.178969"}
{"indicator": "299_statistical_significance", "status": "STARTED", "ts": "2026-02-05T19:29:31.184587"}
{"indicator": "300_probability_distribution", "status": "STARTED", "ts": "2026-02-05T19:29:31.190234"}
{"indicator": "301_bayesian_probability", "status": "STARTED", "ts": "2026-02-05T19:29:31.195813"}
{"indicator": "302_monte_carlo_probability", "status": "STARTED", "ts": "2026-02-05T19:29:31.201413"}
{"indicator": "303_statistical_arbitrage", "status": "STARTED", "ts": "2026-02-05T19:29:31.207121"}
{"indicator": "304_regime_switching", "status": "STARTED", "ts": "2026-02-05T19:29:31.213257"}
{"indicator": "305_adaptive_trend_filter", "status": "STARTED", "ts": "2026-02-05T19:29:31.218987"}
{"indicator": "305_markov_chain", "status": "STARTED", "ts": "2026-02-05T19:29:31.225113"}
{"indicator": "306_gradient_boosting_signal", "status": "STARTED", "ts": "2026-02-05T19:29:31.231469"}
{"indicator": "307_random_forest_ensemble", "status": "STARTED", "ts": "2026-02-05T19:29:31.237061"}
{"indicator": "308_neural_network_prediction", "status": "STARTED", "ts": "2026-02-05T19:29:31.242816"}
{"indicator": "309_lstm_pattern_recognition", "status": "STARTED", "ts": "2026-02-05T19:29:31.248488"}
{"indicator": "310_reinforcement_learning_signal", "status": "STARTED", "ts": "2026-02-05T19:29:31.254737"}
{"indicator": "311_convolutional_pattern", "status": "STARTED", "ts": "2026-02-05T19:29:31.260977"}
{"indicator": "312_attention_mechanism", "status": "STARTED", "ts": "2026-02-05T19:29:31.267074"}
{"indicator": "313_transformer_signal", "status": "STARTED", "ts": "2026-02-05T19:29:31.274987"}
{"indicator": "314_autoencoder_anomaly", "status": "STARTED", "ts": "2026-02-05T19:29:31.291576"}
{"indicator": "315_gan_price_generator", "status": "STARTED", "ts": "2026-02-05T19:29:31.303206"}
{"indicator": "316_xgboost_signal", "status": "STARTED", "ts": "2026-02-05T19:29:31.316182"}
{"indicator": "317_ensemble_voting", "status": "STARTED", "ts": "2026-02-05T19:29:31.330059"}
{"indicator": "318_stacking_ensemble", "status": "STARTED", "ts": "2026-02-05T19:29:31.341627"}
{"indicator": "319_bagging_predictor", "status": "STARTED", "ts": "2026-02-05T19:29:31.353153"}
{"indicator": "320_boosting_cascade", "status": "STARTED", "ts": "2026-02-05T19:29:31.362237"}
{"indicator": "321_automl_optimizer", "status": "STARTED", "ts": "2026-02-05T19:29:31.371357"}
{"indicator": "322_meta_learning", "status": "STARTED", "ts": "2026-02-05T19:29:31.380937"}
{"indicator": "323_transfer_learning", "status": "STARTED", "ts": "2026-02-05T19:29:31.390778"}
{"indicator": "324_few_shot_learning", "status": "STARTED", "ts": "2026-02-05T19:29:31.399576"}
{"indicator": "325_online_learning", "status": "STARTED", "ts": "2026-02-05T19:29:31.405630"}
{"indicator": "326_hybrid_ml_technical", "status": "STARTED", "ts": "2026-02-05T19:29:31.411214"}
{"indicator": "327_adaptive_ensemble", "status": "STARTED", "ts": "2026-02-05T19:29:31.416672"}
{"indicator": "328_multi_model_fusion", "status": "STARTED", "ts": "2026-02-05T19:29:31.422290"}
{"indicator": "329_dynamic_model_selection", "status": "STARTED", "ts": "2026-02-05T19:29:31.428941"}
{"indicator": "330_consensus_aggregator", "status": "STARTED", "ts": "2026-02-05T19:29:31.434707"}
{"indicator": "331_feature_importance_ranker", "status": "STARTED", "ts": "2026-02-05T19:29:31.440137"}
{"indicator": "332_feature_selection_filter", "status": "STARTED", "ts": "2026-02-05T19:29:31.445824"}
{"indicator": "333_feature_interaction", "status": "STARTED", "ts": "2026-02-05T19:29:31.451901"}
{"indicator": "334_polynomial_features", "status": "STARTED", "ts": "2026-02-05T19:29:31.457500"}
{"indicator": "335_feature_engineering_auto", "status": "STARTED", "ts": "2026-02-05T19:29:31.462844"}
{"indicator": "336_pca_signal", "status": "STARTED", "ts": "2026-02-05T19:29:31.468266"}
{"indicator": "337_ica_signal", "status": "STARTED", "ts": "2026-02-05T19:29:31.473622"}
{"indicator": "338_manifold_learning", "status": "STARTED", "ts": "2026-02-05T19:29:31.484354"}
{"indicator": "339_tsne_clustering", "status": "STARTED", "ts": "2026-02-05T19:29:31.491098"}
{"indicator": "340_autoencoder_compression", "status": "STARTED", "ts": "2026-02-05T19:29:31.501353"}
{"indicator": "341_kmeans_clustering", "status": "STARTED", "ts": "2026-02-05T19:29:31.522723"}
{"indicator": "342_dbscan_anomaly", "status": "STARTED", "ts": "2026-02-05T19:29:31.529994"}
{"indicator": "343_hierarchical_clustering", "status": "STARTED", "ts": "2026-02-05T19:29:31.535572"}
{"indicator": "344_gaussian_mixture", "status": "STARTED", "ts": "2026-02-05T19:29:31.540883"}
{"indicator": "345_spectral_clustering", "status": "STARTED", "ts": "2026-02-05T19:29:31.546469"}
{"indicator": "346_arima_forecast", "status": "STARTED", "ts": "2026-02-05T19:29:31.552247"}
{"indicator": "347_exponential_smoothing", "status": "STARTED", "ts": "2026-02-05T19:29:31.558321"}
{"indicator": "348_kalman_filter", "status": "STARTED", "ts": "2026-02-05T19:29:31.564163"}
{"indicator": "349_wavelet_decomposition", "status": "STARTED", "ts": "2026-02-05T19:29:31.569492"}
{"indicator": "350_seasonal_decomposition", "status": "STARTED", "ts": "2026-02-05T19:29:31.575739"}
{"indicator": "351_prophet_forecast", "status": "STARTED", "ts": "2026-02-05T19:29:31.581254"}
{"indicator": "352_garch_volatility", "status": "STARTED", "ts": "2026-02-05T19:29:31.586649"}
{"indicator": "353_var_forecast", "status": "STARTED", "ts": "2026-02-05T19:29:31.592136"}
{"indicator": "354_state_space_model", "status": "STARTED", "ts": "2026-02-05T19:29:31.597693"}
{"indicator": "355_granger_causality", "status": "STARTED", "ts": "2026-02-05T19:29:31.603581"}
{"indicator": "356_cointegration_signal", "status": "STARTED", "ts": "2026-02-05T19:29:31.609188"}
{"indicator": "357_stochastic_process", "status": "STARTED", "ts": "2026-02-05T19:29:31.614657"}
{"indicator": "358_jump_diffusion", "status": "STARTED", "ts": "2026-02-05T19:29:31.620290"}
{"indicator": "359_mean_reversion_speed", "status": "STARTED", "ts": "2026-02-05T19:29:31.626457"}
{"indicator": "360_hurst_exponent", "status": "STARTED", "ts": "2026-02-05T19:29:31.632089"}
{"indicator": "361_isolation_forest", "status": "STARTED", "ts": "2026-02-05T19:29:31.637474"}
{"indicator": "362_local_outlier_factor", "status": "STARTED", "ts": "2026-02-05T19:29:31.643000"}
{"indicator": "363_one_class_svm", "status": "STARTED", "ts": "2026-02-05T19:29:31.648461"}
{"indicator": "364_elliptic_envelope", "status": "STARTED", "ts": "2026-02-05T19:29:31.654298"}
{"indicator": "365_statistical_anomaly", "status": "STARTED", "ts": "2026-02-05T19:29:31.660082"}
{"indicator": "366_candlestick_pattern_ml", "status": "STARTED", "ts": "2026-02-05T19:29:31.666208"}
{"indicator": "367_chart_pattern_detector", "status": "STARTED", "ts": "2026-02-05T19:29:31.671727"}
{"indicator": "368_harmonic_pattern", "status": "STARTED", "ts": "2026-02-05T19:29:31.677234"}
{"indicator": "369_elliott_wave_detector", "status": "STARTED", "ts": "2026-02-05T19:29:31.682919"}
{"indicator": "370_wyckoff_accumulation", "status": "STARTED", "ts": "2026-02-05T19:29:31.688624"}
{"indicator": "371_fourier_transform", "status": "STARTED", "ts": "2026-02-05T19:29:31.694171"}
{"indicator": "372_hilbert_transform", "status": "STARTED", "ts": "2026-02-05T19:29:31.701186"}
{"indicator": "373_bandpass_filter", "status": "STARTED", "ts": "2026-02-05T19:29:31.711475"}
{"indicator": "374_adaptive_filter", "status": "STARTED", "ts": "2026-02-05T19:29:31.718447"}
{"indicator": "375_spectral_analysis", "status": "STARTED", "ts": "2026-02-05T19:29:31.724160"}
{"indicator": "376_shannon_entropy", "status": "STARTED", "ts": "2026-02-05T19:29:31.729684"}
{"indicator": "377_mutual_information", "status": "STARTED", "ts": "2026-02-05T19:29:31.735497"}
{"indicator": "378_transfer_entropy", "status": "STARTED", "ts": "2026-02-05T19:29:31.741094"}
{"indicator": "379_approximate_entropy", "status": "STARTED", "ts": "2026-02-05T19:29:31.746521"}
{"indicator": "380_sample_entropy", "status": "STARTED", "ts": "2026-02-05T19:29:31.752584"}
{"indicator": "381_kolmogorov_complexity", "status": "STARTED", "ts": "2026-02-05T19:29:31.758507"}
{"indicator": "382_lempel_ziv_complexity", "status": "STARTED", "ts": "2026-02-05T19:29:31.765043"}
{"indicator": "383_permutation_entropy", "status": "STARTED", "ts": "2026-02-05T19:29:31.771134"}
{"indicator": "384_multiscale_entropy", "status": "STARTED", "ts": "2026-02-05T19:29:31.777569"}
{"indicator": "385_compression_ratio", "status": "STARTED", "ts": "2026-02-05T19:29:31.782892"}
{"indicator": "386_correlation_network", "status": "STARTED", "ts": "2026-02-05T19:29:31.788256"}
{"indicator": "387_graph_centrality", "status": "STARTED", "ts": "2026-02-05T19:29:31.793526"}
{"indicator": "388_network_topology", "status": "STARTED", "ts": "2026-02-05T19:29:31.799472"}
{"indicator": "389_community_detection", "status": "STARTED", "ts": "2026-02-05T19:29:31.805081"}
{"indicator": "390_pagerank_signal", "status": "STARTED", "ts": "2026-02-05T19:29:31.810619"}
{"indicator": "391_lyapunov_exponent", "status": "STARTED", "ts": "2026-02-05T19:29:31.816670"}
{"indicator": "392_attractor_dimension", "status": "STARTED", "ts": "2026-02-05T19:29:31.822339"}
{"indicator": "393_phase_space_reconstruction", "status": "STARTED", "ts": "2026-02-05T19:29:31.828193"}
{"indicator": "394_bifurcation_detector", "status": "STARTED", "ts": "2026-02-05T19:29:31.833967"}
{"indicator": "395_nonlinear_prediction", "status": "STARTED", "ts": "2026-02-05T19:29:31.839647"}
{"indicator": "396_recurrence_plot", "status": "STARTED", "ts": "2026-02-05T19:29:31.845145"}
{"indicator": "397_recurrence_quantification", "status": "STARTED", "ts": "2026-02-05T19:29:31.851218"}
{"indicator": "398_cross_recurrence", "status": "STARTED", "ts": "2026-02-05T19:29:31.857645"}
{"indicator": "399_diagonal_line_analysis", "status": "STARTED", "ts": "2026-02-05T19:29:31.863331"}
{"indicator": "400_recurrence_time", "status": "STARTED", "ts": "2026-02-05T19:29:31.868965"}
{"indicator": "401_bid_ask_spread", "status": "STARTED", "ts": "2026-02-05T19:29:31.874773"}
{"indicator": "402_order_flow_imbalance", "status": "STARTED", "ts": "2026-02-05T19:29:31.882103"}
{"indicator": "403_market_depth", "status": "STARTED", "ts": "2026-02-05T19:29:31.888691"}
{"indicator": "404_trade_intensity", "status": "STARTED", "ts": "2026-02-05T19:29:31.900595"}
{"indicator": "405_price_impact", "status": "STARTED", "ts": "2026-02-05T19:29:31.910400"}
{"indicator": "406_volume_weighted_spread", "status": "STARTED", "ts": "2026-02-05T19:29:31.917035"}
{"indicator": "407_effective_spread", "status": "STARTED", "ts": "2026-02-05T19:29:31.928674"}
{"indicator": "408_quoted_spread", "status": "STARTED", "ts": "2026-02-05T19:29:31.937417"}
{"indicator": "409_roll_measure", "status": "STARTED", "ts": "2026-02-05T19:29:31.943214"}
{"indicator": "410_amihud_illiquidity", "status": "STARTED", "ts": "2026-02-05T19:29:31.948669"}
{"indicator": "411_volume_synchronized_probability", "status": "STARTED", "ts": "2026-02-05T19:29:31.954435"}
{"indicator": "412_kyle_lambda", "status": "STARTED", "ts": "2026-02-05T19:29:31.960362"}
{"indicator": "413_hasbrouck_information_share", "status": "STARTED", "ts": "2026-02-05T19:29:31.966150"}
{"indicator": "414_adverse_selection", "status": "STARTED", "ts": "2026-02-05T19:29:31.971775"}
{"indicator": "415_inventory_risk", "status": "STARTED", "ts": "2026-02-05T19:29:31.977213"}
{"indicator": "416_market_making_spread", "status": "STARTED", "ts": "2026-02-05T19:29:31.982998"}
{"indicator": "417_execution_shortfall", "status": "STARTED", "ts": "2026-02-05T19:29:31.989219"}
{"indicator": "418_implementation_shortfall", "status": "STARTED", "ts": "2026-02-05T19:29:31.995080"}
{"indicator": "419_arrival_price_benchmark", "status": "STARTED", "ts": "2026-02-05T19:29:32.000722"}
{"indicator": "420_vwap_execution_quality", "status": "STARTED", "ts": "2026-02-05T19:29:32.006327"}
{"indicator": "421_tick_direction", "status": "STARTED", "ts": "2026-02-05T19:29:32.012096"}
{"indicator": "422_tick_rule", "status": "STARTED", "ts": "2026-02-05T19:29:32.017822"}
{"indicator": "423_quote_rule", "status": "STARTED", "ts": "2026-02-05T19:29:32.023539"}
{"indicator": "424_order_book_imbalance", "status": "STARTED", "ts": "2026-02-05T19:29:32.033059"}
{"indicator": "425_order_book_slope", "status": "STARTED", "ts": "2026-02-05T19:29:32.049576"}
{"indicator": "426_limit_order_book_pressure", "status": "STARTED", "ts": "2026-02-05T19:29:32.294140"}
{"indicator": "427_twap_deviation", "status": "STARTED", "ts": "2026-02-05T19:29:32.300189"}
{"indicator": "428_participation_rate", "status": "STARTED", "ts": "2026-02-05T19:29:32.305865"}
{"indicator": "429_urgency_cost", "status": "STARTED", "ts": "2026-02-05T19:29:32.311410"}
{"indicator": "430_latency_arbitrage", "status": "STARTED", "ts": "2026-02-05T19:29:32.316697"}
{"indicator": "431_iceberg_detection", "status": "STARTED", "ts": "2026-02-05T19:29:32.322020"}
{"indicator": "432_pov_algorithm", "status": "STARTED", "ts": "2026-02-05T19:29:32.327471"}
{"indicator": "433_smart_order_routing", "status": "STARTED", "ts": "2026-02-05T19:29:32.332734"}
{"indicator": "434_dark_pool_indicator", "status": "STARTED", "ts": "2026-02-05T19:29:32.338572"}
{"indicator": "435_algo_detection", "status": "STARTED", "ts": "2026-02-05T19:29:32.344621"}
{"indicator": "436_iceberg_detection", "status": "STARTED", "ts": "2026-02-05T19:29:32.350248"}
{"indicator": "437_pov_algorithm", "status": "STARTED", "ts": "2026-02-05T19:29:32.355600"}
{"indicator": "438_smart_order_routing", "status": "STARTED", "ts": "2026-02-05T19:29:32.361160"}
{"indicator": "439_dark_pool_activity", "status": "STARTED", "ts": "2026-02-05T19:29:32.366929"}
{"indicator": "440_algo_trading_detection", "status": "STARTED", "ts": "2026-02-05T19:29:32.372403"}
{"indicator": "441_market_maker_inventory", "status": "STARTED", "ts": "2026-02-05T19:29:32.377878"}
{"indicator": "442_quote_stuffing", "status": "STARTED", "ts": "2026-02-05T19:29:32.383277"}
{"indicator": "443_spoofing_detection", "status": "STARTED", "ts": "2026-02-05T19:29:32.388523"}
{"indicator": "444_wash_trading", "status": "STARTED", "ts": "2026-02-05T19:29:32.393860"}
{"indicator": "445_front_running", "status": "STARTED", "ts": "2026-02-05T19:29:32.399976"}
{"indicator": "446_momentum_ignition", "status": "STARTED", "ts": "2026-02-05T19:29:32.405511"}
{"indicator": "447_pump_dump", "status": "STARTED", "ts": "2026-02-05T19:29:32.411333"}
{"indicator": "448_liquidity_hunting", "status": "STARTED", "ts": "2026-02-05T19:29:32.417397"}
{"indicator": "449_order_anticipation", "status": "STARTED", "ts": "2026-02-05T19:29:32.423043"}
{"indicator": "450_hft_toxicity", "status": "STARTED", "ts": "2026-02-05T19:29:32.429121"}
{"indicator": "451_market_quality_index", "status": "STARTED", "ts": "2026-02-05T19:29:32.434614"}
{"indicator": "452_microstructure_noise", "status": "STARTED", "ts": "2026-02-05T19:29:32.440593"}
{"indicator": "453_effective_tick_size", "status": "STARTED", "ts": "2026-02-05T19:29:32.446631"}
{"indicator": "454_realized_volatility_signature", "status": "STARTED", "ts": "2026-02-05T19:29:32.452979"}
{"indicator": "455_price_discovery", "status": "STARTED", "ts": "2026-02-05T19:29:32.459553"}
{"indicator": "456_pin_risk", "status": "STARTED", "ts": "2026-02-05T19:29:32.465349"}
{"indicator": "457_market_resilience", "status": "STARTED", "ts": "2026-02-05T19:29:32.471302"}
{"indicator": "458_trade_duration", "status": "STARTED", "ts": "2026-02-05T19:29:32.477015"}
{"indicator": "459_market_fragmentation", "status": "STARTED", "ts": "2026-02-05T19:29:32.482628"}
{"indicator": "460_execution_probability", "status": "STARTED", "ts": "2026-02-05T19:29:32.487998"}
{"indicator": "461_order_flow_toxicity", "status": "STARTED", "ts": "2026-02-05T19:29:32.493418"}
{"indicator": "462_market_making_profitability", "status": "STARTED", "ts": "2026-02-05T19:29:32.499480"}
{"indicator": "463_queue_position", "status": "STARTED", "ts": "2026-02-05T19:29:32.505434"}
{"indicator": "464_liquidity_provision_score", "status": "STARTED", "ts": "2026-02-05T19:29:32.511632"}
{"indicator": "465_execution_slippage", "status": "STARTED", "ts": "2026-02-05T19:29:32.517173"}
{"indicator": "466_transaction_cost_analysis", "status": "STARTED", "ts": "2026-02-05T19:29:32.522873"}
{"indicator": "467_best_execution", "status": "STARTED", "ts": "2026-02-05T19:29:32.528725"}
{"indicator": "468_venue_selection", "status": "STARTED", "ts": "2026-02-05T19:29:32.534705"}
{"indicator": "469_order_book_dynamics", "status": "STARTED", "ts": "2026-02-05T19:29:32.540500"}
{"indicator": "470_high_frequency_momentum", "status": "STARTED", "ts": "2026-02-05T19:29:32.546295"}
{"indicator": "471_market_impact_model", "status": "STARTED", "ts": "2026-02-05T19:29:32.552352"}
{"indicator": "472_optimal_execution_horizon", "status": "STARTED", "ts": "2026-02-05T19:29:32.558776"}
{"indicator": "473_trade_aggressiveness", "status": "STARTED", "ts": "2026-02-05T19:29:32.564096"}
{"indicator": "474_smart_money_flow", "status": "STARTED", "ts": "2026-02-05T19:29:32.569429"}
{"indicator": "475_market_microstructure_invariance", "status": "STARTED", "ts": "2026-02-05T19:29:32.574694"}
{"indicator": "476_liquidity_shock", "status": "STARTED", "ts": "2026-02-05T19:29:32.583798"}
{"indicator": "477_order_flow_persistence", "status": "STARTED", "ts": "2026-02-05T19:29:32.589181"}
{"indicator": "478_market_maker_spread_compression", "status": "STARTED", "ts": "2026-02-05T19:29:32.594422"}
{"indicator": "479_execution_quality_score", "status": "STARTED", "ts": "2026-02-05T19:29:32.599879"}
{"indicator": "480_venue_toxicity", "status": "STARTED", "ts": "2026-02-05T19:29:32.607715"}
{"indicator": "481_smart_order_flow_detector", "status": "STARTED", "ts": "2026-02-05T19:29:32.613664"}
{"indicator": "482_market_regime_classifier", "status": "STARTED", "ts": "2026-02-05T19:29:32.619277"}
{"indicator": "483_liquidity_provider_profitability", "status": "STARTED", "ts": "2026-02-05T19:29:32.625982"}
{"indicator": "484_order_book_pressure_asymmetry", "status": "STARTED", "ts": "2026-02-05T19:29:32.631550"}
{"indicator": "485_execution_timing_optimizer", "status": "STARTED", "ts": "2026-02-05T19:29:32.637917"}
{"indicator": "486_volume_profile_analyzer", "status": "STARTED", "ts": "2026-02-05T19:29:32.644965"}
{"indicator": "487_market_depth_imbalance", "status": "STARTED", "ts": "2026-02-05T19:29:32.650783"}
{"indicator": "488_trade_size_distribution", "status": "STARTED", "ts": "2026-02-05T19:29:32.656678"}
{"indicator": "489_price_level_magnetism", "status": "STARTED", "ts": "2026-02-05T19:29:32.662363"}
{"indicator": "490_liquidity_heatmap_score", "status": "STARTED", "ts": "2026-02-05T19:29:32.667805"}
{"indicator": "491_order_flow_velocity", "status": "STARTED", "ts": "2026-02-05T19:29:32.673142"}
{"indicator": "492_market_maker_signal_detection", "status": "STARTED", "ts": "2026-02-05T19:29:32.678493"}
{"indicator": "493_price_action_footprint", "status": "STARTED", "ts": "2026-02-05T19:29:32.683789"}
{"indicator": "494_institutional_order_detection", "status": "STARTED", "ts": "2026-02-05T19:29:32.689030"}
{"indicator": "495_microstructure_alpha_score", "status": "STARTED", "ts": "2026-02-05T19:29:32.694262"}
{"indicator": "496_advanced_order_flow_composite", "status": "STARTED", "ts": "2026-02-05T19:29:32.699643"}
{"indicator": "497_market_efficiency_score", "status": "STARTED", "ts": "2026-02-05T19:29:32.705301"}
{"indicator": "498_liquidity_cycle_detector", "status": "STARTED", "ts": "2026-02-05T19:29:32.712354"}
{"indicator": "499_execution_alpha_generator", "status": "STARTED", "ts": "2026-02-05T19:29:32.718119"}
{"indicator": "500_ultimate_microstructure_indicator", "status": "STARTED", "ts": "2026-02-05T19:29:32.723393"}
{"indicator": "501_fractal_dimension", "status": "STARTED", "ts": "2026-02-05T19:29:32.728705"}
{"indicator": "502_chaos_theory_signal", "status": "STARTED", "ts": "2026-02-05T19:29:32.733965"}
{"indicator": "503_strange_attractor_detector", "status": "STARTED", "ts": "2026-02-05T19:29:32.739401"}
{"indicator": "504_fractal_breakout", "status": "STARTED", "ts": "2026-02-05T19:29:32.744707"}
{"indicator": "505_nonlinear_dynamics_score", "status": "STARTED", "ts": "2026-02-05T19:29:32.750020"}
{"indicator": "506_bifurcation_point_detector", "status": "STARTED", "ts": "2026-02-05T19:29:32.755321"}
{"indicator": "507_phase_space_trajectory", "status": "STARTED", "ts": "2026-02-05T19:29:32.761289"}
{"indicator": "508_recurrence_quantification", "status": "STARTED", "ts": "2026-02-05T19:29:32.766886"}
{"indicator": "509_multifractal_spectrum", "status": "STARTED", "ts": "2026-02-05T19:29:32.772540"}
{"indicator": "510_chaos_order_transition", "status": "STARTED", "ts": "2026-02-05T19:29:32.778850"}
{"indicator": "511_social_sentiment_analyzer", "status": "STARTED", "ts": "2026-02-05T19:29:32.784142"}
{"indicator": "512_news_impact_score", "status": "STARTED", "ts": "2026-02-05T19:29:32.789457"}
{"indicator": "513_market_fear_greed_index", "status": "STARTED", "ts": "2026-02-05T19:29:32.794735"}
{"indicator": "514_alternative_data_composite", "status": "STARTED", "ts": "2026-02-05T19:29:32.800025"}
{"indicator": "515_behavioral_bias_detector", "status": "STARTED", "ts": "2026-02-05T19:29:32.805223"}
{"indicator": "516_quantum_superposition", "status": "STARTED", "ts": "2026-02-05T19:29:32.810468"}
{"indicator": "517_quantum_entanglement_detector", "status": "STARTED", "ts": "2026-02-05T19:29:32.815879"}
{"indicator": "518_wave_function_collapse", "status": "STARTED", "ts": "2026-02-05T19:29:32.821219"}
{"indicator": "519_quantum_tunneling_breakout", "status": "STARTED", "ts": "2026-02-05T19:29:32.826791"}
{"indicator": "520_quantum_probability_field", "status": "STARTED", "ts": "2026-02-05T19:29:32.832117"}
{"indicator": "521_market_network_centrality", "status": "STARTED", "ts": "2026-02-05T19:29:32.837718"}
{"indicator": "522_price_graph_connectivity", "status": "STARTED", "ts": "2026-02-05T19:29:32.843227"}
{"indicator": "523_network_clustering_coefficient", "status": "STARTED", "ts": "2026-02-05T19:29:32.848753"}
{"indicator": "524_graph_community_detection", "status": "STARTED", "ts": "2026-02-05T19:29:32.854130"}
{"indicator": "525_network_flow_analysis", "status": "STARTED", "ts": "2026-02-05T19:29:32.860001"}
{"indicator": "526_adversarial_learning_detector", "status": "STARTED", "ts": "2026-02-05T19:29:32.865995"}
{"indicator": "527_generative_model_signal", "status": "STARTED", "ts": "2026-02-05T19:29:32.871875"}
{"indicator": "528_contrastive_learning_indicator", "status": "STARTED", "ts": "2026-02-05T19:29:32.877834"}
{"indicator": "529_self_supervised_pattern", "status": "STARTED", "ts": "2026-02-05T19:29:32.883328"}
{"indicator": "530_federated_learning_composite", "status": "STARTED", "ts": "2026-02-05T19:29:32.888752"}
{"indicator": "531_pairs_trading_cointegration", "status": "STARTED", "ts": "2026-02-05T19:29:32.894194"}
{"indicator": "532_statistical_arbitrage_signal", "status": "STARTED", "ts": "2026-02-05T19:29:32.911843"}
{"indicator": "533_market_neutral_strategy", "status": "STARTED", "ts": "2026-02-05T19:29:32.929492"}
{"indicator": "534_long_short_equity_indicator", "status": "STARTED", "ts": "2026-02-05T19:29:32.937671"}
{"indicator": "535_factor_timing_model", "status": "STARTED", "ts": "2026-02-05T19:29:32.944951"}
{"indicator": "536_multi_strategy_fusion", "status": "STARTED", "ts": "2026-02-05T19:29:32.961739"}
{"indicator": "537_adaptive_regime_composite", "status": "STARTED", "ts": "2026-02-05T19:29:32.970718"}
{"indicator": "538_meta_learning_ensemble", "status": "STARTED", "ts": "2026-02-05T19:29:32.976439"}
{"indicator": "539_dynamic_portfolio_optimizer", "status": "STARTED", "ts": "2026-02-05T19:29:32.982114"}
{"indicator": "540_ultimate_alpha_generator", "status": "STARTED", "ts": "2026-02-05T19:29:32.987952"}
{"indicator": "541_risk_parity_allocator", "status": "STARTED", "ts": "2026-02-05T19:29:32.993364"}
{"indicator": "542_volatility_targeting_strategy", "status": "STARTED", "ts": "2026-02-05T19:29:32.998862"}
{"indicator": "543_tail_risk_hedging_signal", "status": "STARTED", "ts": "2026-02-05T19:29:33.004376"}
{"indicator": "544_black_swan_detector", "status": "STARTED", "ts": "2026-02-05T19:29:33.010079"}
{"indicator": "545_crisis_alpha_generator", "status": "STARTED", "ts": "2026-02-05T19:29:33.015599"}
{"indicator": "546_sentiment_momentum_fusion", "status": "STARTED", "ts": "2026-02-05T19:29:33.021182"}
{"indicator": "547_cross_asset_correlation_signal", "status": "STARTED", "ts": "2026-02-05T19:29:33.026841"}
{"indicator": "548_macro_economic_indicator", "status": "STARTED", "ts": "2026-02-05T19:29:33.032548"}
{"indicator": "549_intermarket_analysis_composite", "status": "STARTED", "ts": "2026-02-05T19:29:33.038598"}
{"indicator": "550_global_risk_appetite_index", "status": "STARTED", "ts": "2026-02-05T19:29:33.044046"}
{"indicator": "551_adaptive_intelligence_system", "status": "STARTED", "ts": "2026-02-05T19:29:33.050851"}
{"indicator": "552_market_dna_analyzer", "status": "STARTED", "ts": "2026-02-05T19:29:33.057167"}
{"indicator": "553_predictive_pattern_engine", "status": "STARTED", "ts": "2026-02-05T19:29:33.063028"}
{"indicator": "554_quantum_market_state", "status": "STARTED", "ts": "2026-02-05T19:29:33.072683"}
{"indicator": "555_neural_alpha_extractor", "status": "STARTED", "ts": "2026-02-05T19:29:33.088362"}
{"indicator": "561_cognitive_market_intelligence", "status": "STARTED", "ts": "2026-02-05T19:29:33.101352"}
{"indicator": "562_holistic_market_synthesizer", "status": "STARTED", "ts": "2026-02-05T19:29:33.125498"}
{"indicator": "563_transcendent_alpha_engine", "status": "STARTED", "ts": "2026-02-05T19:29:33.145825"}
{"indicator": "564_omniscient_market_oracle", "status": "STARTED", "ts": "2026-02-05T19:29:33.160790"}
{"indicator": "565_ultimate_convergence_master", "status": "STARTED", "ts": "2026-02-05T19:29:33.172673"}
{"indicator": "566_quantum_consciousness_field", "status": "STARTED", "ts": "2026-02-05T19:29:33.179635"}
{"indicator": "567_hyperdimensional_market_mapper", "status": "STARTED", "ts": "2026-02-05T19:29:33.186182"}
{"indicator": "568_evolutionary_market_genome", "status": "STARTED", "ts": "2026-02-05T19:29:33.192010"}
{"indicator": "569_neural_plasticity_indicator", "status": "STARTED", "ts": "2026-02-05T19:29:33.199428"}
{"indicator": "570_cosmic_market_resonance", "status": "STARTED", "ts": "2026-02-05T19:29:33.204912"}
{"indicator": "571_singularity_convergence_detector", "status": "STARTED", "ts": "2026-02-05T19:29:33.210450"}
{"indicator": "572_infinite_wisdom_aggregator", "status": "STARTED", "ts": "2026-02-05T19:29:33.216440"}
{"indicator": "573_universal_truth_extractor", "status": "STARTED", "ts": "2026-02-05T19:29:33.223213"}
{"indicator": "574_absolute_certainty_engine", "status": "STARTED", "ts": "2026-02-05T19:29:33.229583"}
{"indicator": "575_omnipotent_market_force", "status": "STARTED", "ts": "2026-02-05T19:29:33.236143"}
{"indicator": "576_eternal_market_equilibrium", "status": "STARTED", "ts": "2026-02-05T19:29:33.417756"}
{"indicator": "577_divine_market_providence", "status": "STARTED", "ts": "2026-02-05T19:29:33.424612"}
{"indicator": "578_supreme_alpha_synthesis", "status": "STARTED", "ts": "2026-02-05T19:29:33.430103"}
{"indicator": "579_ultimate_reality_matrix", "status": "STARTED", "ts": "2026-02-05T19:29:33.435337"}
{"indicator": "580_infinite_perfection_indicator", "status": "STARTED", "ts": "2026-02-05T19:29:33.440801"}
{"indicator": "581_transcendental_market_vision", "status": "STARTED", "ts": "2026-02-05T19:29:33.446296"}
{"indicator": "582_primordial_chaos_order", "status": "STARTED", "ts": "2026-02-05T19:29:33.451841"}
{"indicator": "583_celestial_harmony_detector", "status": "STARTED", "ts": "2026-02-05T19:29:33.457308"}
{"indicator": "584_metaphysical_momentum_engine", "status": "STARTED", "ts": "2026-02-05T19:29:33.463233"}
{"indicator": "585_zenith_alpha_culmination", "status": "STARTED", "ts": "2026-02-05T19:29:33.469780"}
{"indicator": "586_omniversal_intelligence_core", "status": "STARTED", "ts": "2026-02-05T19:29:33.475591"}
{"indicator": "587_master_synthesis_nexus", "status": "STARTED", "ts": "2026-02-05T19:29:33.482000"}
{"indicator": "588_absolute_dominance_indicator", "status": "STARTED", "ts": "2026-02-05T19:29:33.487647"}
{"indicator": "589_infinite_intelligence_nexus", "status": "STARTED", "ts": "2026-02-05T19:29:33.493135"}
{"indicator": "590_grand_unification_theory", "status": "STARTED", "ts": "2026-02-05T19:29:33.498733"}
{"indicator": "591_ultimate_enlightenment_engine", "status": "STARTED", "ts": "2026-02-05T19:29:33.504767"}
{"indicator": "592_supreme_mastery_indicator", "status": "STARTED", "ts": "2026-02-05T19:29:33.511444"}
{"indicator": "593_infinite_potential_maximizer", "status": "STARTED", "ts": "2026-02-05T19:29:33.517692"}
{"indicator": "594_omniscient_prediction_oracle", "status": "STARTED", "ts": "2026-02-05T19:29:33.523767"}
{"indicator": "595_ultimate_convergence_singularity", "status": "STARTED", "ts": "2026-02-05T19:29:33.529283"}
{"indicator": "596_apex_alpha_supremacy", "status": "STARTED", "ts": "2026-02-05T19:29:33.534677"}
{"indicator": "597_transcendent_wisdom_culmination", "status": "STARTED", "ts": "2026-02-05T19:29:33.540279"}
{"indicator": "598_eternal_alpha_genesis", "status": "STARTED", "ts": "2026-02-05T19:29:33.545766"}
{"indicator": "599_cosmic_perfection_synthesis", "status": "STARTED", "ts": "2026-02-05T19:29:33.551164"}
{"indicator": "600_the_ultimate_master_indicator", "status": "STARTED", "ts": "2026-02-05T19:29:33.556825"}
